[ 2015-12-07T23:25:03+08:00 ] ::1 /bk/Application/Admin/Public/images/56658be8972e8.jpg
INFO: [ app_init ] --START--
INFO: Run Behavior\BuildLiteBehavior [ RunTime:0.000034s ]
INFO: [ app_init ] --END-- [ RunTime:0.001748s ]
ERR: 无法加载模块:Application

[ 2015-12-07T23:25:03+08:00 ] ::1 /bk/Application/Admin/Public/images/56658be895b48.jpg
INFO: [ app_init ] --START--
INFO: Run Behavior\BuildLiteBehavior [ RunTime:0.000036s ]
INFO: [ app_init ] --END-- [ RunTime:0.001272s ]
ERR: 无法加载模块:Application

[ 2015-12-07T23:26:05+08:00 ] ::1 /bk/Application/Admin/Public/Uploads/56658be8972e8.jpg
INFO: [ app_init ] --START--
INFO: Run Behavior\BuildLiteBehavior [ RunTime:0.000030s ]
INFO: [ app_init ] --END-- [ RunTime:0.001597s ]
ERR: 无法加载模块:Application

[ 2015-12-07T23:26:05+08:00 ] ::1 /bk/Application/Admin/Public/Uploads/56658be895b48.jpg
INFO: [ app_init ] --START--
INFO: Run Behavior\BuildLiteBehavior [ RunTime:0.000031s ]
INFO: [ app_init ] --END-- [ RunTime:0.001569s ]
ERR: 无法加载模块:Application

