[ 2015-12-02T09:14:42+08:00 ] ::1 /bk/Admin/Oper/doLogin
INFO: [ app_init ] --START--
INFO: Run Behavior\BuildLiteBehavior [ RunTime:0.000043s ]
INFO: [ app_init ] --END-- [ RunTime:0.123100s ]
INFO: [ app_begin ] --START--
INFO: Run Behavior\ReadHtmlCacheBehavior [ RunTime:0.071782s ]
INFO: [ app_begin ] --END-- [ RunTime:0.071970s ]
NOTIC: [2048] Declaration of Admin\Controller\OperController::show() should be compatible with Think\Controller::show($content, $charset = '', $contentType = '', $prefix = '') E:\xampp\htdocs\bk\Application\Admin\Controller\OperController.class.php Á¨¨ 32 Ë°å.
ERR: SQLSTATE[HY000] [2002] ”…”⁄¡¨Ω”∑Ω‘⁄“ª∂Œ ±º‰∫Û√ª”–’˝»∑¥∏¥ªÚ¡¨Ω”µƒ÷˜ª˙√ª”–∑¥”¶£¨¡¨Ω”≥¢ ‘ ß∞‹°£


[ 2015-12-02T09:31:43+08:00 ] ::1 /bk/Admin/Oper/login
INFO: [ app_init ] --START--
INFO: Run Behavior\BuildLiteBehavior [ RunTime:0.000020s ]
INFO: [ app_init ] --END-- [ RunTime:0.000507s ]
INFO: [ app_begin ] --START--
INFO: Run Behavior\ReadHtmlCacheBehavior [ RunTime:0.000868s ]
INFO: [ app_begin ] --END-- [ RunTime:0.000952s ]
NOTIC: [2048] Declaration of Admin\Controller\OperController::show() should be compatible with Think\Controller::show($content, $charset = '', $contentType = '', $prefix = '') E:\xampp\htdocs\bk\Application\Admin\Controller\OperController.class.php Á¨¨ 32 Ë°å.
INFO: [ view_parse ] --START--
INFO: [ template_filter ] --START--
INFO: Run Behavior\ContentReplaceBehavior [ RunTime:0.006483s ]
INFO: [ template_filter ] --END-- [ RunTime:0.006647s ]
INFO: Run Behavior\ParseTemplateBehavior [ RunTime:0.099673s ]
INFO: [ view_parse ] --END-- [ RunTime:0.099805s ]
INFO: [ view_filter ] --START--
INFO: Run Behavior\WriteHtmlCacheBehavior [ RunTime:0.009410s ]
INFO: [ view_filter ] --END-- [ RunTime:0.009522s ]
INFO: [ app_end ] --START--
INFO: Run Behavior\ShowPageTraceBehavior [ RunTime:0.004472s ]
INFO: [ app_end ] --END-- [ RunTime:0.004598s ]

[ 2015-12-02T09:31:46+08:00 ] ::1 /bk/Admin/Oper/doLogin
INFO: [ app_init ] --START--
INFO: Run Behavior\BuildLiteBehavior [ RunTime:0.000025s ]
INFO: [ app_init ] --END-- [ RunTime:0.000609s ]
INFO: [ app_begin ] --START--
INFO: Run Behavior\ReadHtmlCacheBehavior [ RunTime:0.000784s ]
INFO: [ app_begin ] --END-- [ RunTime:0.000883s ]
NOTIC: [2048] Declaration of Admin\Controller\OperController::show() should be compatible with Think\Controller::show($content, $charset = '', $contentType = '', $prefix = '') E:\xampp\htdocs\bk\Application\Admin\Controller\OperController.class.php Á¨¨ 32 Ë°å.
SQL: SHOW COLUMNS FROM `bk_user` [ RunTime:0.0703s ]
SQL: SHOW COLUMNS FROM `bk_user` [ RunTime:0.0862s ]
SQL: SELECT * FROM `bk_user` WHERE ( username='admin' )  [ RunTime:0.1053s ]
SQL: UPDATE `bk_user` SET `username`='admin',`password`='e10adc3949ba59abbe56e057f20f883e',`time_update`='1449019906',`token`='46E2B0A6-0653-3049-2531-C6C77478ACA0' WHERE `id` = 1 [ RunTime:0.2228s ]

[ 2015-12-02T09:31:47+08:00 ] ::1 /bk/Admin/Page/pageIndex/token/46E2B0A6-0653-3049-2531-C6C77478ACA0.html
INFO: [ app_init ] --START--
INFO: Run Behavior\BuildLiteBehavior [ RunTime:0.000034s ]
INFO: [ app_init ] --END-- [ RunTime:0.000861s ]
INFO: [ app_begin ] --START--
INFO: Run Behavior\ReadHtmlCacheBehavior [ RunTime:0.000806s ]
INFO: [ app_begin ] --END-- [ RunTime:0.000904s ]
SQL: SHOW COLUMNS FROM `bk_user` [ RunTime:0.1359s ]
SQL: SHOW COLUMNS FROM `bk_user` [ RunTime:0.1049s ]
SQL: SELECT * FROM `bk_user` WHERE ( token='46E2B0A6-0653-3049-2531-C6C77478ACA0' )  [ RunTime:0.1506s ]
INFO: [ view_parse ] --START--
INFO: [ template_filter ] --START--
INFO: Run Behavior\ContentReplaceBehavior [ RunTime:0.000090s ]
INFO: [ template_filter ] --END-- [ RunTime:0.000199s ]
INFO: Run Behavior\ParseTemplateBehavior [ RunTime:0.026459s ]
INFO: [ view_parse ] --END-- [ RunTime:0.026599s ]
INFO: [ view_filter ] --START--
INFO: Run Behavior\WriteHtmlCacheBehavior [ RunTime:0.000396s ]
INFO: [ view_filter ] --END-- [ RunTime:0.000474s ]
INFO: [ app_end ] --START--
INFO: Run Behavior\ShowPageTraceBehavior [ RunTime:0.000828s ]
INFO: [ app_end ] --END-- [ RunTime:0.000909s ]

[ 2015-12-02T09:31:48+08:00 ] ::1 /bk/Admin/Oper/show/token/46E2B0A6-0653-3049-2531-C6C77478ACA0
INFO: [ app_init ] --START--
INFO: Run Behavior\BuildLiteBehavior [ RunTime:0.000026s ]
INFO: [ app_init ] --END-- [ RunTime:0.000615s ]
INFO: [ app_begin ] --START--
INFO: Run Behavior\ReadHtmlCacheBehavior [ RunTime:0.000787s ]
INFO: [ app_begin ] --END-- [ RunTime:0.000879s ]
NOTIC: [2048] Declaration of Admin\Controller\OperController::show() should be compatible with Think\Controller::show($content, $charset = '', $contentType = '', $prefix = '') E:\xampp\htdocs\bk\Application\Admin\Controller\OperController.class.php Á¨¨ 32 Ë°å.
INFO: [ view_parse ] --START--
INFO: [ template_filter ] --START--
INFO: Run Behavior\ContentReplaceBehavior [ RunTime:0.000081s ]
INFO: [ template_filter ] --END-- [ RunTime:0.000193s ]
NOTIC: [8] Undefined variable: user E:\xampp\htdocs\bk\Application\Runtime\Cache\Admin\5991aa64e2aaaa78ddd9fdf561aed954.php Á¨¨ 19 Ë°å.
INFO: Run Behavior\ParseTemplateBehavior [ RunTime:0.089488s ]
INFO: [ view_parse ] --END-- [ RunTime:0.089592s ]
INFO: [ view_filter ] --START--
INFO: Run Behavior\WriteHtmlCacheBehavior [ RunTime:0.000424s ]
INFO: [ view_filter ] --END-- [ RunTime:0.000501s ]
INFO: [ app_end ] --START--
INFO: Run Behavior\ShowPageTraceBehavior [ RunTime:0.000831s ]
INFO: [ app_end ] --END-- [ RunTime:0.000910s ]

[ 2015-12-02T09:31:51+08:00 ] ::1 /bk/Admin/Team/teamInfo/token/46E2B0A6-0653-3049-2531-C6C77478ACA0
INFO: [ app_init ] --START--
INFO: Run Behavior\BuildLiteBehavior [ RunTime:0.000012s ]
INFO: [ app_init ] --END-- [ RunTime:0.000291s ]
INFO: [ app_begin ] --START--
INFO: Run Behavior\ReadHtmlCacheBehavior [ RunTime:0.000364s ]
INFO: [ app_begin ] --END-- [ RunTime:0.000408s ]
SQL: SHOW COLUMNS FROM `bk_user` [ RunTime:0.0420s ]
SQL: SHOW COLUMNS FROM `bk_user` [ RunTime:0.0567s ]
SQL: SELECT * FROM `bk_user` WHERE ( token='46E2B0A6-0653-3049-2531-C6C77478ACA0' )  [ RunTime:0.0654s ]
SQL: SHOW COLUMNS FROM `bk_team` [ RunTime:0.0894s ]
SQL: SHOW COLUMNS FROM `bk_team` [ RunTime:0.0662s ]
SQL: SELECT * FROM `bk_team`  [ RunTime:0.0750s ]
INFO: [ view_parse ] --START--
INFO: [ template_filter ] --START--
INFO: Run Behavior\ContentReplaceBehavior [ RunTime:0.000089s ]
INFO: [ template_filter ] --END-- [ RunTime:0.000198s ]
NOTIC: [8] Undefined variable: user E:\xampp\htdocs\bk\Application\Runtime\Cache\Admin\7c91a8daf37b35b9ad1ec0065300239b.php Á¨¨ 19 Ë°å.
INFO: Run Behavior\ParseTemplateBehavior [ RunTime:0.071462s ]
INFO: [ view_parse ] --END-- [ RunTime:0.071613s ]
INFO: [ view_filter ] --START--
INFO: Run Behavior\WriteHtmlCacheBehavior [ RunTime:0.000501s ]
INFO: [ view_filter ] --END-- [ RunTime:0.000611s ]
INFO: [ app_end ] --START--
INFO: Run Behavior\ShowPageTraceBehavior [ RunTime:0.000850s ]
INFO: [ app_end ] --END-- [ RunTime:0.000945s ]

[ 2015-12-02T09:31:57+08:00 ] ::1 /bk/Admin/Team/addTeamPage/token/46E2B0A6-0653-3049-2531-C6C77478ACA0
INFO: [ app_init ] --START--
INFO: Run Behavior\BuildLiteBehavior [ RunTime:0.000013s ]
INFO: [ app_init ] --END-- [ RunTime:0.000283s ]
INFO: [ app_begin ] --START--
INFO: Run Behavior\ReadHtmlCacheBehavior [ RunTime:0.000384s ]
INFO: [ app_begin ] --END-- [ RunTime:0.000439s ]
SQL: SHOW COLUMNS FROM `bk_user` [ RunTime:0.0726s ]
SQL: SHOW COLUMNS FROM `bk_user` [ RunTime:0.0700s ]
SQL: SELECT * FROM `bk_user` WHERE ( token='46E2B0A6-0653-3049-2531-C6C77478ACA0' )  [ RunTime:0.0734s ]
INFO: [ view_parse ] --START--
INFO: [ template_filter ] --START--
INFO: Run Behavior\ContentReplaceBehavior [ RunTime:0.000131s ]
INFO: [ template_filter ] --END-- [ RunTime:0.000328s ]
INFO: Run Behavior\ParseTemplateBehavior [ RunTime:0.124357s ]
INFO: [ view_parse ] --END-- [ RunTime:0.124497s ]
INFO: [ view_filter ] --START--
INFO: Run Behavior\WriteHtmlCacheBehavior [ RunTime:0.000473s ]
INFO: [ view_filter ] --END-- [ RunTime:0.000554s ]
INFO: [ app_end ] --START--
INFO: Run Behavior\ShowPageTraceBehavior [ RunTime:0.000908s ]
INFO: [ app_end ] --END-- [ RunTime:0.001013s ]

[ 2015-12-02T09:32:37+08:00 ] ::1 /bk/Admin/Team/addTeam/token/46E2B0A6-0653-3049-2531-C6C77478ACA0?leaderName=%E9%97%B0%E5%9C%9F&leaderPos=%E9%80%86%E6%88%98%E4%BB%A3%E8%A8%80%E4%BA%BA&leaderIntro=56%E4%B8%AA%E9%97%B0%E5%9C%9F%EF%BC%8C56%E5%8F%AA%E7%8C%B9...
INFO: [ app_init ] --START--
INFO: Run Behavior\BuildLiteBehavior [ RunTime:0.000021s ]
INFO: [ app_init ] --END-- [ RunTime:0.000405s ]
INFO: [ app_begin ] --START--
INFO: Run Behavior\ReadHtmlCacheBehavior [ RunTime:0.001266s ]
INFO: [ app_begin ] --END-- [ RunTime:0.001407s ]
SQL: SHOW COLUMNS FROM `bk_user` [ RunTime:0.0788s ]
SQL: SHOW COLUMNS FROM `bk_user` [ RunTime:0.0887s ]
SQL: SELECT * FROM `bk_user` WHERE ( token='46E2B0A6-0653-3049-2531-C6C77478ACA0' )  [ RunTime:0.0822s ]
SQL: SHOW COLUMNS FROM `bk_team` [ RunTime:0.1050s ]
SQL: SHOW COLUMNS FROM `bk_team` [ RunTime:0.1056s ]
SQL: INSERT INTO `bk_team` (`name`,`position`,`header`,`intro`) VALUES ('Èó∞Âúü','ÈÄÜÊàò‰ª£Ë®Ä‰∫∫','','56‰∏™Èó∞ÂúüÔºå56Âè™Áåπ...') [ RunTime:0.1474s ]
NOTIC: [8] Use of undefined constant success - assumed 'success' E:\xampp\htdocs\bk\Application\Admin\Model\TeamModel.class.php Á¨¨ 20 Ë°å.
INFO: [ view_parse ] --START--
INFO: [ template_filter ] --START--
INFO: Run Behavior\ContentReplaceBehavior [ RunTime:0.000089s ]
INFO: [ template_filter ] --END-- [ RunTime:0.000205s ]
INFO: Run Behavior\ParseTemplateBehavior [ RunTime:0.010015s ]
INFO: [ view_parse ] --END-- [ RunTime:0.010132s ]
INFO: [ view_filter ] --START--
INFO: Run Behavior\WriteHtmlCacheBehavior [ RunTime:0.000397s ]
INFO: [ view_filter ] --END-- [ RunTime:0.000472s ]
INFO: [ app_end ] --START--
INFO: Run Behavior\ShowPageTraceBehavior [ RunTime:0.000828s ]
INFO: [ app_end ] --END-- [ RunTime:0.000908s ]

[ 2015-12-02T09:32:39+08:00 ] ::1 /bk/Admin/Team/teamInfo/token/46E2B0A6-0653-3049-2531-C6C77478ACA0
INFO: [ app_init ] --START--
INFO: Run Behavior\BuildLiteBehavior [ RunTime:0.000026s ]
INFO: [ app_init ] --END-- [ RunTime:0.000623s ]
INFO: [ app_begin ] --START--
INFO: Run Behavior\ReadHtmlCacheBehavior [ RunTime:0.000782s ]
INFO: [ app_begin ] --END-- [ RunTime:0.000878s ]
SQL: SHOW COLUMNS FROM `bk_user` [ RunTime:0.0746s ]
SQL: SHOW COLUMNS FROM `bk_user` [ RunTime:0.0893s ]
SQL: SELECT * FROM `bk_user` WHERE ( token='46E2B0A6-0653-3049-2531-C6C77478ACA0' )  [ RunTime:0.1236s ]
SQL: SHOW COLUMNS FROM `bk_team` [ RunTime:0.0840s ]
SQL: SHOW COLUMNS FROM `bk_team` [ RunTime:0.0673s ]
SQL: SELECT * FROM `bk_team`  [ RunTime:0.0797s ]
INFO: [ view_parse ] --START--
INFO: [ template_filter ] --START--
INFO: Run Behavior\ContentReplaceBehavior [ RunTime:0.000086s ]
INFO: [ template_filter ] --END-- [ RunTime:0.000185s ]
NOTIC: [8] Undefined variable: user E:\xampp\htdocs\bk\Application\Runtime\Cache\Admin\7c91a8daf37b35b9ad1ec0065300239b.php Á¨¨ 19 Ë°å.
INFO: Run Behavior\ParseTemplateBehavior [ RunTime:0.013178s ]
INFO: [ view_parse ] --END-- [ RunTime:0.013285s ]
INFO: [ view_filter ] --START--
INFO: Run Behavior\WriteHtmlCacheBehavior [ RunTime:0.000411s ]
INFO: [ view_filter ] --END-- [ RunTime:0.000492s ]
INFO: [ app_end ] --START--
INFO: Run Behavior\ShowPageTraceBehavior [ RunTime:0.000808s ]
INFO: [ app_end ] --END-- [ RunTime:0.000889s ]

[ 2015-12-02T10:11:26+08:00 ] ::1 /bk/Admin/Team/editTeamPage/id/9/token/46E2B0A6-0653-3049-2531-C6C77478ACA0
INFO: [ app_init ] --START--
INFO: Run Behavior\BuildLiteBehavior [ RunTime:0.000016s ]
INFO: [ app_init ] --END-- [ RunTime:0.000472s ]
INFO: [ app_begin ] --START--
INFO: Run Behavior\ReadHtmlCacheBehavior [ RunTime:0.000469s ]
INFO: [ app_begin ] --END-- [ RunTime:0.000516s ]
SQL: SHOW COLUMNS FROM `bk_user` [ RunTime:0.1691s ]
SQL: SHOW COLUMNS FROM `bk_user` [ RunTime:0.1263s ]
SQL: SELECT * FROM `bk_user` WHERE ( token='46E2B0A6-0653-3049-2531-C6C77478ACA0' )  [ RunTime:0.1261s ]
INFO: [ view_parse ] --START--
INFO: [ template_filter ] --START--
INFO: Run Behavior\ContentReplaceBehavior [ RunTime:0.000099s ]
INFO: [ template_filter ] --END-- [ RunTime:0.000197s ]
INFO: Run Behavior\ParseTemplateBehavior [ RunTime:0.011188s ]
INFO: [ view_parse ] --END-- [ RunTime:0.011328s ]
INFO: [ view_filter ] --START--
INFO: Run Behavior\WriteHtmlCacheBehavior [ RunTime:0.000566s ]
INFO: [ view_filter ] --END-- [ RunTime:0.000646s ]

[ 2015-12-02T10:11:28+08:00 ] ::1 /bk/Admin/Oper/login
INFO: [ app_init ] --START--
INFO: Run Behavior\BuildLiteBehavior [ RunTime:0.000026s ]
INFO: [ app_init ] --END-- [ RunTime:0.000615s ]
INFO: [ app_begin ] --START--
INFO: Run Behavior\ReadHtmlCacheBehavior [ RunTime:0.000779s ]
INFO: [ app_begin ] --END-- [ RunTime:0.000875s ]
NOTIC: [2048] Declaration of Admin\Controller\OperController::show() should be compatible with Think\Controller::show($content, $charset = '', $contentType = '', $prefix = '') E:\xampp\htdocs\bk\Application\Admin\Controller\OperController.class.php Á¨¨ 32 Ë°å.
INFO: [ view_parse ] --START--
INFO: [ template_filter ] --START--
INFO: Run Behavior\ContentReplaceBehavior [ RunTime:0.000071s ]
INFO: [ template_filter ] --END-- [ RunTime:0.000179s ]
INFO: Run Behavior\ParseTemplateBehavior [ RunTime:0.009815s ]
INFO: [ view_parse ] --END-- [ RunTime:0.009926s ]
INFO: [ view_filter ] --START--
INFO: Run Behavior\WriteHtmlCacheBehavior [ RunTime:0.000388s ]
INFO: [ view_filter ] --END-- [ RunTime:0.000467s ]
INFO: [ app_end ] --START--
INFO: Run Behavior\ShowPageTraceBehavior [ RunTime:0.000984s ]
INFO: [ app_end ] --END-- [ RunTime:0.001065s ]

[ 2015-12-02T10:11:31+08:00 ] ::1 /bk/Admin/Oper/doLogin
INFO: [ app_init ] --START--
INFO: Run Behavior\BuildLiteBehavior [ RunTime:0.000012s ]
INFO: [ app_init ] --END-- [ RunTime:0.000298s ]
INFO: [ app_begin ] --START--
INFO: Run Behavior\ReadHtmlCacheBehavior [ RunTime:0.000553s ]
INFO: [ app_begin ] --END-- [ RunTime:0.000607s ]
NOTIC: [2048] Declaration of Admin\Controller\OperController::show() should be compatible with Think\Controller::show($content, $charset = '', $contentType = '', $prefix = '') E:\xampp\htdocs\bk\Application\Admin\Controller\OperController.class.php Á¨¨ 32 Ë°å.
SQL: SHOW COLUMNS FROM `bk_user` [ RunTime:0.1758s ]
SQL: SHOW COLUMNS FROM `bk_user` [ RunTime:0.1357s ]
SQL: SELECT * FROM `bk_user` WHERE ( username='admin' )  [ RunTime:0.1713s ]
SQL: UPDATE `bk_user` SET `username`='admin',`password`='e10adc3949ba59abbe56e057f20f883e',`time_update`='1449022291',`token`='2771D60B-0D85-4148-284A-2731E8C5B905' WHERE `id` = 1 [ RunTime:0.5236s ]

[ 2015-12-02T10:11:33+08:00 ] ::1 /bk/Admin/Page/pageIndex/token/2771D60B-0D85-4148-284A-2731E8C5B905.html
INFO: [ app_init ] --START--
INFO: Run Behavior\BuildLiteBehavior [ RunTime:0.000026s ]
INFO: [ app_init ] --END-- [ RunTime:0.000647s ]
INFO: [ app_begin ] --START--
INFO: Run Behavior\ReadHtmlCacheBehavior [ RunTime:0.001036s ]
INFO: [ app_begin ] --END-- [ RunTime:0.001145s ]
SQL: SHOW COLUMNS FROM `bk_user` [ RunTime:0.1178s ]
SQL: SHOW COLUMNS FROM `bk_user` [ RunTime:0.1207s ]
SQL: SELECT * FROM `bk_user` WHERE ( token='2771D60B-0D85-4148-284A-2731E8C5B905' )  [ RunTime:0.1084s ]
INFO: [ view_parse ] --START--
INFO: [ template_filter ] --START--
INFO: Run Behavior\ContentReplaceBehavior [ RunTime:0.000081s ]
INFO: [ template_filter ] --END-- [ RunTime:0.000185s ]
INFO: Run Behavior\ParseTemplateBehavior [ RunTime:0.010229s ]
INFO: [ view_parse ] --END-- [ RunTime:0.010374s ]
INFO: [ view_filter ] --START--
INFO: Run Behavior\WriteHtmlCacheBehavior [ RunTime:0.000415s ]
INFO: [ view_filter ] --END-- [ RunTime:0.000498s ]
INFO: [ app_end ] --START--
INFO: Run Behavior\ShowPageTraceBehavior [ RunTime:0.001077s ]
INFO: [ app_end ] --END-- [ RunTime:0.001187s ]

[ 2015-12-02T10:11:34+08:00 ] ::1 /bk/Admin/Oper/show/token/2771D60B-0D85-4148-284A-2731E8C5B905
INFO: [ app_init ] --START--
INFO: Run Behavior\BuildLiteBehavior [ RunTime:0.000026s ]
INFO: [ app_init ] --END-- [ RunTime:0.000619s ]
INFO: [ app_begin ] --START--
INFO: Run Behavior\ReadHtmlCacheBehavior [ RunTime:0.000785s ]
INFO: [ app_begin ] --END-- [ RunTime:0.000878s ]
NOTIC: [2048] Declaration of Admin\Controller\OperController::show() should be compatible with Think\Controller::show($content, $charset = '', $contentType = '', $prefix = '') E:\xampp\htdocs\bk\Application\Admin\Controller\OperController.class.php Á¨¨ 32 Ë°å.
INFO: [ view_parse ] --START--
INFO: [ template_filter ] --START--
INFO: Run Behavior\ContentReplaceBehavior [ RunTime:0.000079s ]
INFO: [ template_filter ] --END-- [ RunTime:0.000184s ]
NOTIC: [8] Undefined variable: user E:\xampp\htdocs\bk\Application\Runtime\Cache\Admin\5991aa64e2aaaa78ddd9fdf561aed954.php Á¨¨ 19 Ë°å.
INFO: Run Behavior\ParseTemplateBehavior [ RunTime:0.010617s ]
INFO: [ view_parse ] --END-- [ RunTime:0.010711s ]
INFO: [ view_filter ] --START--
INFO: Run Behavior\WriteHtmlCacheBehavior [ RunTime:0.000398s ]
INFO: [ view_filter ] --END-- [ RunTime:0.000474s ]
INFO: [ app_end ] --START--
INFO: Run Behavior\ShowPageTraceBehavior [ RunTime:0.000911s ]
INFO: [ app_end ] --END-- [ RunTime:0.001004s ]

[ 2015-12-02T10:11:37+08:00 ] ::1 /bk/Admin/Team/teamInfo/token/2771D60B-0D85-4148-284A-2731E8C5B905
INFO: [ app_init ] --START--
INFO: Run Behavior\BuildLiteBehavior [ RunTime:0.000013s ]
INFO: [ app_init ] --END-- [ RunTime:0.000289s ]
INFO: [ app_begin ] --START--
INFO: Run Behavior\ReadHtmlCacheBehavior [ RunTime:0.000361s ]
INFO: [ app_begin ] --END-- [ RunTime:0.000406s ]
SQL: SHOW COLUMNS FROM `bk_user` [ RunTime:0.1517s ]
SQL: SHOW COLUMNS FROM `bk_user` [ RunTime:0.1726s ]
SQL: SELECT * FROM `bk_user` WHERE ( token='2771D60B-0D85-4148-284A-2731E8C5B905' )  [ RunTime:0.1003s ]
SQL: SHOW COLUMNS FROM `bk_team` [ RunTime:0.1474s ]
SQL: SHOW COLUMNS FROM `bk_team` [ RunTime:0.1417s ]
SQL: SELECT * FROM `bk_team`  [ RunTime:0.1684s ]
INFO: [ view_parse ] --START--
INFO: [ template_filter ] --START--
INFO: Run Behavior\ContentReplaceBehavior [ RunTime:0.000086s ]
INFO: [ template_filter ] --END-- [ RunTime:0.000188s ]
NOTIC: [8] Undefined variable: user E:\xampp\htdocs\bk\Application\Runtime\Cache\Admin\7c91a8daf37b35b9ad1ec0065300239b.php Á¨¨ 19 Ë°å.
INFO: Run Behavior\ParseTemplateBehavior [ RunTime:0.013753s ]
INFO: [ view_parse ] --END-- [ RunTime:0.013854s ]
INFO: [ view_filter ] --START--
INFO: Run Behavior\WriteHtmlCacheBehavior [ RunTime:0.000404s ]
INFO: [ view_filter ] --END-- [ RunTime:0.000486s ]
INFO: [ app_end ] --START--
INFO: Run Behavior\ShowPageTraceBehavior [ RunTime:0.000807s ]
INFO: [ app_end ] --END-- [ RunTime:0.000887s ]

[ 2015-12-02T10:11:43+08:00 ] ::1 /bk/Admin/Team/editTeamPage/id/17/token/2771D60B-0D85-4148-284A-2731E8C5B905
INFO: [ app_init ] --START--
INFO: Run Behavior\BuildLiteBehavior [ RunTime:0.000014s ]
INFO: [ app_init ] --END-- [ RunTime:0.000300s ]
INFO: [ app_begin ] --START--
INFO: Run Behavior\ReadHtmlCacheBehavior [ RunTime:0.000367s ]
INFO: [ app_begin ] --END-- [ RunTime:0.000412s ]
SQL: SHOW COLUMNS FROM `bk_user` [ RunTime:0.0901s ]
SQL: SHOW COLUMNS FROM `bk_user` [ RunTime:0.3336s ]
SQL: SELECT * FROM `bk_user` WHERE ( token='2771D60B-0D85-4148-284A-2731E8C5B905' )  [ RunTime:0.1604s ]
SQL: SHOW COLUMNS FROM `bk_team` [ RunTime:1.9456s ]
SQL: SHOW COLUMNS FROM `bk_team` [ RunTime:1.2803s ]
SQL: SELECT * FROM `bk_team` WHERE ( id = '17' )  [ RunTime:0.1741s ]
ERR: 1054:Unknown column 'token' in 'where clause'
 [ SQLËØ≠Âè• ] : SELECT `name` FROM `bk_team` WHERE ( token = '2771D60B-0D85-4148-284A-2731E8C5B905' ) LIMIT 1  
ERR: 1054:Unknown column 'token' in 'where clause'
 [ SQLËØ≠Âè• ] : SELECT `name` FROM `bk_team` WHERE ( token = '2771D60B-0D85-4148-284A-2731E8C5B905' ) LIMIT 1  

[ 2015-12-02T10:11:58+08:00 ] ::1 /bk/Admin/Team/addTeamPage/token/2771D60B-0D85-4148-284A-2731E8C5B905
INFO: [ app_init ] --START--
INFO: Run Behavior\BuildLiteBehavior [ RunTime:0.000026s ]
INFO: [ app_init ] --END-- [ RunTime:0.000680s ]
INFO: [ app_begin ] --START--
INFO: Run Behavior\ReadHtmlCacheBehavior [ RunTime:0.001042s ]
INFO: [ app_begin ] --END-- [ RunTime:0.001157s ]
SQL: SHOW COLUMNS FROM `bk_user` [ RunTime:5.7530s ]
SQL: SHOW COLUMNS FROM `bk_user` [ RunTime:1.0268s ]
SQL: SELECT * FROM `bk_user` WHERE ( token='2771D60B-0D85-4148-284A-2731E8C5B905' )  [ RunTime:0.5141s ]
INFO: [ view_parse ] --START--
INFO: [ template_filter ] --START--
INFO: Run Behavior\ContentReplaceBehavior [ RunTime:0.000089s ]
INFO: [ template_filter ] --END-- [ RunTime:0.000223s ]
INFO: Run Behavior\ParseTemplateBehavior [ RunTime:0.014130s ]
INFO: [ view_parse ] --END-- [ RunTime:0.014253s ]
INFO: [ view_filter ] --START--
INFO: Run Behavior\WriteHtmlCacheBehavior [ RunTime:0.000619s ]
INFO: [ view_filter ] --END-- [ RunTime:0.000726s ]
INFO: [ app_end ] --START--
INFO: Run Behavior\ShowPageTraceBehavior [ RunTime:0.000990s ]
INFO: [ app_end ] --END-- [ RunTime:0.001076s ]

[ 2015-12-02T10:12:13+08:00 ] ::1 /bk/Admin/Team/addTeam/token/2771D60B-0D85-4148-284A-2731E8C5B905?leaderName=%E6%B5%8B%E8%AF%95&leaderPos=%E6%B5%8B%E8%AF%95%E8%81%8C%E4%BD%8D&leaderIntro=%E6%B5%8B%E8%AF%95%E7%AE%80%E4%BB%8B
INFO: [ app_init ] --START--
INFO: Run Behavior\BuildLiteBehavior [ RunTime:0.000013s ]
INFO: [ app_init ] --END-- [ RunTime:0.000299s ]
INFO: [ app_begin ] --START--
INFO: Run Behavior\ReadHtmlCacheBehavior [ RunTime:0.000369s ]
INFO: [ app_begin ] --END-- [ RunTime:0.000412s ]
SQL: SHOW COLUMNS FROM `bk_user` [ RunTime:0.2016s ]
SQL: SHOW COLUMNS FROM `bk_user` [ RunTime:0.1937s ]
SQL: SELECT * FROM `bk_user` WHERE ( token='2771D60B-0D85-4148-284A-2731E8C5B905' )  [ RunTime:0.1691s ]
SQL: SHOW COLUMNS FROM `bk_team` [ RunTime:0.1703s ]
SQL: SHOW COLUMNS FROM `bk_team` [ RunTime:0.1929s ]
SQL: INSERT INTO `bk_team` (`name`,`position`,`header`,`intro`) VALUES ('ÊµãËØï','ÊµãËØïËÅå‰Ωç','','ÊµãËØïÁÆÄ‰ªã') [ RunTime:0.1875s ]
NOTIC: [8] Use of undefined constant success - assumed 'success' E:\xampp\htdocs\bk\Application\Admin\Model\TeamModel.class.php Á¨¨ 20 Ë°å.
INFO: [ view_parse ] --START--
INFO: [ template_filter ] --START--
INFO: Run Behavior\ContentReplaceBehavior [ RunTime:0.000084s ]
INFO: [ template_filter ] --END-- [ RunTime:0.000190s ]
INFO: Run Behavior\ParseTemplateBehavior [ RunTime:0.010112s ]
INFO: [ view_parse ] --END-- [ RunTime:0.010222s ]
INFO: [ view_filter ] --START--
INFO: Run Behavior\WriteHtmlCacheBehavior [ RunTime:0.000384s ]
INFO: [ view_filter ] --END-- [ RunTime:0.000460s ]
INFO: [ app_end ] --START--
INFO: Run Behavior\ShowPageTraceBehavior [ RunTime:0.000888s ]
INFO: [ app_end ] --END-- [ RunTime:0.000971s ]

[ 2015-12-02T10:12:16+08:00 ] ::1 /bk/Admin/Team/teamInfo/token/2771D60B-0D85-4148-284A-2731E8C5B905
INFO: [ app_init ] --START--
INFO: Run Behavior\BuildLiteBehavior [ RunTime:0.000026s ]
INFO: [ app_init ] --END-- [ RunTime:0.000640s ]
INFO: [ app_begin ] --START--
INFO: Run Behavior\ReadHtmlCacheBehavior [ RunTime:0.000833s ]
INFO: [ app_begin ] --END-- [ RunTime:0.000953s ]
SQL: SHOW COLUMNS FROM `bk_user` [ RunTime:0.1753s ]
SQL: SHOW COLUMNS FROM `bk_user` [ RunTime:0.1375s ]
SQL: SELECT * FROM `bk_user` WHERE ( token='2771D60B-0D85-4148-284A-2731E8C5B905' )  [ RunTime:0.1550s ]
SQL: SHOW COLUMNS FROM `bk_team` [ RunTime:0.1668s ]
SQL: SHOW COLUMNS FROM `bk_team` [ RunTime:0.4629s ]
SQL: SELECT * FROM `bk_team`  [ RunTime:0.1285s ]
INFO: [ view_parse ] --START--
INFO: [ template_filter ] --START--
INFO: Run Behavior\ContentReplaceBehavior [ RunTime:0.000085s ]
INFO: [ template_filter ] --END-- [ RunTime:0.000182s ]
NOTIC: [8] Undefined variable: user E:\xampp\htdocs\bk\Application\Runtime\Cache\Admin\7c91a8daf37b35b9ad1ec0065300239b.php Á¨¨ 19 Ë°å.
INFO: Run Behavior\ParseTemplateBehavior [ RunTime:0.013084s ]
INFO: [ view_parse ] --END-- [ RunTime:0.013238s ]
INFO: [ view_filter ] --START--
INFO: Run Behavior\WriteHtmlCacheBehavior [ RunTime:0.000567s ]
INFO: [ view_filter ] --END-- [ RunTime:0.000695s ]
INFO: [ app_end ] --START--
INFO: Run Behavior\ShowPageTraceBehavior [ RunTime:0.001019s ]
INFO: [ app_end ] --END-- [ RunTime:0.001108s ]

[ 2015-12-02T10:12:20+08:00 ] ::1 /bk/Admin/Team/editTeamPage/id/18/token/2771D60B-0D85-4148-284A-2731E8C5B905
INFO: [ app_init ] --START--
INFO: Run Behavior\BuildLiteBehavior [ RunTime:0.000014s ]
INFO: [ app_init ] --END-- [ RunTime:0.000304s ]
INFO: [ app_begin ] --START--
INFO: Run Behavior\ReadHtmlCacheBehavior [ RunTime:0.000371s ]
INFO: [ app_begin ] --END-- [ RunTime:0.000415s ]
SQL: SHOW COLUMNS FROM `bk_user` [ RunTime:0.1683s ]
SQL: SHOW COLUMNS FROM `bk_user` [ RunTime:0.1890s ]
SQL: SELECT * FROM `bk_user` WHERE ( token='2771D60B-0D85-4148-284A-2731E8C5B905' )  [ RunTime:0.1646s ]
SQL: SHOW COLUMNS FROM `bk_team` [ RunTime:0.1501s ]
SQL: SHOW COLUMNS FROM `bk_team` [ RunTime:0.1909s ]
SQL: SELECT * FROM `bk_team` WHERE ( id = '18' )  [ RunTime:0.1930s ]
ERR: 1054:Unknown column 'token' in 'where clause'
 [ SQLËØ≠Âè• ] : SELECT `name` FROM `bk_team` WHERE ( token = '2771D60B-0D85-4148-284A-2731E8C5B905' ) LIMIT 1  
ERR: 1054:Unknown column 'token' in 'where clause'
 [ SQLËØ≠Âè• ] : SELECT `name` FROM `bk_team` WHERE ( token = '2771D60B-0D85-4148-284A-2731E8C5B905' ) LIMIT 1  

[ 2015-12-02T10:12:33+08:00 ] ::1 /bk/Admin/Team/teamDelete/id/18/token/2771D60B-0D85-4148-284A-2731E8C5B905
INFO: [ app_init ] --START--
INFO: Run Behavior\BuildLiteBehavior [ RunTime:0.000012s ]
INFO: [ app_init ] --END-- [ RunTime:0.000290s ]
INFO: [ app_begin ] --START--
INFO: Run Behavior\ReadHtmlCacheBehavior [ RunTime:0.000370s ]
INFO: [ app_begin ] --END-- [ RunTime:0.000415s ]
SQL: SHOW COLUMNS FROM `bk_user` [ RunTime:0.1325s ]
SQL: SHOW COLUMNS FROM `bk_user` [ RunTime:0.1847s ]
SQL: SELECT * FROM `bk_user` WHERE ( token='2771D60B-0D85-4148-284A-2731E8C5B905' )  [ RunTime:0.1579s ]
SQL: SHOW COLUMNS FROM `bk_team` [ RunTime:0.1762s ]
SQL: SHOW COLUMNS FROM `bk_team` [ RunTime:0.1815s ]
SQL: DELETE FROM `bk_team` WHERE ( id = '18' ) [ RunTime:0.1540s ]
INFO: [ view_parse ] --START--
INFO: [ template_filter ] --START--
INFO: Run Behavior\ContentReplaceBehavior [ RunTime:0.000080s ]
INFO: [ template_filter ] --END-- [ RunTime:0.000186s ]
INFO: Run Behavior\ParseTemplateBehavior [ RunTime:0.010451s ]
INFO: [ view_parse ] --END-- [ RunTime:0.010586s ]
INFO: [ view_filter ] --START--
INFO: Run Behavior\WriteHtmlCacheBehavior [ RunTime:0.000404s ]
INFO: [ view_filter ] --END-- [ RunTime:0.000480s ]
INFO: [ app_end ] --START--
INFO: Run Behavior\ShowPageTraceBehavior [ RunTime:0.000826s ]
INFO: [ app_end ] --END-- [ RunTime:0.000907s ]

[ 2015-12-02T10:12:36+08:00 ] ::1 /bk/Admin/Team/teamInfo/token/2771D60B-0D85-4148-284A-2731E8C5B905
INFO: [ app_init ] --START--
INFO: Run Behavior\BuildLiteBehavior [ RunTime:0.000024s ]
INFO: [ app_init ] --END-- [ RunTime:0.000608s ]
INFO: [ app_begin ] --START--
INFO: Run Behavior\ReadHtmlCacheBehavior [ RunTime:0.000772s ]
INFO: [ app_begin ] --END-- [ RunTime:0.000873s ]
SQL: SHOW COLUMNS FROM `bk_user` [ RunTime:0.1797s ]
SQL: SHOW COLUMNS FROM `bk_user` [ RunTime:0.1798s ]
SQL: SELECT * FROM `bk_user` WHERE ( token='2771D60B-0D85-4148-284A-2731E8C5B905' )  [ RunTime:0.1491s ]
SQL: SHOW COLUMNS FROM `bk_team` [ RunTime:0.1490s ]
SQL: SHOW COLUMNS FROM `bk_team` [ RunTime:0.1886s ]
SQL: SELECT * FROM `bk_team`  [ RunTime:0.1756s ]
INFO: [ view_parse ] --START--
INFO: [ template_filter ] --START--
INFO: Run Behavior\ContentReplaceBehavior [ RunTime:0.000116s ]
INFO: [ template_filter ] --END-- [ RunTime:0.000261s ]
NOTIC: [8] Undefined variable: user E:\xampp\htdocs\bk\Application\Runtime\Cache\Admin\7c91a8daf37b35b9ad1ec0065300239b.php Á¨¨ 19 Ë°å.
INFO: Run Behavior\ParseTemplateBehavior [ RunTime:0.013021s ]
INFO: [ view_parse ] --END-- [ RunTime:0.013123s ]
INFO: [ view_filter ] --START--
INFO: Run Behavior\WriteHtmlCacheBehavior [ RunTime:0.000389s ]
INFO: [ view_filter ] --END-- [ RunTime:0.000469s ]
INFO: [ app_end ] --START--
INFO: Run Behavior\ShowPageTraceBehavior [ RunTime:0.000827s ]
INFO: [ app_end ] --END-- [ RunTime:0.000906s ]

[ 2015-12-02T10:34:09+08:00 ] ::1 /bk/Admin/Team/editTeamPage/id/9/token/2771D60B-0D85-4148-284A-2731E8C5B905
INFO: [ app_init ] --START--
INFO: Run Behavior\BuildLiteBehavior [ RunTime:0.000035s ]
INFO: [ app_init ] --END-- [ RunTime:0.000829s ]
INFO: [ app_begin ] --START--
INFO: Run Behavior\ReadHtmlCacheBehavior [ RunTime:0.001007s ]
INFO: [ app_begin ] --END-- [ RunTime:0.001109s ]
SQL: SHOW COLUMNS FROM `bk_user` [ RunTime:0.4337s ]

[ 2015-12-02T10:34:10+08:00 ] ::1 /bk/Admin/Team/teamInfo/token/2771D60B-0D85-4148-284A-2731E8C5B905
INFO: [ app_init ] --START--
INFO: Run Behavior\BuildLiteBehavior [ RunTime:0.000028s ]
INFO: [ app_init ] --END-- [ RunTime:0.000917s ]
INFO: [ app_begin ] --START--
INFO: Run Behavior\ReadHtmlCacheBehavior [ RunTime:0.001525s ]
INFO: [ app_begin ] --END-- [ RunTime:0.001661s ]
SQL: SHOW COLUMNS FROM `bk_user` [ RunTime:0.0909s ]
SQL: SHOW COLUMNS FROM `bk_user` [ RunTime:0.1102s ]
SQL: SELECT * FROM `bk_user` WHERE ( token='2771D60B-0D85-4148-284A-2731E8C5B905' )  [ RunTime:0.0953s ]
SQL: SHOW COLUMNS FROM `bk_team` [ RunTime:0.1558s ]
SQL: SHOW COLUMNS FROM `bk_team` [ RunTime:0.1979s ]
SQL: SELECT * FROM `bk_team`  [ RunTime:0.5275s ]
INFO: [ view_parse ] --START--
INFO: [ template_filter ] --START--
INFO: Run Behavior\ContentReplaceBehavior [ RunTime:0.000105s ]
INFO: [ template_filter ] --END-- [ RunTime:0.000212s ]
NOTIC: [8] Undefined variable: user E:\xampp\htdocs\bk\Application\Runtime\Cache\Admin\7c91a8daf37b35b9ad1ec0065300239b.php Á¨¨ 19 Ë°å.
INFO: Run Behavior\ParseTemplateBehavior [ RunTime:0.015629s ]
INFO: [ view_parse ] --END-- [ RunTime:0.015781s ]
INFO: [ view_filter ] --START--
INFO: Run Behavior\WriteHtmlCacheBehavior [ RunTime:0.000844s ]
INFO: [ view_filter ] --END-- [ RunTime:0.000968s ]
INFO: [ app_end ] --START--
INFO: Run Behavior\ShowPageTraceBehavior [ RunTime:0.001282s ]
INFO: [ app_end ] --END-- [ RunTime:0.001408s ]

[ 2015-12-02T10:34:13+08:00 ] ::1 /bk/Admin/Team/teamInfo/token/2771D60B-0D85-4148-284A-2731E8C5B905
INFO: [ app_init ] --START--
INFO: Run Behavior\BuildLiteBehavior [ RunTime:0.000020s ]
INFO: [ app_init ] --END-- [ RunTime:0.000595s ]
INFO: [ app_begin ] --START--
INFO: Run Behavior\ReadHtmlCacheBehavior [ RunTime:0.000719s ]
INFO: [ app_begin ] --END-- [ RunTime:0.000830s ]
SQL: SHOW COLUMNS FROM `bk_user` [ RunTime:0.1399s ]
SQL: SHOW COLUMNS FROM `bk_user` [ RunTime:0.1294s ]
SQL: SELECT * FROM `bk_user` WHERE ( token='2771D60B-0D85-4148-284A-2731E8C5B905' )  [ RunTime:0.1781s ]
SQL: SHOW COLUMNS FROM `bk_team` [ RunTime:0.1686s ]
SQL: SHOW COLUMNS FROM `bk_team` [ RunTime:0.1380s ]
SQL: SELECT * FROM `bk_team`  [ RunTime:0.1433s ]
INFO: [ view_parse ] --START--
INFO: [ template_filter ] --START--
INFO: Run Behavior\ContentReplaceBehavior [ RunTime:0.000095s ]
INFO: [ template_filter ] --END-- [ RunTime:0.000199s ]
NOTIC: [8] Undefined variable: user E:\xampp\htdocs\bk\Application\Runtime\Cache\Admin\7c91a8daf37b35b9ad1ec0065300239b.php Á¨¨ 19 Ë°å.
INFO: Run Behavior\ParseTemplateBehavior [ RunTime:0.015261s ]
INFO: [ view_parse ] --END-- [ RunTime:0.015393s ]
INFO: [ view_filter ] --START--
INFO: Run Behavior\WriteHtmlCacheBehavior [ RunTime:0.000568s ]
INFO: [ view_filter ] --END-- [ RunTime:0.000649s ]
INFO: [ app_end ] --START--
INFO: Run Behavior\ShowPageTraceBehavior [ RunTime:0.000958s ]
INFO: [ app_end ] --END-- [ RunTime:0.001038s ]

[ 2015-12-02T10:34:16+08:00 ] ::1 /bk/Admin/Team/editTeamPage/id/9/token/2771D60B-0D85-4148-284A-2731E8C5B905
INFO: [ app_init ] --START--
INFO: Run Behavior\BuildLiteBehavior [ RunTime:0.000013s ]
INFO: [ app_init ] --END-- [ RunTime:0.000338s ]
INFO: [ app_begin ] --START--
INFO: Run Behavior\ReadHtmlCacheBehavior [ RunTime:0.000459s ]
INFO: [ app_begin ] --END-- [ RunTime:0.000507s ]
SQL: SHOW COLUMNS FROM `bk_user` [ RunTime:0.1703s ]
SQL: SHOW COLUMNS FROM `bk_user` [ RunTime:0.1647s ]
SQL: SELECT * FROM `bk_user` WHERE ( token='2771D60B-0D85-4148-284A-2731E8C5B905' )  [ RunTime:0.2068s ]
SQL: SHOW COLUMNS FROM `bk_team` [ RunTime:0.1739s ]
SQL: SHOW COLUMNS FROM `bk_team` [ RunTime:0.1716s ]
SQL: SELECT * FROM `bk_team` WHERE ( id = '9' )  [ RunTime:0.1436s ]
INFO: [ view_parse ] --START--
INFO: [ template_filter ] --START--
INFO: Run Behavior\ContentReplaceBehavior [ RunTime:0.000083s ]
INFO: [ template_filter ] --END-- [ RunTime:0.000192s ]
INFO: Run Behavior\ParseTemplateBehavior [ RunTime:0.013349s ]
INFO: [ view_parse ] --END-- [ RunTime:0.013490s ]
INFO: [ view_filter ] --START--
INFO: Run Behavior\WriteHtmlCacheBehavior [ RunTime:0.000564s ]
INFO: [ view_filter ] --END-- [ RunTime:0.000641s ]
INFO: [ app_end ] --START--
INFO: Run Behavior\ShowPageTraceBehavior [ RunTime:0.000982s ]
INFO: [ app_end ] --END-- [ RunTime:0.001066s ]

[ 2015-12-02T10:34:29+08:00 ] ::1 /bk/Admin/Team/editTeam/id/9/token/2771D60B-0D85-4148-284A-2731E8C5B905
INFO: [ app_init ] --START--
INFO: Run Behavior\BuildLiteBehavior [ RunTime:0.000012s ]
INFO: [ app_init ] --END-- [ RunTime:0.000299s ]
INFO: [ app_begin ] --START--
INFO: Run Behavior\ReadHtmlCacheBehavior [ RunTime:0.000371s ]
INFO: [ app_begin ] --END-- [ RunTime:0.000415s ]
SQL: SHOW COLUMNS FROM `bk_user` [ RunTime:0.1337s ]
SQL: SHOW COLUMNS FROM `bk_user` [ RunTime:0.1834s ]
SQL: SELECT * FROM `bk_user` WHERE ( token='2771D60B-0D85-4148-284A-2731E8C5B905' )  [ RunTime:0.1389s ]
SQL: SHOW COLUMNS FROM `bk_team` [ RunTime:0.1172s ]
SQL: SHOW COLUMNS FROM `bk_team` [ RunTime:0.1613s ]
SQL: UPDATE `bk_team` SET `name`='Èõ∑Â∫ÜÂè∂',`position`='È¶ñÂ∏≠ÂâçÁ´ØÂ∑•Á®ãÂ∏à',`intro`='Ë∞¶Âíå' WHERE `id` = 9 [ RunTime:0.1921s ]
INFO: [ view_parse ] --START--
INFO: [ template_filter ] --START--
INFO: Run Behavior\ContentReplaceBehavior [ RunTime:0.000087s ]
INFO: [ template_filter ] --END-- [ RunTime:0.000276s ]
INFO: Run Behavior\ParseTemplateBehavior [ RunTime:0.011565s ]
INFO: [ view_parse ] --END-- [ RunTime:0.011691s ]
INFO: [ view_filter ] --START--
INFO: Run Behavior\WriteHtmlCacheBehavior [ RunTime:0.000393s ]
INFO: [ view_filter ] --END-- [ RunTime:0.000471s ]
INFO: [ app_end ] --START--
INFO: Run Behavior\ShowPageTraceBehavior [ RunTime:0.000813s ]
INFO: [ app_end ] --END-- [ RunTime:0.000894s ]

[ 2015-12-02T10:34:32+08:00 ] ::1 /bk/Admin/Team/teamInfo/token/2771D60B-0D85-4148-284A-2731E8C5B905
INFO: [ app_init ] --START--
INFO: Run Behavior\BuildLiteBehavior [ RunTime:0.000025s ]
INFO: [ app_init ] --END-- [ RunTime:0.000609s ]
INFO: [ app_begin ] --START--
INFO: Run Behavior\ReadHtmlCacheBehavior [ RunTime:0.000801s ]
INFO: [ app_begin ] --END-- [ RunTime:0.000895s ]
SQL: SHOW COLUMNS FROM `bk_user` [ RunTime:0.1626s ]
SQL: SHOW COLUMNS FROM `bk_user` [ RunTime:0.1606s ]
SQL: SELECT * FROM `bk_user` WHERE ( token='2771D60B-0D85-4148-284A-2731E8C5B905' )  [ RunTime:0.5111s ]
SQL: SHOW COLUMNS FROM `bk_team` [ RunTime:0.1618s ]
SQL: SHOW COLUMNS FROM `bk_team` [ RunTime:0.1357s ]
SQL: SELECT * FROM `bk_team`  [ RunTime:0.1322s ]
INFO: [ view_parse ] --START--
INFO: [ template_filter ] --START--
INFO: Run Behavior\ContentReplaceBehavior [ RunTime:0.000086s ]
INFO: [ template_filter ] --END-- [ RunTime:0.000190s ]
NOTIC: [8] Undefined variable: user E:\xampp\htdocs\bk\Application\Runtime\Cache\Admin\7c91a8daf37b35b9ad1ec0065300239b.php Á¨¨ 19 Ë°å.
INFO: Run Behavior\ParseTemplateBehavior [ RunTime:0.014022s ]
INFO: [ view_parse ] --END-- [ RunTime:0.014131s ]
INFO: [ view_filter ] --START--
INFO: Run Behavior\WriteHtmlCacheBehavior [ RunTime:0.000404s ]
INFO: [ view_filter ] --END-- [ RunTime:0.000485s ]
INFO: [ app_end ] --START--
INFO: Run Behavior\ShowPageTraceBehavior [ RunTime:0.000817s ]
INFO: [ app_end ] --END-- [ RunTime:0.000898s ]

