[ 2015-12-04T10:18:41+08:00 ] ::1 /bk/Admin/Oper/login
INFO: [ app_init ] --START--
INFO: Run Behavior\BuildLiteBehavior [ RunTime:0.000044s ]
INFO: [ app_init ] --END-- [ RunTime:0.089393s ]
INFO: [ app_begin ] --START--
INFO: Run Behavior\ReadHtmlCacheBehavior [ RunTime:0.003950s ]
INFO: [ app_begin ] --END-- [ RunTime:0.004049s ]
NOTIC: [2048] Declaration of Admin\Controller\OperController::show() should be compatible with Think\Controller::show($content, $charset = '', $contentType = '', $prefix = '') E:\xampp\htdocs\bk\Application\Admin\Controller\OperController.class.php 第 32 行.
INFO: [ view_parse ] --START--
INFO: [ template_filter ] --START--
INFO: Run Behavior\ContentReplaceBehavior [ RunTime:0.038638s ]
INFO: [ template_filter ] --END-- [ RunTime:0.038813s ]
INFO: Run Behavior\ParseTemplateBehavior [ RunTime:0.106930s ]
INFO: [ view_parse ] --END-- [ RunTime:0.107043s ]
INFO: [ view_filter ] --START--
INFO: Run Behavior\WriteHtmlCacheBehavior [ RunTime:0.004067s ]
INFO: [ view_filter ] --END-- [ RunTime:0.004193s ]
INFO: [ app_end ] --START--
INFO: Run Behavior\ShowPageTraceBehavior [ RunTime:0.015138s ]
INFO: [ app_end ] --END-- [ RunTime:0.015358s ]

[ 2015-12-04T10:18:56+08:00 ] ::1 /bk/Admin/Oper/doLogin
INFO: [ app_init ] --START--
INFO: Run Behavior\BuildLiteBehavior [ RunTime:0.000025s ]
INFO: [ app_init ] --END-- [ RunTime:0.000650s ]
INFO: [ app_begin ] --START--
INFO: Run Behavior\ReadHtmlCacheBehavior [ RunTime:0.000770s ]
INFO: [ app_begin ] --END-- [ RunTime:0.000866s ]
NOTIC: [2048] Declaration of Admin\Controller\OperController::show() should be compatible with Think\Controller::show($content, $charset = '', $contentType = '', $prefix = '') E:\xampp\htdocs\bk\Application\Admin\Controller\OperController.class.php 第 32 行.
SQL: SHOW COLUMNS FROM `bk_user` [ RunTime:0.1158s ]
SQL: SHOW COLUMNS FROM `bk_user` [ RunTime:0.3459s ]
SQL: SELECT * FROM `bk_user` WHERE ( username='admin' )  [ RunTime:0.4245s ]
SQL: UPDATE `bk_user` SET `username`='admin',`password`='e10adc3949ba59abbe56e057f20f883e',`time_update`='1449195535',`token`='F122222D-17A8-56CB-D768-148B5D29CA1B' WHERE `id` = 1 [ RunTime:0.3206s ]

[ 2015-12-04T10:18:57+08:00 ] ::1 /bk/Admin/Page/pageIndex/token/F122222D-17A8-56CB-D768-148B5D29CA1B.html
INFO: [ app_init ] --START--
INFO: Run Behavior\BuildLiteBehavior [ RunTime:0.000026s ]
INFO: [ app_init ] --END-- [ RunTime:0.000615s ]
INFO: [ app_begin ] --START--
INFO: Run Behavior\ReadHtmlCacheBehavior [ RunTime:0.000870s ]
INFO: [ app_begin ] --END-- [ RunTime:0.000967s ]
SQL: SHOW COLUMNS FROM `bk_user` [ RunTime:0.1200s ]
SQL: SHOW COLUMNS FROM `bk_user` [ RunTime:0.2329s ]
SQL: SELECT * FROM `bk_user` WHERE ( token='F122222D-17A8-56CB-D768-148B5D29CA1B' )  [ RunTime:0.5199s ]
INFO: [ view_parse ] --START--
INFO: [ template_filter ] --START--
INFO: Run Behavior\ContentReplaceBehavior [ RunTime:0.000087s ]
INFO: [ template_filter ] --END-- [ RunTime:0.000204s ]
INFO: Run Behavior\ParseTemplateBehavior [ RunTime:0.033127s ]
INFO: [ view_parse ] --END-- [ RunTime:0.033273s ]
INFO: [ view_filter ] --START--
INFO: Run Behavior\WriteHtmlCacheBehavior [ RunTime:0.000414s ]
INFO: [ view_filter ] --END-- [ RunTime:0.000498s ]
INFO: [ app_end ] --START--
INFO: Run Behavior\ShowPageTraceBehavior [ RunTime:0.000900s ]
INFO: [ app_end ] --END-- [ RunTime:0.000995s ]

[ 2015-12-04T10:18:59+08:00 ] ::1 /bk/Admin/Oper/show/token/F122222D-17A8-56CB-D768-148B5D29CA1B
INFO: [ app_init ] --START--
INFO: Run Behavior\BuildLiteBehavior [ RunTime:0.000016s ]
INFO: [ app_init ] --END-- [ RunTime:0.000388s ]
INFO: [ app_begin ] --START--
INFO: Run Behavior\ReadHtmlCacheBehavior [ RunTime:0.000482s ]
INFO: [ app_begin ] --END-- [ RunTime:0.000538s ]
NOTIC: [2048] Declaration of Admin\Controller\OperController::show() should be compatible with Think\Controller::show($content, $charset = '', $contentType = '', $prefix = '') E:\xampp\htdocs\bk\Application\Admin\Controller\OperController.class.php 第 32 行.
INFO: [ view_parse ] --START--
INFO: [ template_filter ] --START--
INFO: Run Behavior\ContentReplaceBehavior [ RunTime:0.000120s ]
INFO: [ template_filter ] --END-- [ RunTime:0.000285s ]
NOTIC: [8] Undefined variable: user E:\xampp\htdocs\bk\Application\Runtime\Cache\Admin\5991aa64e2aaaa78ddd9fdf561aed954.php 第 19 行.
INFO: Run Behavior\ParseTemplateBehavior [ RunTime:0.274584s ]
INFO: [ view_parse ] --END-- [ RunTime:0.274667s ]
INFO: [ view_filter ] --START--
INFO: Run Behavior\WriteHtmlCacheBehavior [ RunTime:0.000395s ]
INFO: [ view_filter ] --END-- [ RunTime:0.000471s ]
INFO: [ app_end ] --START--
INFO: Run Behavior\ShowPageTraceBehavior [ RunTime:0.000827s ]
INFO: [ app_end ] --END-- [ RunTime:0.000902s ]

[ 2015-12-04T10:19:39+08:00 ] ::1 /bk/Admin/Team/teamInfo/token/F122222D-17A8-56CB-D768-148B5D29CA1B
INFO: [ app_init ] --START--
INFO: Run Behavior\BuildLiteBehavior [ RunTime:0.000012s ]
INFO: [ app_init ] --END-- [ RunTime:0.000289s ]
INFO: [ app_begin ] --START--
INFO: Run Behavior\ReadHtmlCacheBehavior [ RunTime:0.000399s ]
INFO: [ app_begin ] --END-- [ RunTime:0.000441s ]
SQL: SHOW COLUMNS FROM `bk_user` [ RunTime:4.2841s ]
SQL: SHOW COLUMNS FROM `bk_user` [ RunTime:3.8809s ]
SQL: SELECT * FROM `bk_user` WHERE ( token='F122222D-17A8-56CB-D768-148B5D29CA1B' )  [ RunTime:0.7843s ]
SQL: SHOW COLUMNS FROM `bk_team` [ RunTime:0.1064s ]
SQL: SHOW COLUMNS FROM `bk_team` [ RunTime:0.1379s ]
SQL: SELECT * FROM `bk_team`  [ RunTime:0.2155s ]
INFO: [ view_parse ] --START--
INFO: [ template_filter ] --START--
INFO: Run Behavior\ContentReplaceBehavior [ RunTime:0.000110s ]
INFO: [ template_filter ] --END-- [ RunTime:0.000237s ]
NOTIC: [8] Undefined variable: user E:\xampp\htdocs\bk\Application\Runtime\Cache\Admin\7c91a8daf37b35b9ad1ec0065300239b.php 第 19 行.
INFO: Run Behavior\ParseTemplateBehavior [ RunTime:0.129476s ]
INFO: [ view_parse ] --END-- [ RunTime:0.129602s ]
INFO: [ view_filter ] --START--
INFO: Run Behavior\WriteHtmlCacheBehavior [ RunTime:0.000397s ]
INFO: [ view_filter ] --END-- [ RunTime:0.000476s ]
INFO: [ app_end ] --START--
INFO: Run Behavior\ShowPageTraceBehavior [ RunTime:0.000814s ]
INFO: [ app_end ] --END-- [ RunTime:0.000910s ]

[ 2015-12-04T10:19:41+08:00 ] ::1 /bk/Admin/Team/teamInfo/token/F122222D-17A8-56CB-D768-148B5D29CA1B
INFO: [ app_init ] --START--
INFO: Run Behavior\BuildLiteBehavior [ RunTime:0.000013s ]
INFO: [ app_init ] --END-- [ RunTime:0.000338s ]
INFO: [ app_begin ] --START--
INFO: Run Behavior\ReadHtmlCacheBehavior [ RunTime:0.000483s ]
INFO: [ app_begin ] --END-- [ RunTime:0.000533s ]
SQL: SHOW COLUMNS FROM `bk_user` [ RunTime:0.3192s ]
SQL: SHOW COLUMNS FROM `bk_user` [ RunTime:0.1455s ]
SQL: SELECT * FROM `bk_user` WHERE ( token='F122222D-17A8-56CB-D768-148B5D29CA1B' )  [ RunTime:0.1085s ]
SQL: SHOW COLUMNS FROM `bk_team` [ RunTime:0.2597s ]
SQL: SHOW COLUMNS FROM `bk_team` [ RunTime:0.1473s ]
SQL: SELECT * FROM `bk_team`  [ RunTime:0.3801s ]
INFO: [ view_parse ] --START--
INFO: [ template_filter ] --START--
INFO: Run Behavior\ContentReplaceBehavior [ RunTime:0.000097s ]
INFO: [ template_filter ] --END-- [ RunTime:0.000209s ]
NOTIC: [8] Undefined variable: user E:\xampp\htdocs\bk\Application\Runtime\Cache\Admin\7c91a8daf37b35b9ad1ec0065300239b.php 第 19 行.
INFO: Run Behavior\ParseTemplateBehavior [ RunTime:0.015352s ]
INFO: [ view_parse ] --END-- [ RunTime:0.015472s ]
INFO: [ view_filter ] --START--
INFO: Run Behavior\WriteHtmlCacheBehavior [ RunTime:0.000547s ]
INFO: [ view_filter ] --END-- [ RunTime:0.000629s ]
INFO: [ app_end ] --START--
INFO: Run Behavior\ShowPageTraceBehavior [ RunTime:0.000952s ]
INFO: [ app_end ] --END-- [ RunTime:0.001035s ]

[ 2015-12-04T10:20:11+08:00 ] ::1 /bk/Admin/Team/teamInfo/token/F122222D-17A8-56CB-D768-148B5D29CA1B
INFO: [ app_init ] --START--
INFO: Run Behavior\BuildLiteBehavior [ RunTime:0.000026s ]
INFO: [ app_init ] --END-- [ RunTime:0.000617s ]
INFO: [ app_begin ] --START--
INFO: Run Behavior\ReadHtmlCacheBehavior [ RunTime:0.000844s ]
INFO: [ app_begin ] --END-- [ RunTime:0.000962s ]
SQL: SHOW COLUMNS FROM `bk_user` [ RunTime:0.1053s ]
SQL: SHOW COLUMNS FROM `bk_user` [ RunTime:0.1065s ]
SQL: SELECT * FROM `bk_user` WHERE ( token='F122222D-17A8-56CB-D768-148B5D29CA1B' )  [ RunTime:0.0953s ]
SQL: SHOW COLUMNS FROM `bk_team` [ RunTime:0.1853s ]
SQL: SHOW COLUMNS FROM `bk_team` [ RunTime:0.0964s ]
SQL: SELECT * FROM `bk_team`  [ RunTime:0.0993s ]
INFO: [ view_parse ] --START--
INFO: [ template_filter ] --START--
INFO: Run Behavior\ContentReplaceBehavior [ RunTime:0.000101s ]
INFO: [ template_filter ] --END-- [ RunTime:0.000210s ]
NOTIC: [8] Undefined variable: user E:\xampp\htdocs\bk\Application\Runtime\Cache\Admin\7c91a8daf37b35b9ad1ec0065300239b.php 第 19 行.
INFO: Run Behavior\ParseTemplateBehavior [ RunTime:0.015120s ]
INFO: [ view_parse ] --END-- [ RunTime:0.015233s ]
INFO: [ view_filter ] --START--
INFO: Run Behavior\WriteHtmlCacheBehavior [ RunTime:0.000402s ]
INFO: [ view_filter ] --END-- [ RunTime:0.000488s ]
INFO: [ app_end ] --START--
INFO: Run Behavior\ShowPageTraceBehavior [ RunTime:0.000804s ]
INFO: [ app_end ] --END-- [ RunTime:0.000884s ]

[ 2015-12-04T10:20:13+08:00 ] ::1 /bk/Admin/Team/teamInfo/token/F122222D-17A8-56CB-D768-148B5D29CA1B
INFO: [ app_init ] --START--
INFO: Run Behavior\BuildLiteBehavior [ RunTime:0.000026s ]
INFO: [ app_init ] --END-- [ RunTime:0.000658s ]
INFO: [ app_begin ] --START--
INFO: Run Behavior\ReadHtmlCacheBehavior [ RunTime:0.000821s ]
INFO: [ app_begin ] --END-- [ RunTime:0.000942s ]
SQL: SHOW COLUMNS FROM `bk_user` [ RunTime:0.1028s ]
SQL: SHOW COLUMNS FROM `bk_user` [ RunTime:0.0915s ]
SQL: SELECT * FROM `bk_user` WHERE ( token='F122222D-17A8-56CB-D768-148B5D29CA1B' )  [ RunTime:0.2291s ]
SQL: SHOW COLUMNS FROM `bk_team` [ RunTime:0.1235s ]
SQL: SHOW COLUMNS FROM `bk_team` [ RunTime:0.1054s ]
SQL: SELECT * FROM `bk_team`  [ RunTime:0.0945s ]
INFO: [ view_parse ] --START--
INFO: [ template_filter ] --START--
INFO: Run Behavior\ContentReplaceBehavior [ RunTime:0.000091s ]
INFO: [ template_filter ] --END-- [ RunTime:0.000192s ]
NOTIC: [8] Undefined variable: user E:\xampp\htdocs\bk\Application\Runtime\Cache\Admin\7c91a8daf37b35b9ad1ec0065300239b.php 第 19 行.
INFO: Run Behavior\ParseTemplateBehavior [ RunTime:0.015073s ]
INFO: [ view_parse ] --END-- [ RunTime:0.015179s ]
INFO: [ view_filter ] --START--
INFO: Run Behavior\WriteHtmlCacheBehavior [ RunTime:0.000408s ]
INFO: [ view_filter ] --END-- [ RunTime:0.000489s ]
INFO: [ app_end ] --START--
INFO: Run Behavior\ShowPageTraceBehavior [ RunTime:0.000856s ]
INFO: [ app_end ] --END-- [ RunTime:0.000939s ]

[ 2015-12-04T10:20:14+08:00 ] ::1 /bk/Admin/Team/teamInfo/token/F122222D-17A8-56CB-D768-148B5D29CA1B
INFO: [ app_init ] --START--
INFO: Run Behavior\BuildLiteBehavior [ RunTime:0.000025s ]
INFO: [ app_init ] --END-- [ RunTime:0.000707s ]
INFO: [ app_begin ] --START--
INFO: Run Behavior\ReadHtmlCacheBehavior [ RunTime:0.001002s ]
INFO: [ app_begin ] --END-- [ RunTime:0.001111s ]
SQL: SHOW COLUMNS FROM `bk_user` [ RunTime:0.0960s ]
SQL: SHOW COLUMNS FROM `bk_user` [ RunTime:0.1022s ]
SQL: SELECT * FROM `bk_user` WHERE ( token='F122222D-17A8-56CB-D768-148B5D29CA1B' )  [ RunTime:0.2650s ]
SQL: SHOW COLUMNS FROM `bk_team` [ RunTime:0.1166s ]
SQL: SHOW COLUMNS FROM `bk_team` [ RunTime:0.3829s ]
SQL: SELECT * FROM `bk_team`  [ RunTime:0.1054s ]
INFO: [ view_parse ] --START--
INFO: [ template_filter ] --START--
INFO: Run Behavior\ContentReplaceBehavior [ RunTime:0.000128s ]
INFO: [ template_filter ] --END-- [ RunTime:0.000250s ]
NOTIC: [8] Undefined variable: user E:\xampp\htdocs\bk\Application\Runtime\Cache\Admin\7c91a8daf37b35b9ad1ec0065300239b.php 第 19 行.
INFO: Run Behavior\ParseTemplateBehavior [ RunTime:0.015344s ]
INFO: [ view_parse ] --END-- [ RunTime:0.015516s ]
INFO: [ view_filter ] --START--
INFO: Run Behavior\WriteHtmlCacheBehavior [ RunTime:0.000806s ]
INFO: [ view_filter ] --END-- [ RunTime:0.000934s ]
INFO: [ app_end ] --START--
INFO: Run Behavior\ShowPageTraceBehavior [ RunTime:0.001020s ]
INFO: [ app_end ] --END-- [ RunTime:0.001109s ]

[ 2015-12-04T10:22:32+08:00 ] ::1 /bk/Admin/Team/teamInfo/token/F122222D-17A8-56CB-D768-148B5D29CA1B
INFO: [ app_init ] --START--
INFO: Run Behavior\BuildLiteBehavior [ RunTime:0.000025s ]
INFO: [ app_init ] --END-- [ RunTime:0.000714s ]
INFO: [ app_begin ] --START--
INFO: Run Behavior\ReadHtmlCacheBehavior [ RunTime:0.000996s ]
INFO: [ app_begin ] --END-- [ RunTime:0.001102s ]
SQL: SHOW COLUMNS FROM `bk_user` [ RunTime:0.1201s ]
SQL: SHOW COLUMNS FROM `bk_user` [ RunTime:0.1197s ]
SQL: SELECT * FROM `bk_user` WHERE ( token='F122222D-17A8-56CB-D768-148B5D29CA1B' )  [ RunTime:0.2001s ]
SQL: SHOW COLUMNS FROM `bk_team` [ RunTime:0.0933s ]
SQL: SHOW COLUMNS FROM `bk_team` [ RunTime:0.0953s ]
SQL: SELECT * FROM `bk_team`  [ RunTime:0.0890s ]
INFO: [ view_parse ] --START--
INFO: [ template_filter ] --START--
INFO: Run Behavior\ContentReplaceBehavior [ RunTime:0.000098s ]
INFO: [ template_filter ] --END-- [ RunTime:0.000203s ]
NOTIC: [8] Undefined variable: user E:\xampp\htdocs\bk\Application\Runtime\Cache\Admin\7c91a8daf37b35b9ad1ec0065300239b.php 第 19 行.
INFO: Run Behavior\ParseTemplateBehavior [ RunTime:0.015887s ]
INFO: [ view_parse ] --END-- [ RunTime:0.016012s ]
INFO: [ view_filter ] --START--
INFO: Run Behavior\WriteHtmlCacheBehavior [ RunTime:0.000562s ]
INFO: [ view_filter ] --END-- [ RunTime:0.000644s ]
INFO: [ app_end ] --START--
INFO: Run Behavior\ShowPageTraceBehavior [ RunTime:0.000981s ]
INFO: [ app_end ] --END-- [ RunTime:0.001064s ]

[ 2015-12-04T10:22:39+08:00 ] ::1 /bk/Admin/Team/teamInfo/token/F122222D-17A8-56CB-D768-148B5D29CA1B
INFO: [ app_init ] --START--
INFO: Run Behavior\BuildLiteBehavior [ RunTime:0.000028s ]
INFO: [ app_init ] --END-- [ RunTime:0.000721s ]
INFO: [ app_begin ] --START--
INFO: Run Behavior\ReadHtmlCacheBehavior [ RunTime:0.001212s ]
INFO: [ app_begin ] --END-- [ RunTime:0.001342s ]
SQL: SHOW COLUMNS FROM `bk_user` [ RunTime:0.1224s ]
SQL: SHOW COLUMNS FROM `bk_user` [ RunTime:0.1071s ]
SQL: SELECT * FROM `bk_user` WHERE ( token='F122222D-17A8-56CB-D768-148B5D29CA1B' )  [ RunTime:0.2464s ]
SQL: SHOW COLUMNS FROM `bk_team` [ RunTime:0.1138s ]
SQL: SHOW COLUMNS FROM `bk_team` [ RunTime:0.1042s ]
SQL: SELECT * FROM `bk_team`  [ RunTime:0.2627s ]
INFO: [ view_parse ] --START--
INFO: [ template_filter ] --START--
INFO: Run Behavior\ContentReplaceBehavior [ RunTime:0.000093s ]
INFO: [ template_filter ] --END-- [ RunTime:0.000195s ]
NOTIC: [8] Undefined variable: user E:\xampp\htdocs\bk\Application\Runtime\Cache\Admin\7c91a8daf37b35b9ad1ec0065300239b.php 第 19 行.
INFO: Run Behavior\ParseTemplateBehavior [ RunTime:0.014759s ]
INFO: [ view_parse ] --END-- [ RunTime:0.014867s ]
INFO: [ view_filter ] --START--
INFO: Run Behavior\WriteHtmlCacheBehavior [ RunTime:0.000527s ]
INFO: [ view_filter ] --END-- [ RunTime:0.000610s ]
INFO: [ app_end ] --START--
INFO: Run Behavior\ShowPageTraceBehavior [ RunTime:0.000970s ]
INFO: [ app_end ] --END-- [ RunTime:0.001053s ]

[ 2015-12-04T10:22:47+08:00 ] ::1 /bk/Admin/Team/addTeamPage/token/F122222D-17A8-56CB-D768-148B5D29CA1B
INFO: [ app_init ] --START--
INFO: Run Behavior\BuildLiteBehavior [ RunTime:0.000013s ]
INFO: [ app_init ] --END-- [ RunTime:0.000295s ]
INFO: [ app_begin ] --START--
INFO: Run Behavior\ReadHtmlCacheBehavior [ RunTime:0.000364s ]
INFO: [ app_begin ] --END-- [ RunTime:0.000410s ]
SQL: SHOW COLUMNS FROM `bk_user` [ RunTime:0.1052s ]
SQL: SHOW COLUMNS FROM `bk_user` [ RunTime:0.0946s ]
SQL: SELECT * FROM `bk_user` WHERE ( token='F122222D-17A8-56CB-D768-148B5D29CA1B' )  [ RunTime:0.1756s ]
INFO: [ view_parse ] --START--
INFO: [ template_filter ] --START--
INFO: Run Behavior\ContentReplaceBehavior [ RunTime:0.000088s ]
INFO: [ template_filter ] --END-- [ RunTime:0.000206s ]
INFO: Run Behavior\ParseTemplateBehavior [ RunTime:0.011085s ]
INFO: [ view_parse ] --END-- [ RunTime:0.011206s ]
INFO: [ view_filter ] --START--
INFO: Run Behavior\WriteHtmlCacheBehavior [ RunTime:0.000401s ]
INFO: [ view_filter ] --END-- [ RunTime:0.000485s ]
INFO: [ app_end ] --START--
INFO: Run Behavior\ShowPageTraceBehavior [ RunTime:0.000846s ]
INFO: [ app_end ] --END-- [ RunTime:0.000929s ]

[ 2015-12-04T10:23:10+08:00 ] ::1 /bk/Admin/Team/addTeam/token/F122222D-17A8-56CB-D768-148B5D29CA1B
INFO: [ app_init ] --START--
INFO: Run Behavior\BuildLiteBehavior [ RunTime:0.000012s ]
INFO: [ app_init ] --END-- [ RunTime:0.000289s ]
INFO: [ app_begin ] --START--
INFO: Run Behavior\ReadHtmlCacheBehavior [ RunTime:0.000384s ]
INFO: [ app_begin ] --END-- [ RunTime:0.000429s ]
SQL: SHOW COLUMNS FROM `bk_user` [ RunTime:0.1092s ]
SQL: SHOW COLUMNS FROM `bk_user` [ RunTime:0.1042s ]
SQL: SELECT * FROM `bk_user` WHERE ( token='F122222D-17A8-56CB-D768-148B5D29CA1B' )  [ RunTime:0.1027s ]
SQL: SHOW COLUMNS FROM `bk_team` [ RunTime:0.1898s ]
NOTIC: [2] call_user_func() expects parameter 1 to be a valid callback, no array or string given E:\xampp\htdocs\bk\ThinkPHP\Library\Think\Upload.class.php 第 170 行.
SQL: SHOW COLUMNS FROM `bk_team` [ RunTime:0.1536s ]
SQL: INSERT INTO `bk_team` (`name`,`position`,`header`,`intro`) VALUES ('许茹','会计','5660f90e4f040.png','哈哈哈哈') [ RunTime:0.2999s ]
NOTIC: [8] Use of undefined constant success - assumed 'success' E:\xampp\htdocs\bk\Application\Admin\Model\TeamModel.class.php 第 20 行.
INFO: [ view_parse ] --START--
INFO: [ template_filter ] --START--
INFO: Run Behavior\ContentReplaceBehavior [ RunTime:0.000079s ]
INFO: [ template_filter ] --END-- [ RunTime:0.000185s ]
INFO: Run Behavior\ParseTemplateBehavior [ RunTime:0.013095s ]
INFO: [ view_parse ] --END-- [ RunTime:0.013220s ]
INFO: [ view_filter ] --START--
INFO: Run Behavior\WriteHtmlCacheBehavior [ RunTime:0.000886s ]
INFO: [ view_filter ] --END-- [ RunTime:0.000966s ]
INFO: [ app_end ] --START--
INFO: Run Behavior\ShowPageTraceBehavior [ RunTime:0.001315s ]
INFO: [ app_end ] --END-- [ RunTime:0.001407s ]

[ 2015-12-04T10:23:13+08:00 ] ::1 /bk/Admin/Team/teamInfo/token/F122222D-17A8-56CB-D768-148B5D29CA1B
INFO: [ app_init ] --START--
INFO: Run Behavior\BuildLiteBehavior [ RunTime:0.000028s ]
INFO: [ app_init ] --END-- [ RunTime:0.000872s ]
INFO: [ app_begin ] --START--
INFO: Run Behavior\ReadHtmlCacheBehavior [ RunTime:0.001380s ]
INFO: [ app_begin ] --END-- [ RunTime:0.001510s ]
SQL: SHOW COLUMNS FROM `bk_user` [ RunTime:0.0952s ]
SQL: SHOW COLUMNS FROM `bk_user` [ RunTime:0.2317s ]
SQL: SELECT * FROM `bk_user` WHERE ( token='F122222D-17A8-56CB-D768-148B5D29CA1B' )  [ RunTime:0.1020s ]
SQL: SHOW COLUMNS FROM `bk_team` [ RunTime:0.1143s ]
SQL: SHOW COLUMNS FROM `bk_team` [ RunTime:0.2298s ]
SQL: SELECT * FROM `bk_team`  [ RunTime:0.1149s ]
INFO: [ view_parse ] --START--
INFO: [ template_filter ] --START--
INFO: Run Behavior\ContentReplaceBehavior [ RunTime:0.000091s ]
INFO: [ template_filter ] --END-- [ RunTime:0.000194s ]
NOTIC: [8] Undefined variable: user E:\xampp\htdocs\bk\Application\Runtime\Cache\Admin\7c91a8daf37b35b9ad1ec0065300239b.php 第 19 行.
INFO: Run Behavior\ParseTemplateBehavior [ RunTime:0.015643s ]
INFO: [ view_parse ] --END-- [ RunTime:0.015770s ]
INFO: [ view_filter ] --START--
INFO: Run Behavior\WriteHtmlCacheBehavior [ RunTime:0.000873s ]
INFO: [ view_filter ] --END-- [ RunTime:0.000957s ]
INFO: [ app_end ] --START--
INFO: Run Behavior\ShowPageTraceBehavior [ RunTime:0.001298s ]
INFO: [ app_end ] --END-- [ RunTime:0.001379s ]

[ 2015-12-04T10:23:17+08:00 ] ::1 /bk/Admin/Team/editTeamPage/id/44/token/F122222D-17A8-56CB-D768-148B5D29CA1B
INFO: [ app_init ] --START--
INFO: Run Behavior\BuildLiteBehavior [ RunTime:0.000014s ]
INFO: [ app_init ] --END-- [ RunTime:0.000386s ]
INFO: [ app_begin ] --START--
INFO: Run Behavior\ReadHtmlCacheBehavior [ RunTime:0.000586s ]
INFO: [ app_begin ] --END-- [ RunTime:0.000633s ]
SQL: SHOW COLUMNS FROM `bk_user` [ RunTime:0.3202s ]
SQL: SHOW COLUMNS FROM `bk_user` [ RunTime:0.1162s ]
SQL: SELECT * FROM `bk_user` WHERE ( token='F122222D-17A8-56CB-D768-148B5D29CA1B' )  [ RunTime:0.0932s ]
SQL: SHOW COLUMNS FROM `bk_team` [ RunTime:0.2658s ]
SQL: SHOW COLUMNS FROM `bk_team` [ RunTime:0.1198s ]
SQL: SELECT * FROM `bk_team` WHERE ( id = '44' )  [ RunTime:0.1316s ]
INFO: [ view_parse ] --START--
INFO: [ template_filter ] --START--
INFO: Run Behavior\ContentReplaceBehavior [ RunTime:0.000085s ]
INFO: [ template_filter ] --END-- [ RunTime:0.000190s ]
INFO: Run Behavior\ParseTemplateBehavior [ RunTime:0.013444s ]
INFO: [ view_parse ] --END-- [ RunTime:0.013583s ]
INFO: [ view_filter ] --START--
INFO: Run Behavior\WriteHtmlCacheBehavior [ RunTime:0.000900s ]
INFO: [ view_filter ] --END-- [ RunTime:0.000982s ]
INFO: [ app_end ] --START--
INFO: Run Behavior\ShowPageTraceBehavior [ RunTime:0.001336s ]
INFO: [ app_end ] --END-- [ RunTime:0.001417s ]

[ 2015-12-04T10:23:30+08:00 ] ::1 /bk/Admin/Team/editTeam/id/44/token/F122222D-17A8-56CB-D768-148B5D29CA1B
INFO: [ app_init ] --START--
INFO: Run Behavior\BuildLiteBehavior [ RunTime:0.000014s ]
INFO: [ app_init ] --END-- [ RunTime:0.000328s ]
INFO: [ app_begin ] --START--
INFO: Run Behavior\ReadHtmlCacheBehavior [ RunTime:0.000579s ]
INFO: [ app_begin ] --END-- [ RunTime:0.000625s ]
SQL: SHOW COLUMNS FROM `bk_user` [ RunTime:0.2562s ]
SQL: SHOW COLUMNS FROM `bk_user` [ RunTime:0.0944s ]
SQL: SELECT * FROM `bk_user` WHERE ( token='F122222D-17A8-56CB-D768-148B5D29CA1B' )  [ RunTime:0.0905s ]
SQL: SHOW COLUMNS FROM `bk_team` [ RunTime:0.2666s ]
NOTIC: [2] call_user_func() expects parameter 1 to be a valid callback, no array or string given E:\xampp\htdocs\bk\ThinkPHP\Library\Think\Upload.class.php 第 170 行.
SQL: SHOW COLUMNS FROM `bk_team` [ RunTime:0.1111s ]
SQL: UPDATE `bk_team` SET `name`='',`position`='',`intro`='',`header`='5660f92217b46.jpg' WHERE `id` = 44 [ RunTime:0.0966s ]
INFO: [ view_parse ] --START--
INFO: [ template_filter ] --START--
INFO: Run Behavior\ContentReplaceBehavior [ RunTime:0.000091s ]
INFO: [ template_filter ] --END-- [ RunTime:0.000201s ]
INFO: Run Behavior\ParseTemplateBehavior [ RunTime:0.013003s ]
INFO: [ view_parse ] --END-- [ RunTime:0.013125s ]
INFO: [ view_filter ] --START--
INFO: Run Behavior\WriteHtmlCacheBehavior [ RunTime:0.000872s ]
INFO: [ view_filter ] --END-- [ RunTime:0.000953s ]
INFO: [ app_end ] --START--
INFO: Run Behavior\ShowPageTraceBehavior [ RunTime:0.001308s ]
INFO: [ app_end ] --END-- [ RunTime:0.001388s ]

[ 2015-12-04T10:23:33+08:00 ] ::1 /bk/Admin/Team/teamInfo/token/F122222D-17A8-56CB-D768-148B5D29CA1B
INFO: [ app_init ] --START--
INFO: Run Behavior\BuildLiteBehavior [ RunTime:0.000052s ]
INFO: [ app_init ] --END-- [ RunTime:0.000805s ]
INFO: [ app_begin ] --START--
INFO: Run Behavior\ReadHtmlCacheBehavior [ RunTime:0.001345s ]
INFO: [ app_begin ] --END-- [ RunTime:0.001453s ]
SQL: SHOW COLUMNS FROM `bk_user` [ RunTime:0.1137s ]
SQL: SHOW COLUMNS FROM `bk_user` [ RunTime:0.2160s ]
SQL: SELECT * FROM `bk_user` WHERE ( token='F122222D-17A8-56CB-D768-148B5D29CA1B' )  [ RunTime:0.1052s ]
SQL: SHOW COLUMNS FROM `bk_team` [ RunTime:0.0987s ]
SQL: SHOW COLUMNS FROM `bk_team` [ RunTime:0.3077s ]
SQL: SELECT * FROM `bk_team`  [ RunTime:0.0979s ]
INFO: [ view_parse ] --START--
INFO: [ template_filter ] --START--
INFO: Run Behavior\ContentReplaceBehavior [ RunTime:0.000093s ]
INFO: [ template_filter ] --END-- [ RunTime:0.000200s ]
NOTIC: [8] Undefined variable: user E:\xampp\htdocs\bk\Application\Runtime\Cache\Admin\7c91a8daf37b35b9ad1ec0065300239b.php 第 19 行.
INFO: Run Behavior\ParseTemplateBehavior [ RunTime:0.018494s ]
INFO: [ view_parse ] --END-- [ RunTime:0.018641s ]
INFO: [ view_filter ] --START--
INFO: Run Behavior\WriteHtmlCacheBehavior [ RunTime:0.001007s ]
INFO: [ view_filter ] --END-- [ RunTime:0.001117s ]
INFO: [ app_end ] --START--
INFO: Run Behavior\ShowPageTraceBehavior [ RunTime:0.001315s ]
INFO: [ app_end ] --END-- [ RunTime:0.001399s ]

[ 2015-12-04T10:23:41+08:00 ] ::1 /bk/Admin/Team/editTeamPage/id/44/token/F122222D-17A8-56CB-D768-148B5D29CA1B
INFO: [ app_init ] --START--
INFO: Run Behavior\BuildLiteBehavior [ RunTime:0.000014s ]
INFO: [ app_init ] --END-- [ RunTime:0.000335s ]
INFO: [ app_begin ] --START--
INFO: Run Behavior\ReadHtmlCacheBehavior [ RunTime:0.000582s ]
INFO: [ app_begin ] --END-- [ RunTime:0.000629s ]
SQL: SHOW COLUMNS FROM `bk_user` [ RunTime:0.2204s ]
SQL: SHOW COLUMNS FROM `bk_user` [ RunTime:0.1460s ]
SQL: SELECT * FROM `bk_user` WHERE ( token='F122222D-17A8-56CB-D768-148B5D29CA1B' )  [ RunTime:0.0924s ]
SQL: SHOW COLUMNS FROM `bk_team` [ RunTime:0.2308s ]
SQL: SHOW COLUMNS FROM `bk_team` [ RunTime:0.1089s ]
SQL: SELECT * FROM `bk_team` WHERE ( id = '44' )  [ RunTime:0.0858s ]
INFO: [ view_parse ] --START--
INFO: [ template_filter ] --START--
INFO: Run Behavior\ContentReplaceBehavior [ RunTime:0.000086s ]
INFO: [ template_filter ] --END-- [ RunTime:0.000189s ]
INFO: Run Behavior\ParseTemplateBehavior [ RunTime:0.013484s ]
INFO: [ view_parse ] --END-- [ RunTime:0.013616s ]
INFO: [ view_filter ] --START--
INFO: Run Behavior\WriteHtmlCacheBehavior [ RunTime:0.000871s ]
INFO: [ view_filter ] --END-- [ RunTime:0.000951s ]
INFO: [ app_end ] --START--
INFO: Run Behavior\ShowPageTraceBehavior [ RunTime:0.001307s ]
INFO: [ app_end ] --END-- [ RunTime:0.001387s ]

[ 2015-12-04T10:24:01+08:00 ] ::1 /bk/Admin/Team/teamInfo/token/F122222D-17A8-56CB-D768-148B5D29CA1B
INFO: [ app_init ] --START--
INFO: Run Behavior\BuildLiteBehavior [ RunTime:0.000013s ]
INFO: [ app_init ] --END-- [ RunTime:0.000332s ]
INFO: [ app_begin ] --START--
INFO: Run Behavior\ReadHtmlCacheBehavior [ RunTime:0.000594s ]
INFO: [ app_begin ] --END-- [ RunTime:0.000640s ]
SQL: SHOW COLUMNS FROM `bk_user` [ RunTime:0.1135s ]
SQL: SHOW COLUMNS FROM `bk_user` [ RunTime:0.2400s ]
SQL: SELECT * FROM `bk_user` WHERE ( token='F122222D-17A8-56CB-D768-148B5D29CA1B' )  [ RunTime:0.0986s ]
SQL: SHOW COLUMNS FROM `bk_team` [ RunTime:0.1064s ]
SQL: SHOW COLUMNS FROM `bk_team` [ RunTime:0.2096s ]
SQL: SELECT * FROM `bk_team`  [ RunTime:0.0858s ]
INFO: [ view_parse ] --START--
INFO: [ template_filter ] --START--
INFO: Run Behavior\ContentReplaceBehavior [ RunTime:0.000092s ]
INFO: [ template_filter ] --END-- [ RunTime:0.000197s ]
NOTIC: [8] Undefined variable: user E:\xampp\htdocs\bk\Application\Runtime\Cache\Admin\7c91a8daf37b35b9ad1ec0065300239b.php 第 19 行.
INFO: Run Behavior\ParseTemplateBehavior [ RunTime:0.016499s ]
INFO: [ view_parse ] --END-- [ RunTime:0.016610s ]
INFO: [ view_filter ] --START--
INFO: Run Behavior\WriteHtmlCacheBehavior [ RunTime:0.000886s ]
INFO: [ view_filter ] --END-- [ RunTime:0.001005s ]
INFO: [ app_end ] --START--
INFO: Run Behavior\ShowPageTraceBehavior [ RunTime:0.001300s ]
INFO: [ app_end ] --END-- [ RunTime:0.001380s ]

[ 2015-12-04T10:34:10+08:00 ] ::1 /bk/Admin/Team/teamInfo/token/F122222D-17A8-56CB-D768-148B5D29CA1B
INFO: [ app_init ] --START--
INFO: Run Behavior\BuildLiteBehavior [ RunTime:0.000017s ]
INFO: [ app_init ] --END-- [ RunTime:0.000569s ]
INFO: [ app_begin ] --START--
INFO: Run Behavior\ReadHtmlCacheBehavior [ RunTime:0.001004s ]
INFO: [ app_begin ] --END-- [ RunTime:0.001092s ]
SQL: SHOW COLUMNS FROM `bk_user` [ RunTime:0.1075s ]
SQL: SHOW COLUMNS FROM `bk_user` [ RunTime:0.1019s ]
SQL: SELECT * FROM `bk_user` WHERE ( token='F122222D-17A8-56CB-D768-148B5D29CA1B' )  [ RunTime:0.0876s ]
SQL: SHOW COLUMNS FROM `bk_team` [ RunTime:0.1919s ]
SQL: SHOW COLUMNS FROM `bk_team` [ RunTime:0.0974s ]
SQL: SELECT * FROM `bk_team`  [ RunTime:0.0999s ]
INFO: [ view_parse ] --START--
INFO: [ template_filter ] --START--
INFO: Run Behavior\ContentReplaceBehavior [ RunTime:0.000118s ]
INFO: [ template_filter ] --END-- [ RunTime:0.000228s ]
NOTIC: [8] Undefined variable: user E:\xampp\htdocs\bk\Application\Runtime\Cache\Admin\7c91a8daf37b35b9ad1ec0065300239b.php 第 19 行.
INFO: Run Behavior\ParseTemplateBehavior [ RunTime:0.017605s ]
INFO: [ view_parse ] --END-- [ RunTime:0.017722s ]
INFO: [ view_filter ] --START--
INFO: Run Behavior\WriteHtmlCacheBehavior [ RunTime:0.000901s ]
INFO: [ view_filter ] --END-- [ RunTime:0.001011s ]
INFO: [ app_end ] --START--
INFO: Run Behavior\ShowPageTraceBehavior [ RunTime:0.001406s ]
INFO: [ app_end ] --END-- [ RunTime:0.001516s ]

[ 2015-12-04T10:34:12+08:00 ] ::1 /bk/Admin/Team/teamInfo/token/F122222D-17A8-56CB-D768-148B5D29CA1B
INFO: [ app_init ] --START--
INFO: Run Behavior\BuildLiteBehavior [ RunTime:0.000016s ]
INFO: [ app_init ] --END-- [ RunTime:0.000518s ]
INFO: [ app_begin ] --START--
INFO: Run Behavior\ReadHtmlCacheBehavior [ RunTime:0.000586s ]
INFO: [ app_begin ] --END-- [ RunTime:0.000648s ]
SQL: SHOW COLUMNS FROM `bk_user` [ RunTime:0.1028s ]
SQL: SHOW COLUMNS FROM `bk_user` [ RunTime:0.3259s ]
SQL: SELECT * FROM `bk_user` WHERE ( token='F122222D-17A8-56CB-D768-148B5D29CA1B' )  [ RunTime:0.1040s ]
SQL: SHOW COLUMNS FROM `bk_team` [ RunTime:0.0918s ]
SQL: SHOW COLUMNS FROM `bk_team` [ RunTime:0.2470s ]
SQL: SELECT * FROM `bk_team`  [ RunTime:0.1011s ]
INFO: [ view_parse ] --START--
INFO: [ template_filter ] --START--
INFO: Run Behavior\ContentReplaceBehavior [ RunTime:0.000093s ]
INFO: [ template_filter ] --END-- [ RunTime:0.000198s ]
NOTIC: [8] Undefined variable: user E:\xampp\htdocs\bk\Application\Runtime\Cache\Admin\7c91a8daf37b35b9ad1ec0065300239b.php 第 19 行.
INFO: Run Behavior\ParseTemplateBehavior [ RunTime:0.014947s ]
INFO: [ view_parse ] --END-- [ RunTime:0.015067s ]
INFO: [ view_filter ] --START--
INFO: Run Behavior\WriteHtmlCacheBehavior [ RunTime:0.000520s ]
INFO: [ view_filter ] --END-- [ RunTime:0.000598s ]
INFO: [ app_end ] --START--
INFO: Run Behavior\ShowPageTraceBehavior [ RunTime:0.000987s ]
INFO: [ app_end ] --END-- [ RunTime:0.001081s ]

[ 2015-12-04T10:34:22+08:00 ] ::1 /bk/Admin/Team/addTeamPage/token/F122222D-17A8-56CB-D768-148B5D29CA1B
INFO: [ app_init ] --START--
INFO: Run Behavior\BuildLiteBehavior [ RunTime:0.000013s ]
INFO: [ app_init ] --END-- [ RunTime:0.000323s ]
INFO: [ app_begin ] --START--
INFO: Run Behavior\ReadHtmlCacheBehavior [ RunTime:0.000453s ]
INFO: [ app_begin ] --END-- [ RunTime:0.000499s ]
SQL: SHOW COLUMNS FROM `bk_user` [ RunTime:0.3150s ]
SQL: SHOW COLUMNS FROM `bk_user` [ RunTime:0.1002s ]
SQL: SELECT * FROM `bk_user` WHERE ( token='F122222D-17A8-56CB-D768-148B5D29CA1B' )  [ RunTime:0.3487s ]
INFO: [ view_parse ] --START--
INFO: [ template_filter ] --START--
INFO: Run Behavior\ContentReplaceBehavior [ RunTime:0.000096s ]
INFO: [ template_filter ] --END-- [ RunTime:0.000208s ]
INFO: Run Behavior\ParseTemplateBehavior [ RunTime:0.013071s ]
INFO: [ view_parse ] --END-- [ RunTime:0.013199s ]
INFO: [ view_filter ] --START--
INFO: Run Behavior\WriteHtmlCacheBehavior [ RunTime:0.000551s ]
INFO: [ view_filter ] --END-- [ RunTime:0.000636s ]
INFO: [ app_end ] --START--
INFO: Run Behavior\ShowPageTraceBehavior [ RunTime:0.000970s ]
INFO: [ app_end ] --END-- [ RunTime:0.001055s ]

[ 2015-12-04T10:34:40+08:00 ] ::1 /bk/Admin/Team/teamInfo/token/F122222D-17A8-56CB-D768-148B5D29CA1B
INFO: [ app_init ] --START--
INFO: Run Behavior\BuildLiteBehavior [ RunTime:0.000016s ]
INFO: [ app_init ] --END-- [ RunTime:0.000375s ]
INFO: [ app_begin ] --START--
INFO: Run Behavior\ReadHtmlCacheBehavior [ RunTime:0.000377s ]
INFO: [ app_begin ] --END-- [ RunTime:0.000420s ]
SQL: SHOW COLUMNS FROM `bk_user` [ RunTime:0.2476s ]
SQL: SHOW COLUMNS FROM `bk_user` [ RunTime:0.1994s ]
SQL: SELECT * FROM `bk_user` WHERE ( token='F122222D-17A8-56CB-D768-148B5D29CA1B' )  [ RunTime:0.7707s ]
SQL: SHOW COLUMNS FROM `bk_team` [ RunTime:0.0947s ]
SQL: SHOW COLUMNS FROM `bk_team` [ RunTime:0.1450s ]
SQL: SELECT * FROM `bk_team`  [ RunTime:0.2133s ]
INFO: [ view_parse ] --START--
INFO: [ template_filter ] --START--
INFO: Run Behavior\ContentReplaceBehavior [ RunTime:0.000091s ]
INFO: [ template_filter ] --END-- [ RunTime:0.000195s ]
NOTIC: [8] Undefined variable: user E:\xampp\htdocs\bk\Application\Runtime\Cache\Admin\7c91a8daf37b35b9ad1ec0065300239b.php 第 19 行.
INFO: Run Behavior\ParseTemplateBehavior [ RunTime:0.014569s ]
INFO: [ view_parse ] --END-- [ RunTime:0.014728s ]
INFO: [ view_filter ] --START--
INFO: Run Behavior\WriteHtmlCacheBehavior [ RunTime:0.000394s ]
INFO: [ view_filter ] --END-- [ RunTime:0.000474s ]
INFO: [ app_end ] --START--
INFO: Run Behavior\ShowPageTraceBehavior [ RunTime:0.000816s ]
INFO: [ app_end ] --END-- [ RunTime:0.000894s ]

