[ 2015-11-28T17:07:35+08:00 ] ::1 /bk/Admin/UpLoad/Uploading
INFO: [ app_init ] --START--
INFO: Run Behavior\BuildLiteBehavior [ RunTime:0.000020s ]
INFO: [ app_init ] --END-- [ RunTime:0.033524s ]
INFO: [ app_begin ] --START--
INFO: Run Behavior\ReadHtmlCacheBehavior [ RunTime:0.027094s ]
INFO: [ app_begin ] --END-- [ RunTime:0.027192s ]
NOTIC: [8] Undefined index: photo E:\xampp\htdocs\bk\Application\Admin\Controller\UpLoadController.class.php Á¨¨ 17 Ë°å.
NOTIC: [8] Undefined index: error E:\xampp\htdocs\bk\ThinkPHP\Library\Think\Upload.class.php Á¨¨ 269 Ë°å.
NOTIC: [8] Undefined index: tmp_name E:\xampp\htdocs\bk\ThinkPHP\Library\Think\Upload.class.php Á¨¨ 280 Ë°å.
INFO: [ view_parse ] --START--
INFO: [ template_filter ] --START--
INFO: Run Behavior\ContentReplaceBehavior [ RunTime:0.000109s ]
INFO: [ template_filter ] --END-- [ RunTime:0.000196s ]
INFO: Run Behavior\ParseTemplateBehavior [ RunTime:0.375671s ]
INFO: [ view_parse ] --END-- [ RunTime:0.375754s ]
INFO: [ view_filter ] --START--
INFO: Run Behavior\WriteHtmlCacheBehavior [ RunTime:0.041087s ]
INFO: [ view_filter ] --END-- [ RunTime:0.041165s ]

[ 2015-11-28T17:07:58+08:00 ] ::1 /bk/Admin/UpLoad/main
INFO: [ app_init ] --START--
INFO: Run Behavior\BuildLiteBehavior [ RunTime:0.000015s ]
INFO: [ app_init ] --END-- [ RunTime:0.000668s ]
INFO: [ app_begin ] --START--
INFO: Run Behavior\ReadHtmlCacheBehavior [ RunTime:0.000994s ]
INFO: [ app_begin ] --END-- [ RunTime:0.001069s ]
INFO: [ view_parse ] --START--
INFO: [ template_filter ] --START--
INFO: Run Behavior\ContentReplaceBehavior [ RunTime:0.000063s ]
INFO: [ template_filter ] --END-- [ RunTime:0.000151s ]
INFO: Run Behavior\ParseTemplateBehavior [ RunTime:0.058068s ]
INFO: [ view_parse ] --END-- [ RunTime:0.058144s ]
INFO: [ view_filter ] --START--
INFO: Run Behavior\WriteHtmlCacheBehavior [ RunTime:0.000682s ]
INFO: [ view_filter ] --END-- [ RunTime:0.000729s ]
INFO: [ app_end ] --START--
INFO: Run Behavior\ShowPageTraceBehavior [ RunTime:0.031785s ]
INFO: [ app_end ] --END-- [ RunTime:0.031855s ]

[ 2015-11-28T17:08:12+08:00 ] ::1 /bk/Admin/UpLoad/Uploading
INFO: [ app_init ] --START--
INFO: Run Behavior\BuildLiteBehavior [ RunTime:0.000020s ]
INFO: [ app_init ] --END-- [ RunTime:0.000828s ]
INFO: [ app_begin ] --START--
INFO: Run Behavior\ReadHtmlCacheBehavior [ RunTime:0.001299s ]
INFO: [ app_begin ] --END-- [ RunTime:0.001370s ]
NOTIC: [2] call_user_func() expects parameter 1 to be a valid callback, no array or string given E:\xampp\htdocs\bk\ThinkPHP\Library\Think\Upload.class.php Á¨¨ 170 Ë°å.
INFO: [ app_end ] --START--
INFO: Run Behavior\ShowPageTraceBehavior [ RunTime:0.001960s ]
INFO: [ app_end ] --END-- [ RunTime:0.002089s ]

[ 2015-11-28T17:08:42+08:00 ] ::1 /bk/Admin/UpLoad/main
INFO: [ app_init ] --START--
INFO: Run Behavior\BuildLiteBehavior [ RunTime:0.000015s ]
INFO: [ app_init ] --END-- [ RunTime:0.000603s ]
INFO: [ app_begin ] --START--
INFO: Run Behavior\ReadHtmlCacheBehavior [ RunTime:0.000929s ]
INFO: [ app_begin ] --END-- [ RunTime:0.000982s ]
INFO: [ view_parse ] --START--
INFO: [ template_filter ] --START--
INFO: Run Behavior\ContentReplaceBehavior [ RunTime:0.000054s ]
INFO: [ template_filter ] --END-- [ RunTime:0.000134s ]
INFO: Run Behavior\ParseTemplateBehavior [ RunTime:0.021701s ]
INFO: [ view_parse ] --END-- [ RunTime:0.021782s ]
INFO: [ view_filter ] --START--
INFO: Run Behavior\WriteHtmlCacheBehavior [ RunTime:0.000775s ]
INFO: [ view_filter ] --END-- [ RunTime:0.000827s ]
INFO: [ app_end ] --START--
INFO: Run Behavior\ShowPageTraceBehavior [ RunTime:0.000933s ]
INFO: [ app_end ] --END-- [ RunTime:0.000986s ]

[ 2015-11-28T17:09:40+08:00 ] ::1 /bk/Admin/UpLoad/main
INFO: [ app_init ] --START--
INFO: Run Behavior\BuildLiteBehavior [ RunTime:0.000016s ]
INFO: [ app_init ] --END-- [ RunTime:0.000607s ]
INFO: [ app_begin ] --START--
INFO: Run Behavior\ReadHtmlCacheBehavior [ RunTime:0.001000s ]
INFO: [ app_begin ] --END-- [ RunTime:0.001069s ]
INFO: [ view_parse ] --START--
INFO: [ template_filter ] --START--
INFO: Run Behavior\ContentReplaceBehavior [ RunTime:0.000046s ]
INFO: [ template_filter ] --END-- [ RunTime:0.000115s ]
INFO: Run Behavior\ParseTemplateBehavior [ RunTime:0.009924s ]
INFO: [ view_parse ] --END-- [ RunTime:0.010005s ]
INFO: [ view_filter ] --START--
INFO: Run Behavior\WriteHtmlCacheBehavior [ RunTime:0.000648s ]
INFO: [ view_filter ] --END-- [ RunTime:0.000695s ]
INFO: [ app_end ] --START--
INFO: Run Behavior\ShowPageTraceBehavior [ RunTime:0.000842s ]
INFO: [ app_end ] --END-- [ RunTime:0.000890s ]

[ 2015-11-28T17:09:44+08:00 ] ::1 /bk/Admin/UpLoad/Uploading
INFO: [ app_init ] --START--
INFO: Run Behavior\BuildLiteBehavior [ RunTime:0.000024s ]
INFO: [ app_init ] --END-- [ RunTime:0.000719s ]
INFO: [ app_begin ] --START--
INFO: Run Behavior\ReadHtmlCacheBehavior [ RunTime:0.001006s ]
INFO: [ app_begin ] --END-- [ RunTime:0.001064s ]
NOTIC: [2] call_user_func() expects parameter 1 to be a valid callback, no array or string given E:\xampp\htdocs\bk\ThinkPHP\Library\Think\Upload.class.php Á¨¨ 170 Ë°å.
INFO: [ app_end ] --START--
INFO: Run Behavior\ShowPageTraceBehavior [ RunTime:0.001028s ]
INFO: [ app_end ] --END-- [ RunTime:0.001108s ]

[ 2015-11-28T17:10:14+08:00 ] ::1 /bk/Admin/UpLoad/main
INFO: [ app_init ] --START--
INFO: Run Behavior\BuildLiteBehavior [ RunTime:0.000016s ]
INFO: [ app_init ] --END-- [ RunTime:0.000634s ]
INFO: [ app_begin ] --START--
INFO: Run Behavior\ReadHtmlCacheBehavior [ RunTime:0.001138s ]
INFO: [ app_begin ] --END-- [ RunTime:0.001195s ]
INFO: [ view_parse ] --START--
INFO: [ template_filter ] --START--
INFO: Run Behavior\ContentReplaceBehavior [ RunTime:0.000043s ]
INFO: [ template_filter ] --END-- [ RunTime:0.000111s ]
INFO: Run Behavior\ParseTemplateBehavior [ RunTime:0.012900s ]
INFO: [ view_parse ] --END-- [ RunTime:0.012990s ]
INFO: [ view_filter ] --START--
INFO: Run Behavior\WriteHtmlCacheBehavior [ RunTime:0.001021s ]
INFO: [ view_filter ] --END-- [ RunTime:0.001085s ]
INFO: [ app_end ] --START--
INFO: Run Behavior\ShowPageTraceBehavior [ RunTime:0.001192s ]
INFO: [ app_end ] --END-- [ RunTime:0.001244s ]

[ 2015-11-28T17:13:24+08:00 ] ::1 /bk/Admin/UpLoad/main
INFO: [ app_init ] --START--
INFO: Run Behavior\BuildLiteBehavior [ RunTime:0.000017s ]
INFO: [ app_init ] --END-- [ RunTime:0.000932s ]
INFO: [ app_begin ] --START--
INFO: Run Behavior\ReadHtmlCacheBehavior [ RunTime:0.001050s ]
INFO: [ app_begin ] --END-- [ RunTime:0.001117s ]
INFO: [ view_parse ] --START--
INFO: [ template_filter ] --START--
INFO: Run Behavior\ContentReplaceBehavior [ RunTime:0.000042s ]
INFO: [ template_filter ] --END-- [ RunTime:0.000108s ]
INFO: Run Behavior\ParseTemplateBehavior [ RunTime:0.009348s ]
INFO: [ view_parse ] --END-- [ RunTime:0.009423s ]
INFO: [ view_filter ] --START--
INFO: Run Behavior\WriteHtmlCacheBehavior [ RunTime:0.000694s ]
INFO: [ view_filter ] --END-- [ RunTime:0.000742s ]
INFO: [ app_end ] --START--
INFO: Run Behavior\ShowPageTraceBehavior [ RunTime:0.000881s ]
INFO: [ app_end ] --END-- [ RunTime:0.000930s ]

[ 2015-11-28T17:13:30+08:00 ] ::1 /bk/Admin/UpLoad/Uploading
INFO: [ app_init ] --START--
INFO: Run Behavior\BuildLiteBehavior [ RunTime:0.000016s ]
INFO: [ app_init ] --END-- [ RunTime:0.000602s ]
INFO: [ app_begin ] --START--
INFO: Run Behavior\ReadHtmlCacheBehavior [ RunTime:0.000881s ]
INFO: [ app_begin ] --END-- [ RunTime:0.000937s ]
NOTIC: [2] call_user_func() expects parameter 1 to be a valid callback, no array or string given E:\xampp\htdocs\bk\ThinkPHP\Library\Think\Upload.class.php Á¨¨ 170 Ë°å.
INFO: [ app_end ] --START--
INFO: Run Behavior\ShowPageTraceBehavior [ RunTime:0.001012s ]
INFO: [ app_end ] --END-- [ RunTime:0.001089s ]

[ 2015-11-28T17:14:01+08:00 ] ::1 /bk/Admin/UpLoad/main
INFO: [ app_init ] --START--
INFO: Run Behavior\BuildLiteBehavior [ RunTime:0.000015s ]
INFO: [ app_init ] --END-- [ RunTime:0.000616s ]
INFO: [ app_begin ] --START--
INFO: Run Behavior\ReadHtmlCacheBehavior [ RunTime:0.000913s ]
INFO: [ app_begin ] --END-- [ RunTime:0.000975s ]
INFO: [ view_parse ] --START--
INFO: [ template_filter ] --START--
INFO: Run Behavior\ContentReplaceBehavior [ RunTime:0.000044s ]
INFO: [ template_filter ] --END-- [ RunTime:0.000110s ]
INFO: Run Behavior\ParseTemplateBehavior [ RunTime:0.009013s ]
INFO: [ view_parse ] --END-- [ RunTime:0.009087s ]
INFO: [ view_filter ] --START--
INFO: Run Behavior\WriteHtmlCacheBehavior [ RunTime:0.000761s ]
INFO: [ view_filter ] --END-- [ RunTime:0.000810s ]
INFO: [ app_end ] --START--
INFO: Run Behavior\ShowPageTraceBehavior [ RunTime:0.001224s ]
INFO: [ app_end ] --END-- [ RunTime:0.001355s ]

[ 2015-11-28T17:15:46+08:00 ] ::1 /bk/Admin/UpLoad/main
INFO: [ app_init ] --START--
INFO: Run Behavior\BuildLiteBehavior [ RunTime:0.000019s ]
INFO: [ app_init ] --END-- [ RunTime:0.000721s ]
INFO: [ app_begin ] --START--
INFO: Run Behavior\ReadHtmlCacheBehavior [ RunTime:0.001093s ]
INFO: [ app_begin ] --END-- [ RunTime:0.001174s ]
INFO: [ view_parse ] --START--
INFO: [ template_filter ] --START--
INFO: Run Behavior\ContentReplaceBehavior [ RunTime:0.000042s ]
INFO: [ template_filter ] --END-- [ RunTime:0.000102s ]
INFO: Run Behavior\ParseTemplateBehavior [ RunTime:0.009342s ]
INFO: [ view_parse ] --END-- [ RunTime:0.009419s ]
INFO: [ view_filter ] --START--
INFO: Run Behavior\WriteHtmlCacheBehavior [ RunTime:0.000854s ]
INFO: [ view_filter ] --END-- [ RunTime:0.000909s ]
INFO: [ app_end ] --START--
INFO: Run Behavior\ShowPageTraceBehavior [ RunTime:0.000985s ]
INFO: [ app_end ] --END-- [ RunTime:0.001037s ]

[ 2015-11-28T17:15:50+08:00 ] ::1 /bk/Admin/UpLoad/Uploading
INFO: [ app_init ] --START--
INFO: Run Behavior\BuildLiteBehavior [ RunTime:0.000015s ]
INFO: [ app_init ] --END-- [ RunTime:0.000579s ]
INFO: [ app_begin ] --START--
INFO: Run Behavior\ReadHtmlCacheBehavior [ RunTime:0.000885s ]
INFO: [ app_begin ] --END-- [ RunTime:0.000937s ]
INFO: [ view_parse ] --START--
INFO: [ template_filter ] --START--
INFO: Run Behavior\ContentReplaceBehavior [ RunTime:0.000052s ]
INFO: [ template_filter ] --END-- [ RunTime:0.000117s ]
INFO: Run Behavior\ParseTemplateBehavior [ RunTime:0.010375s ]
INFO: [ view_parse ] --END-- [ RunTime:0.010453s ]
INFO: [ view_filter ] --START--
INFO: Run Behavior\WriteHtmlCacheBehavior [ RunTime:0.000753s ]
INFO: [ view_filter ] --END-- [ RunTime:0.000819s ]

[ 2015-11-28T17:16:18+08:00 ] ::1 /bk/Admin/UpLoad/Uploading
INFO: [ app_init ] --START--
INFO: Run Behavior\BuildLiteBehavior [ RunTime:0.000018s ]
INFO: [ app_init ] --END-- [ RunTime:0.000831s ]
INFO: [ app_begin ] --START--
INFO: Run Behavior\ReadHtmlCacheBehavior [ RunTime:0.001181s ]
INFO: [ app_begin ] --END-- [ RunTime:0.001261s ]
NOTIC: [2] call_user_func() expects parameter 1 to be a valid callback, no array or string given E:\xampp\htdocs\bk\ThinkPHP\Library\Think\Upload.class.php Á¨¨ 170 Ë°å.
INFO: [ app_end ] --START--
INFO: Run Behavior\ShowPageTraceBehavior [ RunTime:0.001060s ]
INFO: [ app_end ] --END-- [ RunTime:0.001151s ]

[ 2015-11-28T17:16:37+08:00 ] ::1 /bk/Admin/UpLoad/Uploading
INFO: [ app_init ] --START--
INFO: Run Behavior\BuildLiteBehavior [ RunTime:0.000025s ]
INFO: [ app_init ] --END-- [ RunTime:0.001383s ]
INFO: [ app_begin ] --START--
INFO: Run Behavior\ReadHtmlCacheBehavior [ RunTime:0.001142s ]
INFO: [ app_begin ] --END-- [ RunTime:0.001226s ]
NOTIC: [2] call_user_func() expects parameter 1 to be a valid callback, no array or string given E:\xampp\htdocs\bk\ThinkPHP\Library\Think\Upload.class.php Á¨¨ 170 Ë°å.
INFO: [ app_end ] --START--
INFO: Run Behavior\ShowPageTraceBehavior [ RunTime:0.001283s ]
INFO: [ app_end ] --END-- [ RunTime:0.001384s ]

[ 2015-11-28T17:16:47+08:00 ] ::1 /bk/Admin/UpLoad/main
INFO: [ app_init ] --START--
INFO: Run Behavior\BuildLiteBehavior [ RunTime:0.000014s ]
INFO: [ app_init ] --END-- [ RunTime:0.000542s ]
INFO: [ app_begin ] --START--
INFO: Run Behavior\ReadHtmlCacheBehavior [ RunTime:0.000915s ]
INFO: [ app_begin ] --END-- [ RunTime:0.000984s ]
INFO: [ view_parse ] --START--
INFO: [ template_filter ] --START--
INFO: Run Behavior\ContentReplaceBehavior [ RunTime:0.000057s ]
INFO: [ template_filter ] --END-- [ RunTime:0.000147s ]
INFO: Run Behavior\ParseTemplateBehavior [ RunTime:0.012560s ]
INFO: [ view_parse ] --END-- [ RunTime:0.012653s ]
INFO: [ view_filter ] --START--
INFO: Run Behavior\WriteHtmlCacheBehavior [ RunTime:0.000725s ]
INFO: [ view_filter ] --END-- [ RunTime:0.000774s ]
INFO: [ app_end ] --START--
INFO: Run Behavior\ShowPageTraceBehavior [ RunTime:0.000966s ]
INFO: [ app_end ] --END-- [ RunTime:0.001057s ]

[ 2015-11-28T17:16:51+08:00 ] ::1 /bk/Admin/UpLoad/Uploading
INFO: [ app_init ] --START--
INFO: Run Behavior\BuildLiteBehavior [ RunTime:0.000025s ]
INFO: [ app_init ] --END-- [ RunTime:0.000870s ]
INFO: [ app_begin ] --START--
INFO: Run Behavior\ReadHtmlCacheBehavior [ RunTime:0.001123s ]
INFO: [ app_begin ] --END-- [ RunTime:0.001179s ]
NOTIC: [2] call_user_func() expects parameter 1 to be a valid callback, no array or string given E:\xampp\htdocs\bk\ThinkPHP\Library\Think\Upload.class.php Á¨¨ 170 Ë°å.
INFO: [ app_end ] --START--
INFO: Run Behavior\ShowPageTraceBehavior [ RunTime:0.001003s ]
INFO: [ app_end ] --END-- [ RunTime:0.001077s ]

[ 2015-11-28T17:17:36+08:00 ] ::1 /bk/Admin/UpLoad/main
INFO: [ app_init ] --START--
INFO: Run Behavior\BuildLiteBehavior [ RunTime:0.000026s ]
INFO: [ app_init ] --END-- [ RunTime:0.001229s ]
INFO: [ app_begin ] --START--
INFO: Run Behavior\ReadHtmlCacheBehavior [ RunTime:0.001291s ]
INFO: [ app_begin ] --END-- [ RunTime:0.001400s ]
INFO: [ view_parse ] --START--
INFO: [ template_filter ] --START--
INFO: Run Behavior\ContentReplaceBehavior [ RunTime:0.000053s ]
INFO: [ template_filter ] --END-- [ RunTime:0.000128s ]
INFO: Run Behavior\ParseTemplateBehavior [ RunTime:0.009749s ]
INFO: [ view_parse ] --END-- [ RunTime:0.009837s ]
INFO: [ view_filter ] --START--
INFO: Run Behavior\WriteHtmlCacheBehavior [ RunTime:0.000697s ]
INFO: [ view_filter ] --END-- [ RunTime:0.000750s ]
INFO: [ app_end ] --START--
INFO: Run Behavior\ShowPageTraceBehavior [ RunTime:0.000882s ]
INFO: [ app_end ] --END-- [ RunTime:0.000941s ]

[ 2015-11-28T17:20:07+08:00 ] ::1 /bk/Admin/UpLoad/main
INFO: [ app_init ] --START--
INFO: Run Behavior\BuildLiteBehavior [ RunTime:0.000015s ]
INFO: [ app_init ] --END-- [ RunTime:0.000620s ]
INFO: [ app_begin ] --START--
INFO: Run Behavior\ReadHtmlCacheBehavior [ RunTime:0.001030s ]
INFO: [ app_begin ] --END-- [ RunTime:0.001108s ]
INFO: [ view_parse ] --START--
INFO: [ template_filter ] --START--
INFO: Run Behavior\ContentReplaceBehavior [ RunTime:0.000051s ]
INFO: [ template_filter ] --END-- [ RunTime:0.000119s ]
INFO: Run Behavior\ParseTemplateBehavior [ RunTime:0.015444s ]
INFO: [ view_parse ] --END-- [ RunTime:0.015522s ]
INFO: [ view_filter ] --START--
INFO: Run Behavior\WriteHtmlCacheBehavior [ RunTime:0.000642s ]
INFO: [ view_filter ] --END-- [ RunTime:0.000691s ]
INFO: [ app_end ] --START--
INFO: Run Behavior\ShowPageTraceBehavior [ RunTime:0.000877s ]
INFO: [ app_end ] --END-- [ RunTime:0.000930s ]

[ 2015-11-28T17:20:30+08:00 ] ::1 /bk/Admin/UpLoad/main
INFO: [ app_init ] --START--
INFO: Run Behavior\BuildLiteBehavior [ RunTime:0.000014s ]
INFO: [ app_init ] --END-- [ RunTime:0.000601s ]
INFO: [ app_begin ] --START--
INFO: Run Behavior\ReadHtmlCacheBehavior [ RunTime:0.001244s ]
INFO: [ app_begin ] --END-- [ RunTime:0.001322s ]
INFO: [ view_parse ] --START--
INFO: [ template_filter ] --START--
INFO: Run Behavior\ContentReplaceBehavior [ RunTime:0.000048s ]
INFO: [ template_filter ] --END-- [ RunTime:0.000117s ]
INFO: Run Behavior\ParseTemplateBehavior [ RunTime:0.009514s ]
INFO: [ view_parse ] --END-- [ RunTime:0.009583s ]
INFO: [ view_filter ] --START--
INFO: Run Behavior\WriteHtmlCacheBehavior [ RunTime:0.000608s ]
INFO: [ view_filter ] --END-- [ RunTime:0.000656s ]
INFO: [ app_end ] --START--
INFO: Run Behavior\ShowPageTraceBehavior [ RunTime:0.000860s ]
INFO: [ app_end ] --END-- [ RunTime:0.000911s ]

[ 2015-11-28T17:20:39+08:00 ] ::1 /bk/Admin/UpLoad/Uploading
INFO: [ app_init ] --START--
INFO: Run Behavior\BuildLiteBehavior [ RunTime:0.000013s ]
INFO: [ app_init ] --END-- [ RunTime:0.000567s ]
INFO: [ app_begin ] --START--
INFO: Run Behavior\ReadHtmlCacheBehavior [ RunTime:0.000871s ]
INFO: [ app_begin ] --END-- [ RunTime:0.000926s ]
NOTIC: [2] call_user_func() expects parameter 1 to be a valid callback, no array or string given E:\xampp\htdocs\bk\ThinkPHP\Library\Think\Upload.class.php Á¨¨ 170 Ë°å.
NOTIC: [2] call_user_func() expects parameter 1 to be a valid callback, no array or string given E:\xampp\htdocs\bk\ThinkPHP\Library\Think\Upload.class.php Á¨¨ 170 Ë°å.
NOTIC: [2] call_user_func() expects parameter 1 to be a valid callback, no array or string given E:\xampp\htdocs\bk\ThinkPHP\Library\Think\Upload.class.php Á¨¨ 170 Ë°å.
NOTIC: [8] Undefined index: savepath E:\xampp\htdocs\bk\Application\Admin\Controller\UpLoadController.class.php Á¨¨ 21 Ë°å.
NOTIC: [8] Undefined index: savename E:\xampp\htdocs\bk\Application\Admin\Controller\UpLoadController.class.php Á¨¨ 21 Ë°å.
INFO: [ app_end ] --START--
INFO: Run Behavior\ShowPageTraceBehavior [ RunTime:0.001015s ]
INFO: [ app_end ] --END-- [ RunTime:0.001076s ]

[ 2015-11-28T17:22:07+08:00 ] ::1 /bk/Admin/UpLoad/Uploading
INFO: [ app_init ] --START--
INFO: Run Behavior\BuildLiteBehavior [ RunTime:0.000015s ]
INFO: [ app_init ] --END-- [ RunTime:0.000609s ]
INFO: [ app_begin ] --START--
INFO: Run Behavior\ReadHtmlCacheBehavior [ RunTime:0.000913s ]
INFO: [ app_begin ] --END-- [ RunTime:0.000970s ]
NOTIC: [8] Undefined index: photo1 E:\xampp\htdocs\bk\Application\Admin\Controller\UpLoadController.class.php Á¨¨ 17 Ë°å.
INFO: [ view_parse ] --START--
INFO: [ template_filter ] --START--
INFO: Run Behavior\ContentReplaceBehavior [ RunTime:0.000053s ]
INFO: [ template_filter ] --END-- [ RunTime:0.000121s ]
INFO: Run Behavior\ParseTemplateBehavior [ RunTime:0.009931s ]
INFO: [ view_parse ] --END-- [ RunTime:0.010008s ]
INFO: [ view_filter ] --START--
INFO: Run Behavior\WriteHtmlCacheBehavior [ RunTime:0.000670s ]
INFO: [ view_filter ] --END-- [ RunTime:0.000719s ]

[ 2015-11-28T17:22:11+08:00 ] ::1 /bk/Admin/UpLoad/Uploading
INFO: [ app_init ] --START--
INFO: Run Behavior\BuildLiteBehavior [ RunTime:0.000019s ]
INFO: [ app_init ] --END-- [ RunTime:0.000760s ]
INFO: [ app_begin ] --START--
INFO: Run Behavior\ReadHtmlCacheBehavior [ RunTime:0.001002s ]
INFO: [ app_begin ] --END-- [ RunTime:0.001058s ]
NOTIC: [2] Illegal string offset 'name' E:\xampp\htdocs\bk\ThinkPHP\Library\Think\Upload.class.php Á¨¨ 230 Ë°å.
NOTIC: [2] Illegal string offset 'name' E:\xampp\htdocs\bk\ThinkPHP\Library\Think\Upload.class.php Á¨¨ 148 Ë°å.
NOTIC: [2] Illegal string offset 'name' E:\xampp\htdocs\bk\ThinkPHP\Library\Think\Upload.class.php Á¨¨ 148 Ë°å.
NOTIC: [2] Illegal string offset 'key' E:\xampp\htdocs\bk\ThinkPHP\Library\Think\Upload.class.php Á¨¨ 149 Ë°å.
NOTIC: [2] Illegal string offset 'name' E:\xampp\htdocs\bk\ThinkPHP\Library\Think\Upload.class.php Á¨¨ 156 Ë°å.
NOTIC: [2] Illegal string offset 'ext' E:\xampp\htdocs\bk\ThinkPHP\Library\Think\Upload.class.php Á¨¨ 156 Ë°å.
NOTIC: [2] Illegal string offset 'error' E:\xampp\htdocs\bk\ThinkPHP\Library\Think\Upload.class.php Á¨¨ 269 Ë°å.
NOTIC: [2] Illegal string offset 'error' E:\xampp\htdocs\bk\ThinkPHP\Library\Think\Upload.class.php Á¨¨ 270 Ë°å.
NOTIC: [2] Illegal string offset 'name' E:\xampp\htdocs\bk\ThinkPHP\Library\Think\Upload.class.php Á¨¨ 148 Ë°å.
NOTIC: [2] Illegal string offset 'name' E:\xampp\htdocs\bk\ThinkPHP\Library\Think\Upload.class.php Á¨¨ 148 Ë°å.
NOTIC: [2] Illegal string offset 'key' E:\xampp\htdocs\bk\ThinkPHP\Library\Think\Upload.class.php Á¨¨ 149 Ë°å.
NOTIC: [2] Illegal string offset 'name' E:\xampp\htdocs\bk\ThinkPHP\Library\Think\Upload.class.php Á¨¨ 156 Ë°å.
NOTIC: [2] Illegal string offset 'ext' E:\xampp\htdocs\bk\ThinkPHP\Library\Think\Upload.class.php Á¨¨ 156 Ë°å.
NOTIC: [2] Illegal string offset 'error' E:\xampp\htdocs\bk\ThinkPHP\Library\Think\Upload.class.php Á¨¨ 269 Ë°å.
NOTIC: [2] Illegal string offset 'error' E:\xampp\htdocs\bk\ThinkPHP\Library\Think\Upload.class.php Á¨¨ 270 Ë°å.
NOTIC: [2] Illegal string offset 'name' E:\xampp\htdocs\bk\ThinkPHP\Library\Think\Upload.class.php Á¨¨ 148 Ë°å.
NOTIC: [2] Illegal string offset 'name' E:\xampp\htdocs\bk\ThinkPHP\Library\Think\Upload.class.php Á¨¨ 148 Ë°å.
NOTIC: [2] Illegal string offset 'key' E:\xampp\htdocs\bk\ThinkPHP\Library\Think\Upload.class.php Á¨¨ 149 Ë°å.
NOTIC: [2] Illegal string offset 'name' E:\xampp\htdocs\bk\ThinkPHP\Library\Think\Upload.class.php Á¨¨ 156 Ë°å.
NOTIC: [2] Illegal string offset 'ext' E:\xampp\htdocs\bk\ThinkPHP\Library\Think\Upload.class.php Á¨¨ 156 Ë°å.
NOTIC: [2] Illegal string offset 'error' E:\xampp\htdocs\bk\ThinkPHP\Library\Think\Upload.class.php Á¨¨ 269 Ë°å.
NOTIC: [2] Illegal string offset 'error' E:\xampp\htdocs\bk\ThinkPHP\Library\Think\Upload.class.php Á¨¨ 270 Ë°å.
NOTIC: [2] Cannot use a scalar value as an array E:\xampp\htdocs\bk\ThinkPHP\Library\Think\Upload.class.php Á¨¨ 148 Ë°å.
NOTIC: [2] Cannot use a scalar value as an array E:\xampp\htdocs\bk\ThinkPHP\Library\Think\Upload.class.php Á¨¨ 149 Ë°å.
NOTIC: [2] Cannot use a scalar value as an array E:\xampp\htdocs\bk\ThinkPHP\Library\Think\Upload.class.php Á¨¨ 156 Ë°å.
NOTIC: [2] Cannot use a scalar value as an array E:\xampp\htdocs\bk\ThinkPHP\Library\Think\Upload.class.php Á¨¨ 148 Ë°å.
NOTIC: [2] Cannot use a scalar value as an array E:\xampp\htdocs\bk\ThinkPHP\Library\Think\Upload.class.php Á¨¨ 149 Ë°å.
NOTIC: [2] Cannot use a scalar value as an array E:\xampp\htdocs\bk\ThinkPHP\Library\Think\Upload.class.php Á¨¨ 156 Ë°å.
INFO: [ view_parse ] --START--
INFO: [ template_filter ] --START--
INFO: Run Behavior\ContentReplaceBehavior [ RunTime:0.000051s ]
INFO: [ template_filter ] --END-- [ RunTime:0.000115s ]
INFO: Run Behavior\ParseTemplateBehavior [ RunTime:0.010074s ]
INFO: [ view_parse ] --END-- [ RunTime:0.010163s ]
INFO: [ view_filter ] --START--
INFO: Run Behavior\WriteHtmlCacheBehavior [ RunTime:0.000668s ]
INFO: [ view_filter ] --END-- [ RunTime:0.000716s ]

[ 2015-11-28T17:22:20+08:00 ] ::1 /bk/Admin/UpLoad/main
INFO: [ app_init ] --START--
INFO: Run Behavior\BuildLiteBehavior [ RunTime:0.000023s ]
INFO: [ app_init ] --END-- [ RunTime:0.000956s ]
INFO: [ app_begin ] --START--
INFO: Run Behavior\ReadHtmlCacheBehavior [ RunTime:0.001421s ]
INFO: [ app_begin ] --END-- [ RunTime:0.001528s ]
INFO: [ view_parse ] --START--
INFO: [ template_filter ] --START--
INFO: Run Behavior\ContentReplaceBehavior [ RunTime:0.000039s ]
INFO: [ template_filter ] --END-- [ RunTime:0.000096s ]
INFO: Run Behavior\ParseTemplateBehavior [ RunTime:0.008327s ]
INFO: [ view_parse ] --END-- [ RunTime:0.008403s ]
INFO: [ view_filter ] --START--
INFO: Run Behavior\WriteHtmlCacheBehavior [ RunTime:0.000631s ]
INFO: [ view_filter ] --END-- [ RunTime:0.000677s ]
INFO: [ app_end ] --START--
INFO: Run Behavior\ShowPageTraceBehavior [ RunTime:0.000919s ]
INFO: [ app_end ] --END-- [ RunTime:0.001050s ]

[ 2015-11-28T17:22:29+08:00 ] ::1 /bk/Admin/UpLoad/Uploading
INFO: [ app_init ] --START--
INFO: Run Behavior\BuildLiteBehavior [ RunTime:0.000015s ]
INFO: [ app_init ] --END-- [ RunTime:0.000591s ]
INFO: [ app_begin ] --START--
INFO: Run Behavior\ReadHtmlCacheBehavior [ RunTime:0.000814s ]
INFO: [ app_begin ] --END-- [ RunTime:0.000866s ]
NOTIC: [2] Illegal string offset 'name' E:\xampp\htdocs\bk\ThinkPHP\Library\Think\Upload.class.php Á¨¨ 230 Ë°å.
NOTIC: [2] Illegal string offset 'name' E:\xampp\htdocs\bk\ThinkPHP\Library\Think\Upload.class.php Á¨¨ 148 Ë°å.
NOTIC: [2] Illegal string offset 'name' E:\xampp\htdocs\bk\ThinkPHP\Library\Think\Upload.class.php Á¨¨ 148 Ë°å.
NOTIC: [2] Illegal string offset 'key' E:\xampp\htdocs\bk\ThinkPHP\Library\Think\Upload.class.php Á¨¨ 149 Ë°å.
NOTIC: [2] Illegal string offset 'name' E:\xampp\htdocs\bk\ThinkPHP\Library\Think\Upload.class.php Á¨¨ 156 Ë°å.
NOTIC: [2] Illegal string offset 'ext' E:\xampp\htdocs\bk\ThinkPHP\Library\Think\Upload.class.php Á¨¨ 156 Ë°å.
NOTIC: [2] Illegal string offset 'error' E:\xampp\htdocs\bk\ThinkPHP\Library\Think\Upload.class.php Á¨¨ 269 Ë°å.
NOTIC: [2] Illegal string offset 'error' E:\xampp\htdocs\bk\ThinkPHP\Library\Think\Upload.class.php Á¨¨ 270 Ë°å.
NOTIC: [2] Illegal string offset 'name' E:\xampp\htdocs\bk\ThinkPHP\Library\Think\Upload.class.php Á¨¨ 148 Ë°å.
NOTIC: [2] Illegal string offset 'name' E:\xampp\htdocs\bk\ThinkPHP\Library\Think\Upload.class.php Á¨¨ 148 Ë°å.
NOTIC: [2] Illegal string offset 'key' E:\xampp\htdocs\bk\ThinkPHP\Library\Think\Upload.class.php Á¨¨ 149 Ë°å.
NOTIC: [2] Illegal string offset 'name' E:\xampp\htdocs\bk\ThinkPHP\Library\Think\Upload.class.php Á¨¨ 156 Ë°å.
NOTIC: [2] Illegal string offset 'ext' E:\xampp\htdocs\bk\ThinkPHP\Library\Think\Upload.class.php Á¨¨ 156 Ë°å.
NOTIC: [2] Illegal string offset 'error' E:\xampp\htdocs\bk\ThinkPHP\Library\Think\Upload.class.php Á¨¨ 269 Ë°å.
NOTIC: [2] Illegal string offset 'error' E:\xampp\htdocs\bk\ThinkPHP\Library\Think\Upload.class.php Á¨¨ 270 Ë°å.
NOTIC: [2] Illegal string offset 'name' E:\xampp\htdocs\bk\ThinkPHP\Library\Think\Upload.class.php Á¨¨ 148 Ë°å.
NOTIC: [2] Illegal string offset 'name' E:\xampp\htdocs\bk\ThinkPHP\Library\Think\Upload.class.php Á¨¨ 148 Ë°å.
NOTIC: [2] Illegal string offset 'key' E:\xampp\htdocs\bk\ThinkPHP\Library\Think\Upload.class.php Á¨¨ 149 Ë°å.
NOTIC: [2] Illegal string offset 'name' E:\xampp\htdocs\bk\ThinkPHP\Library\Think\Upload.class.php Á¨¨ 156 Ë°å.
NOTIC: [2] Illegal string offset 'ext' E:\xampp\htdocs\bk\ThinkPHP\Library\Think\Upload.class.php Á¨¨ 156 Ë°å.
NOTIC: [2] Illegal string offset 'error' E:\xampp\htdocs\bk\ThinkPHP\Library\Think\Upload.class.php Á¨¨ 269 Ë°å.
NOTIC: [2] Illegal string offset 'error' E:\xampp\htdocs\bk\ThinkPHP\Library\Think\Upload.class.php Á¨¨ 270 Ë°å.
NOTIC: [2] Cannot use a scalar value as an array E:\xampp\htdocs\bk\ThinkPHP\Library\Think\Upload.class.php Á¨¨ 148 Ë°å.
NOTIC: [2] Cannot use a scalar value as an array E:\xampp\htdocs\bk\ThinkPHP\Library\Think\Upload.class.php Á¨¨ 149 Ë°å.
NOTIC: [2] Cannot use a scalar value as an array E:\xampp\htdocs\bk\ThinkPHP\Library\Think\Upload.class.php Á¨¨ 156 Ë°å.
NOTIC: [2] Cannot use a scalar value as an array E:\xampp\htdocs\bk\ThinkPHP\Library\Think\Upload.class.php Á¨¨ 148 Ë°å.
NOTIC: [2] Cannot use a scalar value as an array E:\xampp\htdocs\bk\ThinkPHP\Library\Think\Upload.class.php Á¨¨ 149 Ë°å.
NOTIC: [2] Cannot use a scalar value as an array E:\xampp\htdocs\bk\ThinkPHP\Library\Think\Upload.class.php Á¨¨ 156 Ë°å.
INFO: [ view_parse ] --START--
INFO: [ template_filter ] --START--
INFO: Run Behavior\ContentReplaceBehavior [ RunTime:0.000053s ]
INFO: [ template_filter ] --END-- [ RunTime:0.000117s ]
INFO: Run Behavior\ParseTemplateBehavior [ RunTime:0.010666s ]
INFO: [ view_parse ] --END-- [ RunTime:0.010763s ]
INFO: [ view_filter ] --START--
INFO: Run Behavior\WriteHtmlCacheBehavior [ RunTime:0.000672s ]
INFO: [ view_filter ] --END-- [ RunTime:0.000720s ]

[ 2015-11-28T17:22:48+08:00 ] ::1 /bk/Admin/UpLoad/Uploading
INFO: [ app_init ] --START--
INFO: Run Behavior\BuildLiteBehavior [ RunTime:0.000017s ]
INFO: [ app_init ] --END-- [ RunTime:0.000629s ]
INFO: [ app_begin ] --START--
INFO: Run Behavior\ReadHtmlCacheBehavior [ RunTime:0.001085s ]
INFO: [ app_begin ] --END-- [ RunTime:0.001171s ]
NOTIC: [2] call_user_func() expects parameter 1 to be a valid callback, no array or string given E:\xampp\htdocs\bk\ThinkPHP\Library\Think\Upload.class.php Á¨¨ 170 Ë°å.
NOTIC: [2] call_user_func() expects parameter 1 to be a valid callback, no array or string given E:\xampp\htdocs\bk\ThinkPHP\Library\Think\Upload.class.php Á¨¨ 170 Ë°å.
NOTIC: [2] call_user_func() expects parameter 1 to be a valid callback, no array or string given E:\xampp\htdocs\bk\ThinkPHP\Library\Think\Upload.class.php Á¨¨ 170 Ë°å.
INFO: [ view_parse ] --START--
INFO: [ template_filter ] --START--
INFO: Run Behavior\ContentReplaceBehavior [ RunTime:0.000051s ]
INFO: [ template_filter ] --END-- [ RunTime:0.000119s ]
INFO: Run Behavior\ParseTemplateBehavior [ RunTime:0.009590s ]
INFO: [ view_parse ] --END-- [ RunTime:0.009697s ]
INFO: [ view_filter ] --START--
INFO: Run Behavior\WriteHtmlCacheBehavior [ RunTime:0.001154s ]
INFO: [ view_filter ] --END-- [ RunTime:0.001301s ]
INFO: [ app_end ] --START--
INFO: Run Behavior\ShowPageTraceBehavior [ RunTime:0.001097s ]
INFO: [ app_end ] --END-- [ RunTime:0.001165s ]

[ 2015-11-28T17:22:49+08:00 ] ::1 /bk/Admin/UpLoad/main
INFO: [ app_init ] --START--
INFO: Run Behavior\BuildLiteBehavior [ RunTime:0.000017s ]
INFO: [ app_init ] --END-- [ RunTime:0.000791s ]
INFO: [ app_begin ] --START--
INFO: Run Behavior\ReadHtmlCacheBehavior [ RunTime:0.000929s ]
INFO: [ app_begin ] --END-- [ RunTime:0.000984s ]
INFO: [ view_parse ] --START--
INFO: [ template_filter ] --START--
INFO: Run Behavior\ContentReplaceBehavior [ RunTime:0.000065s ]
INFO: [ template_filter ] --END-- [ RunTime:0.000177s ]
INFO: Run Behavior\ParseTemplateBehavior [ RunTime:0.011593s ]
INFO: [ view_parse ] --END-- [ RunTime:0.011671s ]
INFO: [ view_filter ] --START--
INFO: Run Behavior\WriteHtmlCacheBehavior [ RunTime:0.000651s ]
INFO: [ view_filter ] --END-- [ RunTime:0.000708s ]
INFO: [ app_end ] --START--
INFO: Run Behavior\ShowPageTraceBehavior [ RunTime:0.000951s ]
INFO: [ app_end ] --END-- [ RunTime:0.001011s ]

[ 2015-11-28T17:23:46+08:00 ] ::1 /bk/Admin/UpLoad/main
INFO: [ app_init ] --START--
INFO: Run Behavior\BuildLiteBehavior [ RunTime:0.000016s ]
INFO: [ app_init ] --END-- [ RunTime:0.000636s ]
INFO: [ app_begin ] --START--
INFO: Run Behavior\ReadHtmlCacheBehavior [ RunTime:0.000863s ]
INFO: [ app_begin ] --END-- [ RunTime:0.000919s ]
INFO: [ view_parse ] --START--
INFO: [ template_filter ] --START--
INFO: Run Behavior\ContentReplaceBehavior [ RunTime:0.000045s ]
INFO: [ template_filter ] --END-- [ RunTime:0.000112s ]
INFO: Run Behavior\ParseTemplateBehavior [ RunTime:0.015580s ]
INFO: [ view_parse ] --END-- [ RunTime:0.015657s ]
INFO: [ view_filter ] --START--
INFO: Run Behavior\WriteHtmlCacheBehavior [ RunTime:0.001064s ]
INFO: [ view_filter ] --END-- [ RunTime:0.001169s ]
INFO: [ app_end ] --START--
INFO: Run Behavior\ShowPageTraceBehavior [ RunTime:0.001515s ]
INFO: [ app_end ] --END-- [ RunTime:0.001589s ]

[ 2015-11-28T17:23:52+08:00 ] ::1 /bk/Admin/UpLoad/main
INFO: [ app_init ] --START--
INFO: Run Behavior\BuildLiteBehavior [ RunTime:0.000015s ]
INFO: [ app_init ] --END-- [ RunTime:0.000598s ]
INFO: [ app_begin ] --START--
INFO: Run Behavior\ReadHtmlCacheBehavior [ RunTime:0.000970s ]
INFO: [ app_begin ] --END-- [ RunTime:0.001030s ]
INFO: [ view_parse ] --START--
INFO: [ template_filter ] --START--
INFO: Run Behavior\ContentReplaceBehavior [ RunTime:0.000050s ]
INFO: [ template_filter ] --END-- [ RunTime:0.000134s ]
INFO: Run Behavior\ParseTemplateBehavior [ RunTime:0.015020s ]
INFO: [ view_parse ] --END-- [ RunTime:0.015098s ]
INFO: [ view_filter ] --START--
INFO: Run Behavior\WriteHtmlCacheBehavior [ RunTime:0.000655s ]
INFO: [ view_filter ] --END-- [ RunTime:0.000704s ]
INFO: [ app_end ] --START--
INFO: Run Behavior\ShowPageTraceBehavior [ RunTime:0.000875s ]
INFO: [ app_end ] --END-- [ RunTime:0.000925s ]

[ 2015-11-28T21:37:37+08:00 ] ::1 /bk/Admin/UpLoad/Uploading
INFO: [ app_init ] --START--
INFO: Run Behavior\BuildLiteBehavior [ RunTime:0.000020s ]
INFO: [ app_init ] --END-- [ RunTime:0.024262s ]
INFO: [ app_begin ] --START--
INFO: Run Behavior\ReadHtmlCacheBehavior [ RunTime:0.028749s ]
INFO: [ app_begin ] --END-- [ RunTime:0.028864s ]
NOTIC: [2] call_user_func() expects parameter 1 to be a valid callback, no array or string given E:\xampp\htdocs\bk\ThinkPHP\Library\Think\Upload.class.php Á¨¨ 170 Ë°å.

[ 2015-11-28T21:39:12+08:00 ] ::1 /bk/Admin/UpLoad/Uploading
INFO: [ app_init ] --START--
INFO: Run Behavior\BuildLiteBehavior [ RunTime:0.000017s ]
INFO: [ app_init ] --END-- [ RunTime:0.000584s ]
INFO: [ app_begin ] --START--
INFO: Run Behavior\ReadHtmlCacheBehavior [ RunTime:0.000928s ]
INFO: [ app_begin ] --END-- [ RunTime:0.000996s ]

[ 2015-11-28T21:40:57+08:00 ] ::1 /bk/Admin/UpLoad/main
INFO: [ app_init ] --START--
INFO: Run Behavior\BuildLiteBehavior [ RunTime:0.000014s ]
INFO: [ app_init ] --END-- [ RunTime:0.000445s ]
INFO: [ app_begin ] --START--
INFO: Run Behavior\ReadHtmlCacheBehavior [ RunTime:0.000865s ]
INFO: [ app_begin ] --END-- [ RunTime:0.000929s ]
INFO: [ view_parse ] --START--
INFO: [ template_filter ] --START--
INFO: Run Behavior\ContentReplaceBehavior [ RunTime:0.000049s ]
INFO: [ template_filter ] --END-- [ RunTime:0.000119s ]
INFO: Run Behavior\ParseTemplateBehavior [ RunTime:0.326604s ]
INFO: [ view_parse ] --END-- [ RunTime:0.326691s ]
INFO: [ view_filter ] --START--
INFO: Run Behavior\WriteHtmlCacheBehavior [ RunTime:0.021105s ]
INFO: [ view_filter ] --END-- [ RunTime:0.021202s ]
INFO: [ app_end ] --START--
INFO: Run Behavior\ShowPageTraceBehavior [ RunTime:0.043924s ]
INFO: [ app_end ] --END-- [ RunTime:0.043996s ]

[ 2015-11-28T21:40:57+08:00 ] ::1 /bk/Admin/UpLoad/main
INFO: [ app_init ] --START--
INFO: Run Behavior\BuildLiteBehavior [ RunTime:0.000018s ]
INFO: [ app_init ] --END-- [ RunTime:0.000855s ]
INFO: [ app_begin ] --START--
INFO: Run Behavior\ReadHtmlCacheBehavior [ RunTime:0.000924s ]
INFO: [ app_begin ] --END-- [ RunTime:0.000993s ]
INFO: [ view_parse ] --START--
INFO: [ template_filter ] --START--
INFO: Run Behavior\ContentReplaceBehavior [ RunTime:0.000042s ]
INFO: [ template_filter ] --END-- [ RunTime:0.000112s ]
INFO: Run Behavior\ParseTemplateBehavior [ RunTime:0.011829s ]
INFO: [ view_parse ] --END-- [ RunTime:0.011926s ]
INFO: [ view_filter ] --START--
INFO: Run Behavior\WriteHtmlCacheBehavior [ RunTime:0.000592s ]
INFO: [ view_filter ] --END-- [ RunTime:0.000707s ]
INFO: [ app_end ] --START--
INFO: Run Behavior\ShowPageTraceBehavior [ RunTime:0.001172s ]
INFO: [ app_end ] --END-- [ RunTime:0.001238s ]

[ 2015-11-28T21:40:59+08:00 ] ::1 /bk/Admin/UpLoad/main
INFO: [ app_init ] --START--
INFO: Run Behavior\BuildLiteBehavior [ RunTime:0.000015s ]
INFO: [ app_init ] --END-- [ RunTime:0.000446s ]
INFO: [ app_begin ] --START--
INFO: Run Behavior\ReadHtmlCacheBehavior [ RunTime:0.000924s ]
INFO: [ app_begin ] --END-- [ RunTime:0.000984s ]
INFO: [ view_parse ] --START--
INFO: [ template_filter ] --START--
INFO: Run Behavior\ContentReplaceBehavior [ RunTime:0.000064s ]
INFO: [ template_filter ] --END-- [ RunTime:0.000167s ]
INFO: Run Behavior\ParseTemplateBehavior [ RunTime:0.009307s ]
INFO: [ view_parse ] --END-- [ RunTime:0.009383s ]
INFO: [ view_filter ] --START--
INFO: Run Behavior\WriteHtmlCacheBehavior [ RunTime:0.000530s ]
INFO: [ view_filter ] --END-- [ RunTime:0.000579s ]
INFO: [ app_end ] --START--
INFO: Run Behavior\ShowPageTraceBehavior [ RunTime:0.000733s ]
INFO: [ app_end ] --END-- [ RunTime:0.000782s ]

[ 2015-11-28T21:41:03+08:00 ] ::1 /bk/Admin/UpLoad/Uploading
INFO: [ app_init ] --START--
INFO: Run Behavior\BuildLiteBehavior [ RunTime:0.000015s ]
INFO: [ app_init ] --END-- [ RunTime:0.000485s ]
INFO: [ app_begin ] --START--
INFO: Run Behavior\ReadHtmlCacheBehavior [ RunTime:0.000739s ]
INFO: [ app_begin ] --END-- [ RunTime:0.000795s ]
NOTIC: [2] call_user_func() expects parameter 1 to be a valid callback, no array or string given E:\xampp\htdocs\bk\ThinkPHP\Library\Think\Upload.class.php Á¨¨ 170 Ë°å.

[ 2015-11-28T21:42:29+08:00 ] ::1 /bk/Admin/UpLoad/Uploading
INFO: [ app_init ] --START--
INFO: Run Behavior\BuildLiteBehavior [ RunTime:0.000017s ]
INFO: [ app_init ] --END-- [ RunTime:0.000678s ]
INFO: [ app_begin ] --START--
INFO: Run Behavior\ReadHtmlCacheBehavior [ RunTime:0.000811s ]
INFO: [ app_begin ] --END-- [ RunTime:0.000864s ]
NOTIC: [2] call_user_func() expects parameter 1 to be a valid callback, no array or string given E:\xampp\htdocs\bk\ThinkPHP\Library\Think\Upload.class.php Á¨¨ 170 Ë°å.

[ 2015-11-28T21:44:16+08:00 ] ::1 /bk/Admin/UpLoad/Uploading
INFO: [ app_init ] --START--
INFO: Run Behavior\BuildLiteBehavior [ RunTime:0.000015s ]
INFO: [ app_init ] --END-- [ RunTime:0.000487s ]
INFO: [ app_begin ] --START--
INFO: Run Behavior\ReadHtmlCacheBehavior [ RunTime:0.000808s ]
INFO: [ app_begin ] --END-- [ RunTime:0.000862s ]
NOTIC: [2] call_user_func() expects parameter 1 to be a valid callback, no array or string given E:\xampp\htdocs\bk\ThinkPHP\Library\Think\Upload.class.php Á¨¨ 170 Ë°å.
ERR: SQLSTATE[HY000] [2002] Ã◊Ω”◊÷≤Ÿ◊˜≥¢ ‘“ª∏ˆŒﬁ∑®¡¨Ω”µƒ÷˜ª˙°£


[ 2015-11-28T21:44:31+08:00 ] ::1 /bk/Admin/UpLoad/main
INFO: [ app_init ] --START--
INFO: Run Behavior\BuildLiteBehavior [ RunTime:0.000019s ]
INFO: [ app_init ] --END-- [ RunTime:0.000510s ]
INFO: [ app_begin ] --START--
INFO: Run Behavior\ReadHtmlCacheBehavior [ RunTime:0.001169s ]
INFO: [ app_begin ] --END-- [ RunTime:0.001248s ]
INFO: [ view_parse ] --START--
INFO: [ template_filter ] --START--
INFO: Run Behavior\ContentReplaceBehavior [ RunTime:0.000057s ]
INFO: [ template_filter ] --END-- [ RunTime:0.000143s ]
INFO: Run Behavior\ParseTemplateBehavior [ RunTime:0.008531s ]
INFO: [ view_parse ] --END-- [ RunTime:0.008591s ]
INFO: [ view_filter ] --START--
INFO: Run Behavior\WriteHtmlCacheBehavior [ RunTime:0.000540s ]
INFO: [ view_filter ] --END-- [ RunTime:0.000588s ]
INFO: [ app_end ] --START--
INFO: Run Behavior\ShowPageTraceBehavior [ RunTime:0.000779s ]
INFO: [ app_end ] --END-- [ RunTime:0.000829s ]

[ 2015-11-28T21:44:35+08:00 ] ::1 /bk/Admin/UpLoad/Uploading
INFO: [ app_init ] --START--
INFO: Run Behavior\BuildLiteBehavior [ RunTime:0.000014s ]
INFO: [ app_init ] --END-- [ RunTime:0.000442s ]
INFO: [ app_begin ] --START--
INFO: Run Behavior\ReadHtmlCacheBehavior [ RunTime:0.000700s ]
INFO: [ app_begin ] --END-- [ RunTime:0.000749s ]
NOTIC: [2] call_user_func() expects parameter 1 to be a valid callback, no array or string given E:\xampp\htdocs\bk\ThinkPHP\Library\Think\Upload.class.php Á¨¨ 170 Ë°å.
ERR: SQLSTATE[HY000] [2002] Ã◊Ω”◊÷≤Ÿ◊˜≥¢ ‘“ª∏ˆŒﬁ∑®¡¨Ω”µƒ÷˜ª˙°£


[ 2015-11-28T21:46:02+08:00 ] ::1 /bk/Admin/UpLoad/main
INFO: [ app_init ] --START--
INFO: Run Behavior\BuildLiteBehavior [ RunTime:0.000016s ]
INFO: [ app_init ] --END-- [ RunTime:0.000500s ]
INFO: [ app_begin ] --START--
INFO: Run Behavior\ReadHtmlCacheBehavior [ RunTime:0.000999s ]
INFO: [ app_begin ] --END-- [ RunTime:0.001076s ]
INFO: [ view_parse ] --START--
INFO: [ template_filter ] --START--
INFO: Run Behavior\ContentReplaceBehavior [ RunTime:0.000057s ]
INFO: [ template_filter ] --END-- [ RunTime:0.000147s ]
INFO: Run Behavior\ParseTemplateBehavior [ RunTime:0.010386s ]
INFO: [ view_parse ] --END-- [ RunTime:0.010466s ]
INFO: [ view_filter ] --START--
INFO: Run Behavior\WriteHtmlCacheBehavior [ RunTime:0.000546s ]
INFO: [ view_filter ] --END-- [ RunTime:0.000593s ]
INFO: [ app_end ] --START--
INFO: Run Behavior\ShowPageTraceBehavior [ RunTime:0.000756s ]
INFO: [ app_end ] --END-- [ RunTime:0.000802s ]

[ 2015-11-28T21:46:06+08:00 ] ::1 /bk/Admin/UpLoad/Uploading
INFO: [ app_init ] --START--
INFO: Run Behavior\BuildLiteBehavior [ RunTime:0.000015s ]
INFO: [ app_init ] --END-- [ RunTime:0.000483s ]
INFO: [ app_begin ] --START--
INFO: Run Behavior\ReadHtmlCacheBehavior [ RunTime:0.000792s ]
INFO: [ app_begin ] --END-- [ RunTime:0.000845s ]
NOTIC: [2] call_user_func() expects parameter 1 to be a valid callback, no array or string given E:\xampp\htdocs\bk\ThinkPHP\Library\Think\Upload.class.php Á¨¨ 170 Ë°å.
ERR: SQLSTATE[HY000] [2002] Ã◊Ω”◊÷≤Ÿ◊˜≥¢ ‘“ª∏ˆŒﬁ∑®¡¨Ω”µƒ÷˜ª˙°£


[ 2015-11-28T21:46:49+08:00 ] ::1 /bk/Admin/UpLoad/Uploading
INFO: [ app_init ] --START--
INFO: Run Behavior\BuildLiteBehavior [ RunTime:0.000015s ]
INFO: [ app_init ] --END-- [ RunTime:0.000473s ]
INFO: [ app_begin ] --START--
INFO: Run Behavior\ReadHtmlCacheBehavior [ RunTime:0.000952s ]
INFO: [ app_begin ] --END-- [ RunTime:0.001031s ]

[ 2015-11-28T21:46:58+08:00 ] ::1 /bk/Admin/UpLoad/Uploading
INFO: [ app_init ] --START--
INFO: Run Behavior\BuildLiteBehavior [ RunTime:0.000020s ]
INFO: [ app_init ] --END-- [ RunTime:0.000598s ]
INFO: [ app_begin ] --START--
INFO: Run Behavior\ReadHtmlCacheBehavior [ RunTime:0.000812s ]
INFO: [ app_begin ] --END-- [ RunTime:0.000867s ]
NOTIC: [2] call_user_func() expects parameter 1 to be a valid callback, no array or string given E:\xampp\htdocs\bk\ThinkPHP\Library\Think\Upload.class.php Á¨¨ 170 Ë°å.
INFO: [ app_end ] --START--
INFO: Run Behavior\ShowPageTraceBehavior [ RunTime:0.000849s ]
INFO: [ app_end ] --END-- [ RunTime:0.000915s ]

[ 2015-11-28T21:48:19+08:00 ] ::1 /bk/Admin/UpLoad/Uploading
INFO: [ app_init ] --START--
INFO: Run Behavior\BuildLiteBehavior [ RunTime:0.000014s ]
INFO: [ app_init ] --END-- [ RunTime:0.000445s ]
INFO: [ app_begin ] --START--
INFO: Run Behavior\ReadHtmlCacheBehavior [ RunTime:0.000732s ]
INFO: [ app_begin ] --END-- [ RunTime:0.000786s ]
NOTIC: [2] call_user_func() expects parameter 1 to be a valid callback, no array or string given E:\xampp\htdocs\bk\ThinkPHP\Library\Think\Upload.class.php Á¨¨ 170 Ë°å.
NOTIC: [8] Array to string conversion E:\xampp\htdocs\bk\Application\Admin\Controller\UpLoadController.class.php Á¨¨ 18 Ë°å.
INFO: [ app_end ] --START--
INFO: Run Behavior\ShowPageTraceBehavior [ RunTime:0.001090s ]
INFO: [ app_end ] --END-- [ RunTime:0.001160s ]

[ 2015-11-28T21:48:32+08:00 ] ::1 /bk/Admin/UpLoad/Uploading
INFO: [ app_init ] --START--
INFO: Run Behavior\BuildLiteBehavior [ RunTime:0.000014s ]
INFO: [ app_init ] --END-- [ RunTime:0.000443s ]
INFO: [ app_begin ] --START--
INFO: Run Behavior\ReadHtmlCacheBehavior [ RunTime:0.000738s ]
INFO: [ app_begin ] --END-- [ RunTime:0.000790s ]
NOTIC: [2] call_user_func() expects parameter 1 to be a valid callback, no array or string given E:\xampp\htdocs\bk\ThinkPHP\Library\Think\Upload.class.php Á¨¨ 170 Ë°å.
NOTIC: [8] Undefined offset: 0 E:\xampp\htdocs\bk\Application\Admin\Controller\UpLoadController.class.php Á¨¨ 18 Ë°å.
INFO: [ app_end ] --START--
INFO: Run Behavior\ShowPageTraceBehavior [ RunTime:0.000817s ]
INFO: [ app_end ] --END-- [ RunTime:0.000871s ]

[ 2015-11-28T21:48:35+08:00 ] ::1 /bk/Admin/UpLoad/Uploading
INFO: [ app_init ] --START--
INFO: Run Behavior\BuildLiteBehavior [ RunTime:0.000016s ]
INFO: [ app_init ] --END-- [ RunTime:0.000517s ]
INFO: [ app_begin ] --START--
INFO: Run Behavior\ReadHtmlCacheBehavior [ RunTime:0.000806s ]
INFO: [ app_begin ] --END-- [ RunTime:0.000859s ]
NOTIC: [2] call_user_func() expects parameter 1 to be a valid callback, no array or string given E:\xampp\htdocs\bk\ThinkPHP\Library\Think\Upload.class.php Á¨¨ 170 Ë°å.
NOTIC: [8] Undefined offset: 0 E:\xampp\htdocs\bk\Application\Admin\Controller\UpLoadController.class.php Á¨¨ 18 Ë°å.
INFO: [ app_end ] --START--
INFO: Run Behavior\ShowPageTraceBehavior [ RunTime:0.001449s ]
INFO: [ app_end ] --END-- [ RunTime:0.001548s ]

[ 2015-11-28T21:49:32+08:00 ] ::1 /bk/Admin/UpLoad/Uploading
INFO: [ app_init ] --START--
INFO: Run Behavior\BuildLiteBehavior [ RunTime:0.000015s ]
INFO: [ app_init ] --END-- [ RunTime:0.000459s ]
INFO: [ app_begin ] --START--
INFO: Run Behavior\ReadHtmlCacheBehavior [ RunTime:0.000997s ]
INFO: [ app_begin ] --END-- [ RunTime:0.001072s ]
NOTIC: [2] call_user_func() expects parameter 1 to be a valid callback, no array or string given E:\xampp\htdocs\bk\ThinkPHP\Library\Think\Upload.class.php Á¨¨ 170 Ë°å.
NOTIC: [8] Array to string conversion E:\xampp\htdocs\bk\Application\Admin\Controller\UpLoadController.class.php Á¨¨ 18 Ë°å.
NOTIC: [8] Use of undefined constant rootPath - assumed 'rootPath' E:\xampp\htdocs\bk\Application\Admin\Controller\UpLoadController.class.php Á¨¨ 18 Ë°å.
INFO: [ app_end ] --START--
INFO: Run Behavior\ShowPageTraceBehavior [ RunTime:0.000965s ]
INFO: [ app_end ] --END-- [ RunTime:0.001037s ]

[ 2015-11-28T22:27:16+08:00 ] ::1 /bk/Admin/UpLoad/main
INFO: [ app_init ] --START--
INFO: Run Behavior\BuildLiteBehavior [ RunTime:0.000021s ]
INFO: [ app_init ] --END-- [ RunTime:0.011590s ]
INFO: [ app_begin ] --START--
INFO: Run Behavior\ReadHtmlCacheBehavior [ RunTime:0.010667s ]
INFO: [ app_begin ] --END-- [ RunTime:0.010769s ]
INFO: [ view_parse ] --START--
INFO: [ template_filter ] --START--
INFO: Run Behavior\ContentReplaceBehavior [ RunTime:0.000053s ]
INFO: [ template_filter ] --END-- [ RunTime:0.000133s ]
INFO: Run Behavior\ParseTemplateBehavior [ RunTime:0.229052s ]
INFO: [ view_parse ] --END-- [ RunTime:0.229156s ]
INFO: [ view_filter ] --START--
INFO: Run Behavior\WriteHtmlCacheBehavior [ RunTime:0.015615s ]
INFO: [ view_filter ] --END-- [ RunTime:0.015685s ]
INFO: [ app_end ] --START--
INFO: Run Behavior\ShowPageTraceBehavior [ RunTime:0.011387s ]
INFO: [ app_end ] --END-- [ RunTime:0.011460s ]

[ 2015-11-28T22:27:21+08:00 ] ::1 /bk/Admin/UpLoad/Uploading
INFO: [ app_init ] --START--
INFO: Run Behavior\BuildLiteBehavior [ RunTime:0.000016s ]
INFO: [ app_init ] --END-- [ RunTime:0.000452s ]
INFO: [ app_begin ] --START--
INFO: Run Behavior\ReadHtmlCacheBehavior [ RunTime:0.001142s ]
INFO: [ app_begin ] --END-- [ RunTime:0.001226s ]
NOTIC: [2] call_user_func() expects parameter 1 to be a valid callback, no array or string given E:\xampp\htdocs\bk\ThinkPHP\Library\Think\Upload.class.php Á¨¨ 170 Ë°å.
ERR: 1103:Incorrect table name ''
 [ SQLËØ≠Âè• ] : SHOW COLUMNS FROM ``
ERR: 1103:Incorrect table name ''
 [ SQLËØ≠Âè• ] : SHOW COLUMNS FROM ``

[ 2015-11-28T22:28:05+08:00 ] ::1 /bk/Admin/UpLoad/Uploading
INFO: [ app_init ] --START--
INFO: Run Behavior\BuildLiteBehavior [ RunTime:0.000034s ]
INFO: [ app_init ] --END-- [ RunTime:0.000866s ]
INFO: [ app_begin ] --START--
INFO: Run Behavior\ReadHtmlCacheBehavior [ RunTime:0.001043s ]
INFO: [ app_begin ] --END-- [ RunTime:0.001106s ]
NOTIC: [2] call_user_func() expects parameter 1 to be a valid callback, no array or string given E:\xampp\htdocs\bk\ThinkPHP\Library\Think\Upload.class.php Á¨¨ 170 Ë°å.
ERR: 1103:Incorrect table name ''
 [ SQLËØ≠Âè• ] : SHOW COLUMNS FROM ``
ERR: 1103:Incorrect table name ''
 [ SQLËØ≠Âè• ] : SHOW COLUMNS FROM ``

[ 2015-11-28T22:28:08+08:00 ] ::1 /bk/Admin/UpLoad/main
INFO: [ app_init ] --START--
INFO: Run Behavior\BuildLiteBehavior [ RunTime:0.000015s ]
INFO: [ app_init ] --END-- [ RunTime:0.000447s ]
INFO: [ app_begin ] --START--
INFO: Run Behavior\ReadHtmlCacheBehavior [ RunTime:0.000794s ]
INFO: [ app_begin ] --END-- [ RunTime:0.000846s ]
INFO: [ view_parse ] --START--
INFO: [ template_filter ] --START--
INFO: Run Behavior\ContentReplaceBehavior [ RunTime:0.000059s ]
INFO: [ template_filter ] --END-- [ RunTime:0.000155s ]
INFO: Run Behavior\ParseTemplateBehavior [ RunTime:0.008134s ]
INFO: [ view_parse ] --END-- [ RunTime:0.008219s ]
INFO: [ view_filter ] --START--
INFO: Run Behavior\WriteHtmlCacheBehavior [ RunTime:0.000718s ]
INFO: [ view_filter ] --END-- [ RunTime:0.000777s ]
INFO: [ app_end ] --START--
INFO: Run Behavior\ShowPageTraceBehavior [ RunTime:0.000800s ]
INFO: [ app_end ] --END-- [ RunTime:0.000850s ]

[ 2015-11-28T22:28:12+08:00 ] ::1 /bk/Admin/UpLoad/Uploading
INFO: [ app_init ] --START--
INFO: Run Behavior\BuildLiteBehavior [ RunTime:0.000014s ]
INFO: [ app_init ] --END-- [ RunTime:0.000417s ]
INFO: [ app_begin ] --START--
INFO: Run Behavior\ReadHtmlCacheBehavior [ RunTime:0.000824s ]
INFO: [ app_begin ] --END-- [ RunTime:0.000879s ]
NOTIC: [2] call_user_func() expects parameter 1 to be a valid callback, no array or string given E:\xampp\htdocs\bk\ThinkPHP\Library\Think\Upload.class.php Á¨¨ 170 Ë°å.
ERR: 1103:Incorrect table name ''
 [ SQLËØ≠Âè• ] : SHOW COLUMNS FROM ``
ERR: 1103:Incorrect table name ''
 [ SQLËØ≠Âè• ] : SHOW COLUMNS FROM ``

[ 2015-11-28T22:30:22+08:00 ] ::1 /bk/Admin/UpLoad/main
INFO: [ app_init ] --START--
INFO: Run Behavior\BuildLiteBehavior [ RunTime:0.000015s ]
INFO: [ app_init ] --END-- [ RunTime:0.000459s ]
INFO: [ app_begin ] --START--
INFO: Run Behavior\ReadHtmlCacheBehavior [ RunTime:0.000980s ]
INFO: [ app_begin ] --END-- [ RunTime:0.001042s ]
INFO: [ view_parse ] --START--
INFO: [ template_filter ] --START--
INFO: Run Behavior\ContentReplaceBehavior [ RunTime:0.000054s ]
INFO: [ template_filter ] --END-- [ RunTime:0.000137s ]
INFO: Run Behavior\ParseTemplateBehavior [ RunTime:0.009310s ]
INFO: [ view_parse ] --END-- [ RunTime:0.009394s ]
INFO: [ view_filter ] --START--
INFO: Run Behavior\WriteHtmlCacheBehavior [ RunTime:0.000643s ]
INFO: [ view_filter ] --END-- [ RunTime:0.000691s ]
INFO: [ app_end ] --START--
INFO: Run Behavior\ShowPageTraceBehavior [ RunTime:0.000778s ]
INFO: [ app_end ] --END-- [ RunTime:0.000829s ]

[ 2015-11-28T22:30:24+08:00 ] ::1 /bk/Admin/UpLoad/main
INFO: [ app_init ] --START--
INFO: Run Behavior\BuildLiteBehavior [ RunTime:0.000022s ]
INFO: [ app_init ] --END-- [ RunTime:0.000602s ]
INFO: [ app_begin ] --START--
INFO: Run Behavior\ReadHtmlCacheBehavior [ RunTime:0.000764s ]
INFO: [ app_begin ] --END-- [ RunTime:0.000824s ]
INFO: [ view_parse ] --START--
INFO: [ template_filter ] --START--
INFO: Run Behavior\ContentReplaceBehavior [ RunTime:0.000042s ]
INFO: [ template_filter ] --END-- [ RunTime:0.000107s ]
INFO: Run Behavior\ParseTemplateBehavior [ RunTime:0.008380s ]
INFO: [ view_parse ] --END-- [ RunTime:0.008464s ]
INFO: [ view_filter ] --START--
INFO: Run Behavior\WriteHtmlCacheBehavior [ RunTime:0.000538s ]
INFO: [ view_filter ] --END-- [ RunTime:0.000586s ]
INFO: [ app_end ] --START--
INFO: Run Behavior\ShowPageTraceBehavior [ RunTime:0.000863s ]
INFO: [ app_end ] --END-- [ RunTime:0.000932s ]

[ 2015-11-28T22:30:28+08:00 ] ::1 /bk/Admin/UpLoad/Uploading
INFO: [ app_init ] --START--
INFO: Run Behavior\BuildLiteBehavior [ RunTime:0.000025s ]
INFO: [ app_init ] --END-- [ RunTime:0.000641s ]
INFO: [ app_begin ] --START--
INFO: Run Behavior\ReadHtmlCacheBehavior [ RunTime:0.001111s ]
INFO: [ app_begin ] --END-- [ RunTime:0.001200s ]
NOTIC: [2] call_user_func() expects parameter 1 to be a valid callback, no array or string given E:\xampp\htdocs\bk\ThinkPHP\Library\Think\Upload.class.php Á¨¨ 170 Ë°å.
ERR: 1146:Table 'test.db_load_img' doesn't exist
 [ SQLËØ≠Âè• ] : SHOW COLUMNS FROM `db_load_img`
ERR: 1146:Table 'test.db_load_img' doesn't exist
 [ SQLËØ≠Âè• ] : SHOW COLUMNS FROM `db_load_img`

[ 2015-11-28T22:38:25+08:00 ] ::1 /bk/Admin/UpLoad/main
INFO: [ app_init ] --START--
INFO: Run Behavior\BuildLiteBehavior [ RunTime:0.000027s ]
INFO: [ app_init ] --END-- [ RunTime:0.010052s ]
INFO: [ app_begin ] --START--
INFO: Run Behavior\ReadHtmlCacheBehavior [ RunTime:0.001822s ]
INFO: [ app_begin ] --END-- [ RunTime:0.001882s ]
INFO: [ view_parse ] --START--
INFO: [ template_filter ] --START--
INFO: Run Behavior\ContentReplaceBehavior [ RunTime:0.000043s ]
INFO: [ template_filter ] --END-- [ RunTime:0.000112s ]
INFO: Run Behavior\ParseTemplateBehavior [ RunTime:0.077513s ]
INFO: [ view_parse ] --END-- [ RunTime:0.077593s ]
INFO: [ view_filter ] --START--
INFO: Run Behavior\WriteHtmlCacheBehavior [ RunTime:0.001661s ]
INFO: [ view_filter ] --END-- [ RunTime:0.001731s ]
INFO: [ app_end ] --START--
INFO: Run Behavior\ShowPageTraceBehavior [ RunTime:0.002004s ]
INFO: [ app_end ] --END-- [ RunTime:0.002077s ]

[ 2015-11-28T22:38:29+08:00 ] ::1 /bk/Admin/UpLoad/Uploading
INFO: [ app_init ] --START--
INFO: Run Behavior\BuildLiteBehavior [ RunTime:0.000014s ]
INFO: [ app_init ] --END-- [ RunTime:0.000403s ]
INFO: [ app_begin ] --START--
INFO: Run Behavior\ReadHtmlCacheBehavior [ RunTime:0.001034s ]
INFO: [ app_begin ] --END-- [ RunTime:0.001104s ]
NOTIC: [2] call_user_func() expects parameter 1 to be a valid callback, no array or string given E:\xampp\htdocs\bk\ThinkPHP\Library\Think\Upload.class.php Á¨¨ 170 Ë°å.
ERR: 1146:Table 'test.db_load_img' doesn't exist
 [ SQLËØ≠Âè• ] : SHOW COLUMNS FROM `db_load_img`
ERR: 1146:Table 'test.db_load_img' doesn't exist
 [ SQLËØ≠Âè• ] : SHOW COLUMNS FROM `db_load_img`

