[ 2015-11-30T19:57:27+08:00 ] ::1 /bk/Admin/UpLoad/main
INFO: [ app_init ] --START--
INFO: Run Behavior\BuildLiteBehavior [ RunTime:0.000019s ]
INFO: [ app_init ] --END-- [ RunTime:0.058458s ]
INFO: [ app_begin ] --START--
INFO: Run Behavior\ReadHtmlCacheBehavior [ RunTime:0.051735s ]
INFO: [ app_begin ] --END-- [ RunTime:0.051816s ]
INFO: [ view_parse ] --START--
INFO: [ template_filter ] --START--
INFO: Run Behavior\ContentReplaceBehavior [ RunTime:0.054015s ]
INFO: [ template_filter ] --END-- [ RunTime:0.054098s ]
NOTIC: [8] Undefined variable: filelist E:\xampp\htdocs\bk\Application\Runtime\Cache\Admin\dd64a725afe957655c8027ac1e8eb07f.php 第 7 行.
INFO: Run Behavior\ParseTemplateBehavior [ RunTime:0.470673s ]
INFO: [ view_parse ] --END-- [ RunTime:0.470743s ]
INFO: [ view_filter ] --START--
INFO: Run Behavior\WriteHtmlCacheBehavior [ RunTime:0.017478s ]
INFO: [ view_filter ] --END-- [ RunTime:0.017548s ]
INFO: [ app_end ] --START--
INFO: Run Behavior\ShowPageTraceBehavior [ RunTime:0.021748s ]
INFO: [ app_end ] --END-- [ RunTime:0.021819s ]

[ 2015-11-30T20:11:17+08:00 ] ::1 /bk/Admin/UpLoad/main
INFO: [ app_init ] --START--
INFO: Run Behavior\BuildLiteBehavior [ RunTime:0.000018s ]
INFO: [ app_init ] --END-- [ RunTime:0.001950s ]
INFO: [ app_begin ] --START--
INFO: Run Behavior\ReadHtmlCacheBehavior [ RunTime:0.011448s ]
INFO: [ app_begin ] --END-- [ RunTime:0.011525s ]
INFO: [ view_parse ] --START--
INFO: [ template_filter ] --START--
INFO: Run Behavior\ContentReplaceBehavior [ RunTime:0.000072s ]
INFO: [ template_filter ] --END-- [ RunTime:0.000138s ]
NOTIC: [8] Undefined variable: filelist E:\xampp\htdocs\bk\Application\Runtime\Cache\Admin\dd64a725afe957655c8027ac1e8eb07f.php 第 7 行.
INFO: Run Behavior\ParseTemplateBehavior [ RunTime:0.071412s ]
INFO: [ view_parse ] --END-- [ RunTime:0.071522s ]
INFO: [ view_filter ] --START--
INFO: Run Behavior\WriteHtmlCacheBehavior [ RunTime:0.013089s ]
INFO: [ view_filter ] --END-- [ RunTime:0.013173s ]
INFO: [ app_end ] --START--
INFO: Run Behavior\ShowPageTraceBehavior [ RunTime:0.008204s ]
INFO: [ app_end ] --END-- [ RunTime:0.008274s ]

[ 2015-11-30T20:13:13+08:00 ] ::1 /bk/Admin/UpLoad/main
INFO: [ app_init ] --START--
INFO: Run Behavior\BuildLiteBehavior [ RunTime:0.000018s ]
INFO: [ app_init ] --END-- [ RunTime:0.000657s ]
INFO: [ app_begin ] --START--
INFO: Run Behavior\ReadHtmlCacheBehavior [ RunTime:0.000849s ]
INFO: [ app_begin ] --END-- [ RunTime:0.000921s ]
INFO: [ view_parse ] --START--
INFO: [ template_filter ] --START--
INFO: Run Behavior\ContentReplaceBehavior [ RunTime:0.000063s ]
INFO: [ template_filter ] --END-- [ RunTime:0.000141s ]
NOTIC: [8] Undefined variable: filelist E:\xampp\htdocs\bk\Application\Runtime\Cache\Admin\dd64a725afe957655c8027ac1e8eb07f.php 第 7 行.
INFO: Run Behavior\ParseTemplateBehavior [ RunTime:0.011174s ]
INFO: [ view_parse ] --END-- [ RunTime:0.011247s ]
INFO: [ view_filter ] --START--
INFO: Run Behavior\WriteHtmlCacheBehavior [ RunTime:0.000538s ]
INFO: [ view_filter ] --END-- [ RunTime:0.000604s ]
INFO: [ app_end ] --START--
INFO: Run Behavior\ShowPageTraceBehavior [ RunTime:0.000832s ]
INFO: [ app_end ] --END-- [ RunTime:0.000891s ]

[ 2015-11-30T20:13:21+08:00 ] ::1 /bk/Admin/UpLoad/main
INFO: [ app_init ] --START--
INFO: Run Behavior\BuildLiteBehavior [ RunTime:0.000016s ]
INFO: [ app_init ] --END-- [ RunTime:0.000594s ]
INFO: [ app_begin ] --START--
INFO: Run Behavior\ReadHtmlCacheBehavior [ RunTime:0.001220s ]
INFO: [ app_begin ] --END-- [ RunTime:0.001309s ]
INFO: [ view_parse ] --START--
INFO: [ template_filter ] --START--
INFO: Run Behavior\ContentReplaceBehavior [ RunTime:0.000047s ]
INFO: [ template_filter ] --END-- [ RunTime:0.000111s ]
NOTIC: [8] Undefined variable: filelist E:\xampp\htdocs\bk\Application\Runtime\Cache\Admin\dd64a725afe957655c8027ac1e8eb07f.php 第 7 行.
INFO: Run Behavior\ParseTemplateBehavior [ RunTime:0.009861s ]
INFO: [ view_parse ] --END-- [ RunTime:0.044942s ]
INFO: [ view_filter ] --START--
INFO: Run Behavior\WriteHtmlCacheBehavior [ RunTime:0.000757s ]
INFO: [ view_filter ] --END-- [ RunTime:0.000810s ]
INFO: [ app_end ] --START--
INFO: Run Behavior\ShowPageTraceBehavior [ RunTime:0.000784s ]
INFO: [ app_end ] --END-- [ RunTime:0.000834s ]

[ 2015-11-30T20:13:47+08:00 ] ::1 /bk/Admin/UpLoad/main
INFO: [ app_init ] --START--
INFO: Run Behavior\BuildLiteBehavior [ RunTime:0.000031s ]
INFO: [ app_init ] --END-- [ RunTime:0.001332s ]
INFO: [ app_begin ] --START--
INFO: Run Behavior\ReadHtmlCacheBehavior [ RunTime:0.001099s ]
INFO: [ app_begin ] --END-- [ RunTime:0.001178s ]
INFO: [ view_parse ] --START--
INFO: [ template_filter ] --START--
INFO: Run Behavior\ContentReplaceBehavior [ RunTime:0.000065s ]
INFO: [ template_filter ] --END-- [ RunTime:0.000148s ]
NOTIC: [8] Undefined variable: filelist E:\xampp\htdocs\bk\Application\Runtime\Cache\Admin\dd64a725afe957655c8027ac1e8eb07f.php 第 7 行.
INFO: Run Behavior\ParseTemplateBehavior [ RunTime:0.012202s ]
INFO: [ view_parse ] --END-- [ RunTime:0.012325s ]
INFO: [ view_filter ] --START--
INFO: Run Behavior\WriteHtmlCacheBehavior [ RunTime:0.001097s ]
INFO: [ view_filter ] --END-- [ RunTime:0.001212s ]
INFO: [ app_end ] --START--
INFO: Run Behavior\ShowPageTraceBehavior [ RunTime:0.001433s ]
INFO: [ app_end ] --END-- [ RunTime:0.001537s ]

[ 2015-11-30T20:13:53+08:00 ] ::1 /bk/Admin/UpLoad/Uploading
INFO: [ app_init ] --START--
INFO: Run Behavior\BuildLiteBehavior [ RunTime:0.000017s ]
INFO: [ app_init ] --END-- [ RunTime:0.000635s ]
INFO: [ app_begin ] --START--
INFO: Run Behavior\ReadHtmlCacheBehavior [ RunTime:0.000682s ]
INFO: [ app_begin ] --END-- [ RunTime:0.000737s ]
INFO: [ app_end ] --START--
INFO: Run Behavior\ShowPageTraceBehavior [ RunTime:0.000660s ]
INFO: [ app_end ] --END-- [ RunTime:0.000717s ]

[ 2015-11-30T20:16:39+08:00 ] ::1 /bk/Admin/UpLoad/main
INFO: [ app_init ] --START--
INFO: Run Behavior\BuildLiteBehavior [ RunTime:0.000017s ]
INFO: [ app_init ] --END-- [ RunTime:0.000603s ]
INFO: [ app_begin ] --START--
INFO: Run Behavior\ReadHtmlCacheBehavior [ RunTime:0.000867s ]
INFO: [ app_begin ] --END-- [ RunTime:0.000923s ]
INFO: [ view_parse ] --START--
INFO: [ template_filter ] --START--
INFO: Run Behavior\ContentReplaceBehavior [ RunTime:0.000063s ]
INFO: [ template_filter ] --END-- [ RunTime:0.000145s ]
NOTIC: [8] Undefined variable: filelist E:\xampp\htdocs\bk\Application\Runtime\Cache\Admin\dd64a725afe957655c8027ac1e8eb07f.php 第 7 行.
INFO: Run Behavior\ParseTemplateBehavior [ RunTime:0.012574s ]
INFO: [ view_parse ] --END-- [ RunTime:0.012639s ]
INFO: [ view_filter ] --START--
INFO: Run Behavior\WriteHtmlCacheBehavior [ RunTime:0.000657s ]
INFO: [ view_filter ] --END-- [ RunTime:0.000720s ]
INFO: [ app_end ] --START--
INFO: Run Behavior\ShowPageTraceBehavior [ RunTime:0.000849s ]
INFO: [ app_end ] --END-- [ RunTime:0.000899s ]

[ 2015-11-30T20:20:05+08:00 ] ::1 /bk/Admin/UpLoad/main
INFO: [ app_init ] --START--
INFO: Run Behavior\BuildLiteBehavior [ RunTime:0.000016s ]
INFO: [ app_init ] --END-- [ RunTime:0.000599s ]
INFO: [ app_begin ] --START--
INFO: Run Behavior\ReadHtmlCacheBehavior [ RunTime:0.000934s ]
INFO: [ app_begin ] --END-- [ RunTime:0.001012s ]
INFO: [ view_parse ] --START--
INFO: [ template_filter ] --START--
INFO: Run Behavior\ContentReplaceBehavior [ RunTime:0.000048s ]
INFO: [ template_filter ] --END-- [ RunTime:0.000109s ]
NOTIC: [8] Undefined variable: filelist E:\xampp\htdocs\bk\Application\Runtime\Cache\Admin\dd64a725afe957655c8027ac1e8eb07f.php 第 7 行.
INFO: Run Behavior\ParseTemplateBehavior [ RunTime:0.008876s ]
INFO: [ view_parse ] --END-- [ RunTime:0.008936s ]
INFO: [ view_filter ] --START--
INFO: Run Behavior\WriteHtmlCacheBehavior [ RunTime:0.000522s ]
INFO: [ view_filter ] --END-- [ RunTime:0.000571s ]
INFO: [ app_end ] --START--
INFO: Run Behavior\ShowPageTraceBehavior [ RunTime:0.000764s ]
INFO: [ app_end ] --END-- [ RunTime:0.000814s ]

[ 2015-11-30T20:22:01+08:00 ] ::1 /bk/Admin/UpLoad/main
INFO: [ app_init ] --START--
INFO: Run Behavior\BuildLiteBehavior [ RunTime:0.000016s ]
INFO: [ app_init ] --END-- [ RunTime:0.000549s ]
INFO: [ app_begin ] --START--
INFO: Run Behavior\ReadHtmlCacheBehavior [ RunTime:0.000716s ]
INFO: [ app_begin ] --END-- [ RunTime:0.000770s ]
INFO: [ view_parse ] --START--
INFO: [ template_filter ] --START--
INFO: Run Behavior\ContentReplaceBehavior [ RunTime:0.000058s ]
INFO: [ template_filter ] --END-- [ RunTime:0.000123s ]
NOTIC: [8] Undefined variable: filelist E:\xampp\htdocs\bk\Application\Runtime\Cache\Admin\dd64a725afe957655c8027ac1e8eb07f.php 第 7 行.
INFO: Run Behavior\ParseTemplateBehavior [ RunTime:0.017140s ]
INFO: [ view_parse ] --END-- [ RunTime:0.017209s ]
INFO: [ view_filter ] --START--
INFO: Run Behavior\WriteHtmlCacheBehavior [ RunTime:0.000520s ]
INFO: [ view_filter ] --END-- [ RunTime:0.000569s ]
INFO: [ app_end ] --START--
INFO: Run Behavior\ShowPageTraceBehavior [ RunTime:0.000677s ]
INFO: [ app_end ] --END-- [ RunTime:0.000726s ]

[ 2015-11-30T20:22:47+08:00 ] ::1 /bk/Admin/UpLoad/main
INFO: [ app_init ] --START--
INFO: Run Behavior\BuildLiteBehavior [ RunTime:0.000024s ]
INFO: [ app_init ] --END-- [ RunTime:0.000731s ]
INFO: [ app_begin ] --START--
INFO: Run Behavior\ReadHtmlCacheBehavior [ RunTime:0.000957s ]
INFO: [ app_begin ] --END-- [ RunTime:0.001032s ]
INFO: [ view_parse ] --START--
INFO: [ template_filter ] --START--
INFO: Run Behavior\ContentReplaceBehavior [ RunTime:0.000048s ]
INFO: [ template_filter ] --END-- [ RunTime:0.000112s ]
NOTIC: [8] Undefined variable: filelist E:\xampp\htdocs\bk\Application\Runtime\Cache\Admin\dd64a725afe957655c8027ac1e8eb07f.php 第 7 行.
INFO: Run Behavior\ParseTemplateBehavior [ RunTime:0.018353s ]
INFO: [ view_parse ] --END-- [ RunTime:0.018447s ]
INFO: [ view_filter ] --START--
INFO: Run Behavior\WriteHtmlCacheBehavior [ RunTime:0.000754s ]
INFO: [ view_filter ] --END-- [ RunTime:0.000819s ]
INFO: [ app_end ] --START--
INFO: Run Behavior\ShowPageTraceBehavior [ RunTime:0.000790s ]
INFO: [ app_end ] --END-- [ RunTime:0.000843s ]

[ 2015-11-30T20:22:52+08:00 ] ::1 /bk/Admin/UpLoad/Uploading
INFO: [ app_init ] --START--
INFO: Run Behavior\BuildLiteBehavior [ RunTime:0.000015s ]
INFO: [ app_init ] --END-- [ RunTime:0.000539s ]
INFO: [ app_begin ] --START--
INFO: Run Behavior\ReadHtmlCacheBehavior [ RunTime:0.000659s ]
INFO: [ app_begin ] --END-- [ RunTime:0.000712s ]
INFO: [ app_end ] --START--
INFO: Run Behavior\ShowPageTraceBehavior [ RunTime:0.001059s ]
INFO: [ app_end ] --END-- [ RunTime:0.001144s ]

[ 2015-11-30T20:23:11+08:00 ] ::1 /bk/Admin/UpLoad/main
INFO: [ app_init ] --START--
INFO: Run Behavior\BuildLiteBehavior [ RunTime:0.000120s ]
INFO: [ app_init ] --END-- [ RunTime:0.001309s ]
INFO: [ app_begin ] --START--
INFO: Run Behavior\ReadHtmlCacheBehavior [ RunTime:0.001035s ]
INFO: [ app_begin ] --END-- [ RunTime:0.001125s ]

[ 2015-11-30T20:24:02+08:00 ] ::1 /bk/Admin/UpLoad/mainUploading
INFO: [ app_init ] --START--
INFO: Run Behavior\BuildLiteBehavior [ RunTime:0.000017s ]
INFO: [ app_init ] --END-- [ RunTime:0.000585s ]
INFO: [ app_begin ] --START--
INFO: Run Behavior\ReadHtmlCacheBehavior [ RunTime:0.000682s ]
INFO: [ app_begin ] --END-- [ RunTime:0.000735s ]
ERR: 非法操作:mainUploading

[ 2015-11-30T20:24:04+08:00 ] ::1 /bk/Admin/UpLoad/main
INFO: [ app_init ] --START--
INFO: Run Behavior\BuildLiteBehavior [ RunTime:0.000016s ]
INFO: [ app_init ] --END-- [ RunTime:0.000632s ]
INFO: [ app_begin ] --START--
INFO: Run Behavior\ReadHtmlCacheBehavior [ RunTime:0.000681s ]
INFO: [ app_begin ] --END-- [ RunTime:0.000743s ]
INFO: [ view_parse ] --START--
INFO: [ template_filter ] --START--
INFO: Run Behavior\ContentReplaceBehavior [ RunTime:0.000061s ]
INFO: [ template_filter ] --END-- [ RunTime:0.000141s ]
NOTIC: [8] Undefined variable: filelist E:\xampp\htdocs\bk\Application\Runtime\Cache\Admin\dd64a725afe957655c8027ac1e8eb07f.php 第 7 行.
INFO: Run Behavior\ParseTemplateBehavior [ RunTime:0.009661s ]
INFO: [ view_parse ] --END-- [ RunTime:0.009725s ]
INFO: [ view_filter ] --START--
INFO: Run Behavior\WriteHtmlCacheBehavior [ RunTime:0.000470s ]
INFO: [ view_filter ] --END-- [ RunTime:0.000520s ]
INFO: [ app_end ] --START--
INFO: Run Behavior\ShowPageTraceBehavior [ RunTime:0.000690s ]
INFO: [ app_end ] --END-- [ RunTime:0.000742s ]

[ 2015-11-30T20:24:09+08:00 ] ::1 /bk/Admin/UpLoad/Uploading
INFO: [ app_init ] --START--
INFO: Run Behavior\BuildLiteBehavior [ RunTime:0.000028s ]
INFO: [ app_init ] --END-- [ RunTime:0.003379s ]
INFO: [ app_begin ] --START--
INFO: Run Behavior\ReadHtmlCacheBehavior [ RunTime:0.001215s ]
INFO: [ app_begin ] --END-- [ RunTime:0.001324s ]
NOTIC: [8] Use of undefined constant uniqid - assumed 'uniqid' E:\xampp\htdocs\bk\Application\Admin\Controller\UpLoadController.class.php 第 15 行.
INFO: [ view_parse ] --START--
INFO: [ template_filter ] --START--
INFO: Run Behavior\ContentReplaceBehavior [ RunTime:0.000053s ]
INFO: [ template_filter ] --END-- [ RunTime:0.000128s ]
INFO: Run Behavior\ParseTemplateBehavior [ RunTime:0.081405s ]
INFO: [ view_parse ] --END-- [ RunTime:0.081494s ]
INFO: [ view_filter ] --START--
INFO: Run Behavior\WriteHtmlCacheBehavior [ RunTime:0.000942s ]
INFO: [ view_filter ] --END-- [ RunTime:0.001018s ]

[ 2015-11-30T20:25:04+08:00 ] ::1 /bk/Admin/UpLoad/Uploading
INFO: [ app_init ] --START--
INFO: Run Behavior\BuildLiteBehavior [ RunTime:0.000016s ]
INFO: [ app_init ] --END-- [ RunTime:0.000593s ]
INFO: [ app_begin ] --START--
INFO: Run Behavior\ReadHtmlCacheBehavior [ RunTime:0.000850s ]
INFO: [ app_begin ] --END-- [ RunTime:0.000905s ]
NOTIC: [8] Use of undefined constant uniqid - assumed 'uniqid' E:\xampp\htdocs\bk\Application\Admin\Controller\UpLoadController.class.php 第 15 行.
INFO: [ view_parse ] --START--
INFO: [ template_filter ] --START--
INFO: Run Behavior\ContentReplaceBehavior [ RunTime:0.000095s ]
INFO: [ template_filter ] --END-- [ RunTime:0.000214s ]
INFO: Run Behavior\ParseTemplateBehavior [ RunTime:0.009304s ]
INFO: [ view_parse ] --END-- [ RunTime:0.009370s ]
INFO: [ view_filter ] --START--
INFO: Run Behavior\WriteHtmlCacheBehavior [ RunTime:0.000541s ]
INFO: [ view_filter ] --END-- [ RunTime:0.000590s ]

[ 2015-11-30T20:25:15+08:00 ] ::1 /bk/Admin/UpLoad/Uploading
INFO: [ app_init ] --START--
INFO: Run Behavior\BuildLiteBehavior [ RunTime:0.000021s ]
INFO: [ app_init ] --END-- [ RunTime:0.000726s ]
INFO: [ app_begin ] --START--
INFO: Run Behavior\ReadHtmlCacheBehavior [ RunTime:0.000994s ]
INFO: [ app_begin ] --END-- [ RunTime:0.001080s ]
NOTIC: [8] Use of undefined constant uniqid - assumed 'uniqid' E:\xampp\htdocs\bk\Application\Admin\Controller\UpLoadController.class.php 第 15 行.
INFO: [ view_parse ] --START--
INFO: [ template_filter ] --START--
INFO: Run Behavior\ContentReplaceBehavior [ RunTime:0.000066s ]
INFO: [ template_filter ] --END-- [ RunTime:0.000148s ]
INFO: Run Behavior\ParseTemplateBehavior [ RunTime:0.009518s ]
INFO: [ view_parse ] --END-- [ RunTime:0.009601s ]
INFO: [ view_filter ] --START--
INFO: Run Behavior\WriteHtmlCacheBehavior [ RunTime:0.000557s ]
INFO: [ view_filter ] --END-- [ RunTime:0.000619s ]

[ 2015-11-30T20:25:46+08:00 ] ::1 /bk/Admin/UpLoad/Uploading
INFO: [ app_init ] --START--
INFO: Run Behavior\BuildLiteBehavior [ RunTime:0.000016s ]
INFO: [ app_init ] --END-- [ RunTime:0.000586s ]
INFO: [ app_begin ] --START--
INFO: Run Behavior\ReadHtmlCacheBehavior [ RunTime:0.000680s ]
INFO: [ app_begin ] --END-- [ RunTime:0.000741s ]
NOTIC: [8] Use of undefined constant uniqid - assumed 'uniqid' E:\xampp\htdocs\bk\Application\Admin\Controller\UpLoadController.class.php 第 15 行.
INFO: [ view_parse ] --START--
INFO: [ template_filter ] --START--
INFO: Run Behavior\ContentReplaceBehavior [ RunTime:0.000052s ]
INFO: [ template_filter ] --END-- [ RunTime:0.000115s ]
INFO: Run Behavior\ParseTemplateBehavior [ RunTime:0.007986s ]
INFO: [ view_parse ] --END-- [ RunTime:0.008058s ]
INFO: [ view_filter ] --START--
INFO: Run Behavior\WriteHtmlCacheBehavior [ RunTime:0.000422s ]
INFO: [ view_filter ] --END-- [ RunTime:0.000470s ]

[ 2015-11-30T20:25:56+08:00 ] ::1 /bk/Admin/UpLoad/main
INFO: [ app_init ] --START--
INFO: Run Behavior\BuildLiteBehavior [ RunTime:0.000016s ]
INFO: [ app_init ] --END-- [ RunTime:0.000551s ]
INFO: [ app_begin ] --START--
INFO: Run Behavior\ReadHtmlCacheBehavior [ RunTime:0.000836s ]
INFO: [ app_begin ] --END-- [ RunTime:0.000909s ]
INFO: [ view_parse ] --START--
INFO: [ template_filter ] --START--
INFO: Run Behavior\ContentReplaceBehavior [ RunTime:0.000048s ]
INFO: [ template_filter ] --END-- [ RunTime:0.000115s ]
NOTIC: [8] Undefined variable: filelist E:\xampp\htdocs\bk\Application\Runtime\Cache\Admin\dd64a725afe957655c8027ac1e8eb07f.php 第 7 行.
INFO: Run Behavior\ParseTemplateBehavior [ RunTime:0.009564s ]
INFO: [ view_parse ] --END-- [ RunTime:0.009629s ]
INFO: [ view_filter ] --START--
INFO: Run Behavior\WriteHtmlCacheBehavior [ RunTime:0.000418s ]
INFO: [ view_filter ] --END-- [ RunTime:0.000466s ]
INFO: [ app_end ] --START--
INFO: Run Behavior\ShowPageTraceBehavior [ RunTime:0.000793s ]
INFO: [ app_end ] --END-- [ RunTime:0.000845s ]

[ 2015-11-30T20:26:43+08:00 ] ::1 /bk/Admin/UpLoad/Uploading
INFO: [ app_init ] --START--
INFO: Run Behavior\BuildLiteBehavior [ RunTime:0.000017s ]
INFO: [ app_init ] --END-- [ RunTime:0.000553s ]
INFO: [ app_begin ] --START--
INFO: Run Behavior\ReadHtmlCacheBehavior [ RunTime:0.000670s ]
INFO: [ app_begin ] --END-- [ RunTime:0.000723s ]
NOTIC: [8] Use of undefined constant uniqid - assumed 'uniqid' E:\xampp\htdocs\bk\Application\Admin\Controller\UpLoadController.class.php 第 15 行.
INFO: [ view_parse ] --START--
INFO: [ template_filter ] --START--
INFO: Run Behavior\ContentReplaceBehavior [ RunTime:0.000078s ]
INFO: [ template_filter ] --END-- [ RunTime:0.000180s ]
INFO: Run Behavior\ParseTemplateBehavior [ RunTime:0.008518s ]
INFO: [ view_parse ] --END-- [ RunTime:0.008585s ]
INFO: [ view_filter ] --START--
INFO: Run Behavior\WriteHtmlCacheBehavior [ RunTime:0.000426s ]
INFO: [ view_filter ] --END-- [ RunTime:0.000476s ]

[ 2015-11-30T20:27:13+08:00 ] ::1 /bk/Admin/UpLoad/Uploading
INFO: [ app_init ] --START--
INFO: Run Behavior\BuildLiteBehavior [ RunTime:0.000016s ]
INFO: [ app_init ] --END-- [ RunTime:0.000735s ]
INFO: [ app_begin ] --START--
INFO: Run Behavior\ReadHtmlCacheBehavior [ RunTime:0.000839s ]
INFO: [ app_begin ] --END-- [ RunTime:0.000896s ]
NOTIC: [8] Use of undefined constant uniqid - assumed 'uniqid' E:\xampp\htdocs\bk\Application\Admin\Controller\UpLoadController.class.php 第 15 行.
INFO: [ view_parse ] --START--
INFO: [ template_filter ] --START--
INFO: Run Behavior\ContentReplaceBehavior [ RunTime:0.000055s ]
INFO: [ template_filter ] --END-- [ RunTime:0.000133s ]
INFO: Run Behavior\ParseTemplateBehavior [ RunTime:0.010046s ]
INFO: [ view_parse ] --END-- [ RunTime:0.010121s ]
INFO: [ view_filter ] --START--
INFO: Run Behavior\WriteHtmlCacheBehavior [ RunTime:0.000614s ]
INFO: [ view_filter ] --END-- [ RunTime:0.000663s ]

[ 2015-11-30T20:27:20+08:00 ] ::1 /bk/Admin/UpLoad/Uploading
INFO: [ app_init ] --START--
INFO: Run Behavior\BuildLiteBehavior [ RunTime:0.000021s ]
INFO: [ app_init ] --END-- [ RunTime:0.000751s ]
INFO: [ app_begin ] --START--
INFO: Run Behavior\ReadHtmlCacheBehavior [ RunTime:0.000989s ]
INFO: [ app_begin ] --END-- [ RunTime:0.001076s ]
NOTIC: [8] Use of undefined constant uniqid - assumed 'uniqid' E:\xampp\htdocs\bk\Application\Admin\Controller\UpLoadController.class.php 第 15 行.
INFO: [ view_parse ] --START--
INFO: [ template_filter ] --START--
INFO: Run Behavior\ContentReplaceBehavior [ RunTime:0.000070s ]
INFO: [ template_filter ] --END-- [ RunTime:0.000166s ]
INFO: Run Behavior\ParseTemplateBehavior [ RunTime:0.008303s ]
INFO: [ view_parse ] --END-- [ RunTime:0.008377s ]
INFO: [ view_filter ] --START--
INFO: Run Behavior\WriteHtmlCacheBehavior [ RunTime:0.000480s ]
INFO: [ view_filter ] --END-- [ RunTime:0.000531s ]

[ 2015-11-30T20:28:07+08:00 ] ::1 /bk/Admin/UpLoad/Uploading
INFO: [ app_init ] --START--
INFO: Run Behavior\BuildLiteBehavior [ RunTime:0.000020s ]
INFO: [ app_init ] --END-- [ RunTime:0.000854s ]
INFO: [ app_begin ] --START--
INFO: Run Behavior\ReadHtmlCacheBehavior [ RunTime:0.000777s ]
INFO: [ app_begin ] --END-- [ RunTime:0.000840s ]
NOTIC: [8] Use of undefined constant uniqid - assumed 'uniqid' E:\xampp\htdocs\bk\Application\Admin\Controller\UpLoadController.class.php 第 15 行.
INFO: [ view_parse ] --START--
INFO: [ template_filter ] --START--
INFO: Run Behavior\ContentReplaceBehavior [ RunTime:0.000052s ]
INFO: [ template_filter ] --END-- [ RunTime:0.000121s ]
INFO: Run Behavior\ParseTemplateBehavior [ RunTime:0.008244s ]
INFO: [ view_parse ] --END-- [ RunTime:0.008323s ]
INFO: [ view_filter ] --START--
INFO: Run Behavior\WriteHtmlCacheBehavior [ RunTime:0.000572s ]
INFO: [ view_filter ] --END-- [ RunTime:0.000642s ]

[ 2015-11-30T20:28:14+08:00 ] ::1 /bk/Admin/UpLoad/Uploading
INFO: [ app_init ] --START--
INFO: Run Behavior\BuildLiteBehavior [ RunTime:0.000016s ]
INFO: [ app_init ] --END-- [ RunTime:0.000549s ]
INFO: [ app_begin ] --START--
INFO: Run Behavior\ReadHtmlCacheBehavior [ RunTime:0.000658s ]
INFO: [ app_begin ] --END-- [ RunTime:0.000712s ]
NOTIC: [8] Use of undefined constant uniqid - assumed 'uniqid' E:\xampp\htdocs\bk\Application\Admin\Controller\UpLoadController.class.php 第 15 行.
INFO: [ view_parse ] --START--
INFO: [ template_filter ] --START--
INFO: Run Behavior\ContentReplaceBehavior [ RunTime:0.000051s ]
INFO: [ template_filter ] --END-- [ RunTime:0.000127s ]
INFO: Run Behavior\ParseTemplateBehavior [ RunTime:0.008332s ]
INFO: [ view_parse ] --END-- [ RunTime:0.008399s ]
INFO: [ view_filter ] --START--
INFO: Run Behavior\WriteHtmlCacheBehavior [ RunTime:0.000761s ]
INFO: [ view_filter ] --END-- [ RunTime:0.000847s ]

[ 2015-11-30T20:28:34+08:00 ] ::1 /bk/Admin/UpLoad/main
INFO: [ app_init ] --START--
INFO: Run Behavior\BuildLiteBehavior [ RunTime:0.000016s ]
INFO: [ app_init ] --END-- [ RunTime:0.000558s ]
INFO: [ app_begin ] --START--
INFO: Run Behavior\ReadHtmlCacheBehavior [ RunTime:0.000693s ]
INFO: [ app_begin ] --END-- [ RunTime:0.000751s ]
INFO: [ view_parse ] --START--
INFO: [ template_filter ] --START--
INFO: Run Behavior\ContentReplaceBehavior [ RunTime:0.000049s ]
INFO: [ template_filter ] --END-- [ RunTime:0.000120s ]
NOTIC: [8] Undefined variable: filelist E:\xampp\htdocs\bk\Application\Runtime\Cache\Admin\dd64a725afe957655c8027ac1e8eb07f.php 第 7 行.
INFO: Run Behavior\ParseTemplateBehavior [ RunTime:0.009156s ]
INFO: [ view_parse ] --END-- [ RunTime:0.009217s ]
INFO: [ view_filter ] --START--
INFO: Run Behavior\WriteHtmlCacheBehavior [ RunTime:0.000466s ]
INFO: [ view_filter ] --END-- [ RunTime:0.000515s ]
INFO: [ app_end ] --START--
INFO: Run Behavior\ShowPageTraceBehavior [ RunTime:0.000975s ]
INFO: [ app_end ] --END-- [ RunTime:0.001030s ]

[ 2015-11-30T20:28:40+08:00 ] ::1 /bk/Admin/UpLoad/Uploading
INFO: [ app_init ] --START--
INFO: Run Behavior\BuildLiteBehavior [ RunTime:0.000022s ]
INFO: [ app_init ] --END-- [ RunTime:0.000752s ]
INFO: [ app_begin ] --START--
INFO: Run Behavior\ReadHtmlCacheBehavior [ RunTime:0.000702s ]
INFO: [ app_begin ] --END-- [ RunTime:0.000756s ]
NOTIC: [8] Use of undefined constant uniqid - assumed 'uniqid' E:\xampp\htdocs\bk\Application\Admin\Controller\UpLoadController.class.php 第 15 行.
INFO: [ view_parse ] --START--
INFO: [ template_filter ] --START--
INFO: Run Behavior\ContentReplaceBehavior [ RunTime:0.000050s ]
INFO: [ template_filter ] --END-- [ RunTime:0.000113s ]
INFO: Run Behavior\ParseTemplateBehavior [ RunTime:0.007497s ]
INFO: [ view_parse ] --END-- [ RunTime:0.007571s ]
INFO: [ view_filter ] --START--
INFO: Run Behavior\WriteHtmlCacheBehavior [ RunTime:0.000430s ]
INFO: [ view_filter ] --END-- [ RunTime:0.000479s ]

[ 2015-11-30T20:29:05+08:00 ] ::1 /bk/Admin/UpLoad/Uploading
INFO: [ app_init ] --START--
INFO: Run Behavior\BuildLiteBehavior [ RunTime:0.000016s ]
INFO: [ app_init ] --END-- [ RunTime:0.000546s ]
INFO: [ app_begin ] --START--
INFO: Run Behavior\ReadHtmlCacheBehavior [ RunTime:0.000988s ]
INFO: [ app_begin ] --END-- [ RunTime:0.001059s ]
NOTIC: [8] Use of undefined constant uniqid - assumed 'uniqid' E:\xampp\htdocs\bk\Application\Admin\Controller\UpLoadController.class.php 第 15 行.
INFO: [ view_parse ] --START--
INFO: [ template_filter ] --START--
INFO: Run Behavior\ContentReplaceBehavior [ RunTime:0.000052s ]
INFO: [ template_filter ] --END-- [ RunTime:0.000119s ]
INFO: Run Behavior\ParseTemplateBehavior [ RunTime:0.008305s ]
INFO: [ view_parse ] --END-- [ RunTime:0.008401s ]
INFO: [ view_filter ] --START--
INFO: Run Behavior\WriteHtmlCacheBehavior [ RunTime:0.000745s ]
INFO: [ view_filter ] --END-- [ RunTime:0.000819s ]

[ 2015-11-30T20:30:41+08:00 ] ::1 /bk/Admin/UpLoad/Uploading
INFO: [ app_init ] --START--
INFO: Run Behavior\BuildLiteBehavior [ RunTime:0.000028s ]
INFO: [ app_init ] --END-- [ RunTime:0.001147s ]
INFO: [ app_begin ] --START--
INFO: Run Behavior\ReadHtmlCacheBehavior [ RunTime:0.000941s ]
INFO: [ app_begin ] --END-- [ RunTime:0.001000s ]
NOTIC: [8] Use of undefined constant funiqid - assumed 'funiqid' E:\xampp\htdocs\bk\Application\Admin\Controller\UpLoadController.class.php 第 15 行.
INFO: [ view_parse ] --START--
INFO: [ template_filter ] --START--
INFO: Run Behavior\ContentReplaceBehavior [ RunTime:0.000053s ]
INFO: [ template_filter ] --END-- [ RunTime:0.000123s ]
INFO: Run Behavior\ParseTemplateBehavior [ RunTime:0.010621s ]
INFO: [ view_parse ] --END-- [ RunTime:0.010691s ]
INFO: [ view_filter ] --START--
INFO: Run Behavior\WriteHtmlCacheBehavior [ RunTime:0.000537s ]
INFO: [ view_filter ] --END-- [ RunTime:0.000586s ]

[ 2015-11-30T20:30:48+08:00 ] ::1 /bk/Admin/UpLoad/main
INFO: [ app_init ] --START--
INFO: Run Behavior\BuildLiteBehavior [ RunTime:0.000015s ]
INFO: [ app_init ] --END-- [ RunTime:0.000532s ]
INFO: [ app_begin ] --START--
INFO: Run Behavior\ReadHtmlCacheBehavior [ RunTime:0.000661s ]
INFO: [ app_begin ] --END-- [ RunTime:0.000715s ]
INFO: [ view_parse ] --START--
INFO: [ template_filter ] --START--
INFO: Run Behavior\ContentReplaceBehavior [ RunTime:0.000048s ]
INFO: [ template_filter ] --END-- [ RunTime:0.000116s ]
NOTIC: [8] Undefined variable: filelist E:\xampp\htdocs\bk\Application\Runtime\Cache\Admin\dd64a725afe957655c8027ac1e8eb07f.php 第 7 行.
INFO: Run Behavior\ParseTemplateBehavior [ RunTime:0.011932s ]
INFO: [ view_parse ] --END-- [ RunTime:0.012000s ]
INFO: [ view_filter ] --START--
INFO: Run Behavior\WriteHtmlCacheBehavior [ RunTime:0.000624s ]
INFO: [ view_filter ] --END-- [ RunTime:0.000685s ]
INFO: [ app_end ] --START--
INFO: Run Behavior\ShowPageTraceBehavior [ RunTime:0.000842s ]
INFO: [ app_end ] --END-- [ RunTime:0.000900s ]

[ 2015-11-30T20:30:55+08:00 ] ::1 /bk/Admin/UpLoad/Uploading
INFO: [ app_init ] --START--
INFO: Run Behavior\BuildLiteBehavior [ RunTime:0.000021s ]
INFO: [ app_init ] --END-- [ RunTime:0.000742s ]
INFO: [ app_begin ] --START--
INFO: Run Behavior\ReadHtmlCacheBehavior [ RunTime:0.000873s ]
INFO: [ app_begin ] --END-- [ RunTime:0.000955s ]
NOTIC: [8] Use of undefined constant funiqid - assumed 'funiqid' E:\xampp\htdocs\bk\Application\Admin\Controller\UpLoadController.class.php 第 15 行.
INFO: [ view_parse ] --START--
INFO: [ template_filter ] --START--
INFO: Run Behavior\ContentReplaceBehavior [ RunTime:0.000051s ]
INFO: [ template_filter ] --END-- [ RunTime:0.000118s ]
INFO: Run Behavior\ParseTemplateBehavior [ RunTime:0.008466s ]
INFO: [ view_parse ] --END-- [ RunTime:0.008567s ]
INFO: [ view_filter ] --START--
INFO: Run Behavior\WriteHtmlCacheBehavior [ RunTime:0.000806s ]
INFO: [ view_filter ] --END-- [ RunTime:0.000885s ]

[ 2015-11-30T20:33:16+08:00 ] ::1 /bk/Admin/UpLoad/main
INFO: [ app_init ] --START--
INFO: Run Behavior\BuildLiteBehavior [ RunTime:0.000017s ]
INFO: [ app_init ] --END-- [ RunTime:0.000649s ]
INFO: [ app_begin ] --START--
INFO: Run Behavior\ReadHtmlCacheBehavior [ RunTime:0.000875s ]
INFO: [ app_begin ] --END-- [ RunTime:0.000928s ]
INFO: [ view_parse ] --START--
INFO: [ template_filter ] --START--
INFO: Run Behavior\ContentReplaceBehavior [ RunTime:0.000049s ]
INFO: [ template_filter ] --END-- [ RunTime:0.000122s ]
NOTIC: [8] Undefined variable: filelist E:\xampp\htdocs\bk\Application\Runtime\Cache\Admin\dd64a725afe957655c8027ac1e8eb07f.php 第 7 行.
INFO: Run Behavior\ParseTemplateBehavior [ RunTime:0.018756s ]
INFO: [ view_parse ] --END-- [ RunTime:0.018990s ]
INFO: [ view_filter ] --START--
INFO: Run Behavior\WriteHtmlCacheBehavior [ RunTime:0.000609s ]
INFO: [ view_filter ] --END-- [ RunTime:0.000658s ]
INFO: [ app_end ] --START--
INFO: Run Behavior\ShowPageTraceBehavior [ RunTime:0.001047s ]
INFO: [ app_end ] --END-- [ RunTime:0.001135s ]

[ 2015-11-30T20:33:23+08:00 ] ::1 /bk/Admin/UpLoad/Uploading
INFO: [ app_init ] --START--
INFO: Run Behavior\BuildLiteBehavior [ RunTime:0.000016s ]
INFO: [ app_init ] --END-- [ RunTime:0.000549s ]
INFO: [ app_begin ] --START--
INFO: Run Behavior\ReadHtmlCacheBehavior [ RunTime:0.000661s ]
INFO: [ app_begin ] --END-- [ RunTime:0.000713s ]
NOTIC: [8] Use of undefined constant funiqid - assumed 'funiqid' E:\xampp\htdocs\bk\Application\Admin\Controller\UpLoadController.class.php 第 15 行.
INFO: [ view_parse ] --START--
INFO: [ template_filter ] --START--
INFO: Run Behavior\ContentReplaceBehavior [ RunTime:0.000065s ]
INFO: [ template_filter ] --END-- [ RunTime:0.000147s ]
INFO: Run Behavior\ParseTemplateBehavior [ RunTime:0.008304s ]
INFO: [ view_parse ] --END-- [ RunTime:0.008392s ]
INFO: [ view_filter ] --START--
INFO: Run Behavior\WriteHtmlCacheBehavior [ RunTime:0.000874s ]
INFO: [ view_filter ] --END-- [ RunTime:0.000972s ]

[ 2015-11-30T20:33:49+08:00 ] ::1 /bk/Admin/UpLoad/main
INFO: [ app_init ] --START--
INFO: Run Behavior\BuildLiteBehavior [ RunTime:0.000027s ]
INFO: [ app_init ] --END-- [ RunTime:0.001443s ]
INFO: [ app_begin ] --START--
INFO: Run Behavior\ReadHtmlCacheBehavior [ RunTime:0.000822s ]
INFO: [ app_begin ] --END-- [ RunTime:0.000898s ]
INFO: [ view_parse ] --START--
INFO: [ template_filter ] --START--
INFO: Run Behavior\ContentReplaceBehavior [ RunTime:0.000066s ]
INFO: [ template_filter ] --END-- [ RunTime:0.000160s ]
NOTIC: [8] Undefined variable: filelist E:\xampp\htdocs\bk\Application\Runtime\Cache\Admin\dd64a725afe957655c8027ac1e8eb07f.php 第 7 行.
INFO: Run Behavior\ParseTemplateBehavior [ RunTime:0.010715s ]
INFO: [ view_parse ] --END-- [ RunTime:0.010785s ]
INFO: [ view_filter ] --START--
INFO: Run Behavior\WriteHtmlCacheBehavior [ RunTime:0.000499s ]
INFO: [ view_filter ] --END-- [ RunTime:0.000549s ]
INFO: [ app_end ] --START--
INFO: Run Behavior\ShowPageTraceBehavior [ RunTime:0.000671s ]
INFO: [ app_end ] --END-- [ RunTime:0.000723s ]

[ 2015-11-30T20:33:53+08:00 ] ::1 /bk/Admin/UpLoad/Uploading
INFO: [ app_init ] --START--
INFO: Run Behavior\BuildLiteBehavior [ RunTime:0.000021s ]
INFO: [ app_init ] --END-- [ RunTime:0.000923s ]
INFO: [ app_begin ] --START--
INFO: Run Behavior\ReadHtmlCacheBehavior [ RunTime:0.000893s ]
INFO: [ app_begin ] --END-- [ RunTime:0.000967s ]
NOTIC: [8] Use of undefined constant funiqid - assumed 'funiqid' E:\xampp\htdocs\bk\Application\Admin\Controller\UpLoadController.class.php 第 15 行.
NOTIC: [2] call_user_func() expects parameter 1 to be a valid callback, no array or string given E:\xampp\htdocs\bk\ThinkPHP\Library\Think\Upload.class.php 第 170 行.
INFO: [ view_parse ] --START--
INFO: [ template_filter ] --START--
INFO: Run Behavior\ContentReplaceBehavior [ RunTime:0.000054s ]
INFO: [ template_filter ] --END-- [ RunTime:0.000121s ]
INFO: Run Behavior\ParseTemplateBehavior [ RunTime:0.011191s ]
INFO: [ view_parse ] --END-- [ RunTime:0.011313s ]
INFO: [ view_filter ] --START--
INFO: Run Behavior\WriteHtmlCacheBehavior [ RunTime:0.001184s ]
INFO: [ view_filter ] --END-- [ RunTime:0.001248s ]

[ 2015-11-30T20:35:04+08:00 ] ::1 /bk/Admin/UpLoad/Uploading
INFO: [ app_init ] --START--
INFO: Run Behavior\BuildLiteBehavior [ RunTime:0.000016s ]
INFO: [ app_init ] --END-- [ RunTime:0.000608s ]
INFO: [ app_begin ] --START--
INFO: Run Behavior\ReadHtmlCacheBehavior [ RunTime:0.001077s ]
INFO: [ app_begin ] --END-- [ RunTime:0.001132s ]
NOTIC: [8] Use of undefined constant funiqid - assumed 'funiqid' E:\xampp\htdocs\bk\Application\Admin\Controller\UpLoadController.class.php 第 15 行.
NOTIC: [2] call_user_func() expects parameter 1 to be a valid callback, no array or string given E:\xampp\htdocs\bk\ThinkPHP\Library\Think\Upload.class.php 第 170 行.

[ 2015-11-30T20:37:58+08:00 ] ::1 /bk/Admin/UpLoad/Uploading
INFO: [ app_init ] --START--
INFO: Run Behavior\BuildLiteBehavior [ RunTime:0.000017s ]
INFO: [ app_init ] --END-- [ RunTime:0.000726s ]
INFO: [ app_begin ] --START--
INFO: Run Behavior\ReadHtmlCacheBehavior [ RunTime:0.000992s ]
INFO: [ app_begin ] --END-- [ RunTime:0.001050s ]
NOTIC: [8] Use of undefined constant funiqid - assumed 'funiqid' E:\xampp\htdocs\bk\Application\Admin\Controller\UpLoadController.class.php 第 15 行.
NOTIC: [2] call_user_func() expects parameter 1 to be a valid callback, no array or string given E:\xampp\htdocs\bk\ThinkPHP\Library\Think\Upload.class.php 第 170 行.
INFO: [ app_end ] --START--
INFO: Run Behavior\ShowPageTraceBehavior [ RunTime:0.001974s ]
INFO: [ app_end ] --END-- [ RunTime:0.002079s ]

[ 2015-11-30T20:44:01+08:00 ] ::1 /bk/Admin/UpLoad/Uploading
INFO: [ app_init ] --START--
INFO: Run Behavior\BuildLiteBehavior [ RunTime:0.000020s ]
INFO: [ app_init ] --END-- [ RunTime:0.000954s ]
INFO: [ app_begin ] --START--
INFO: Run Behavior\ReadHtmlCacheBehavior [ RunTime:0.001359s ]
INFO: [ app_begin ] --END-- [ RunTime:0.001438s ]
NOTIC: [8] Use of undefined constant funiqid - assumed 'funiqid' E:\xampp\htdocs\bk\Application\Admin\Controller\UpLoadController.class.php 第 15 行.
NOTIC: [2] call_user_func() expects parameter 1 to be a valid callback, no array or string given E:\xampp\htdocs\bk\ThinkPHP\Library\Think\Upload.class.php 第 170 行.
INFO: [ app_end ] --START--
INFO: Run Behavior\ShowPageTraceBehavior [ RunTime:0.001186s ]
INFO: [ app_end ] --END-- [ RunTime:0.001266s ]

[ 2015-11-30T20:51:25+08:00 ] ::1 /bk/Admin/UpLoad/main
INFO: [ app_init ] --START--
INFO: Run Behavior\BuildLiteBehavior [ RunTime:0.000016s ]
INFO: [ app_init ] --END-- [ RunTime:0.000654s ]
INFO: [ app_begin ] --START--
INFO: Run Behavior\ReadHtmlCacheBehavior [ RunTime:0.000975s ]
INFO: [ app_begin ] --END-- [ RunTime:0.001032s ]
INFO: [ view_parse ] --START--
INFO: [ template_filter ] --START--
INFO: Run Behavior\ContentReplaceBehavior [ RunTime:0.000050s ]
INFO: [ template_filter ] --END-- [ RunTime:0.000114s ]
NOTIC: [8] Undefined variable: filelist E:\xampp\htdocs\bk\Application\Runtime\Cache\Admin\dd64a725afe957655c8027ac1e8eb07f.php 第 7 行.
INFO: Run Behavior\ParseTemplateBehavior [ RunTime:0.079018s ]
INFO: [ view_parse ] --END-- [ RunTime:0.079083s ]
INFO: [ view_filter ] --START--
INFO: Run Behavior\WriteHtmlCacheBehavior [ RunTime:0.000720s ]
INFO: [ view_filter ] --END-- [ RunTime:0.000768s ]
INFO: [ app_end ] --START--
INFO: Run Behavior\ShowPageTraceBehavior [ RunTime:0.000948s ]
INFO: [ app_end ] --END-- [ RunTime:0.000997s ]

[ 2015-11-30T20:51:31+08:00 ] ::1 /bk/Admin/UpLoad/Uploading
INFO: [ app_init ] --START--
INFO: Run Behavior\BuildLiteBehavior [ RunTime:0.000020s ]
INFO: [ app_init ] --END-- [ RunTime:0.000758s ]
INFO: [ app_begin ] --START--
INFO: Run Behavior\ReadHtmlCacheBehavior [ RunTime:0.001042s ]
INFO: [ app_begin ] --END-- [ RunTime:0.001101s ]
NOTIC: [8] Use of undefined constant funiqid - assumed 'funiqid' E:\xampp\htdocs\bk\Application\Admin\Controller\UpLoadController.class.php 第 17 行.
NOTIC: [2] call_user_func() expects parameter 1 to be a valid callback, no array or string given E:\xampp\htdocs\bk\ThinkPHP\Library\Think\Upload.class.php 第 170 行.
INFO: [ app_end ] --START--
INFO: Run Behavior\ShowPageTraceBehavior [ RunTime:0.001194s ]
INFO: [ app_end ] --END-- [ RunTime:0.001265s ]

[ 2015-11-30T20:52:04+08:00 ] ::1 /bk/Admin/UpLoad/Uploading
INFO: [ app_init ] --START--
INFO: Run Behavior\BuildLiteBehavior [ RunTime:0.000017s ]
INFO: [ app_init ] --END-- [ RunTime:0.000634s ]
INFO: [ app_begin ] --START--
INFO: Run Behavior\ReadHtmlCacheBehavior [ RunTime:0.000980s ]
INFO: [ app_begin ] --END-- [ RunTime:0.001035s ]
NOTIC: [8] Use of undefined constant funiqid - assumed 'funiqid' E:\xampp\htdocs\bk\Application\Admin\Controller\UpLoadController.class.php 第 17 行.
NOTIC: [2] call_user_func() expects parameter 1 to be a valid callback, no array or string given E:\xampp\htdocs\bk\ThinkPHP\Library\Think\Upload.class.php 第 170 行.
INFO: [ app_end ] --START--
INFO: Run Behavior\ShowPageTraceBehavior [ RunTime:0.001219s ]
INFO: [ app_end ] --END-- [ RunTime:0.001302s ]

[ 2015-11-30T20:53:29+08:00 ] ::1 /bk/Admin/UpLoad/Uploading
INFO: [ app_init ] --START--
INFO: Run Behavior\BuildLiteBehavior [ RunTime:0.000026s ]
INFO: [ app_init ] --END-- [ RunTime:0.001221s ]
INFO: [ app_begin ] --START--
INFO: Run Behavior\ReadHtmlCacheBehavior [ RunTime:0.001160s ]
INFO: [ app_begin ] --END-- [ RunTime:0.001232s ]
NOTIC: [8] Use of undefined constant funiqid - assumed 'funiqid' E:\xampp\htdocs\bk\Application\Admin\Controller\UpLoadController.class.php 第 18 行.
NOTIC: [2] call_user_func() expects parameter 1 to be a valid callback, no array or string given E:\xampp\htdocs\bk\ThinkPHP\Library\Think\Upload.class.php 第 170 行.
INFO: [ app_end ] --START--
INFO: Run Behavior\ShowPageTraceBehavior [ RunTime:0.001633s ]
INFO: [ app_end ] --END-- [ RunTime:0.001804s ]

[ 2015-11-30T20:54:54+08:00 ] ::1 /bk/Admin/UpLoad/Uploading
INFO: [ app_init ] --START--
INFO: Run Behavior\BuildLiteBehavior [ RunTime:0.000016s ]
INFO: [ app_init ] --END-- [ RunTime:0.000622s ]
INFO: [ app_begin ] --START--
INFO: Run Behavior\ReadHtmlCacheBehavior [ RunTime:0.001004s ]
INFO: [ app_begin ] --END-- [ RunTime:0.001074s ]
NOTIC: [8] Use of undefined constant funiqid - assumed 'funiqid' E:\xampp\htdocs\bk\Application\Admin\Controller\UpLoadController.class.php 第 17 行.
NOTIC: [2] call_user_func() expects parameter 1 to be a valid callback, no array or string given E:\xampp\htdocs\bk\ThinkPHP\Library\Think\Upload.class.php 第 170 行.
INFO: [ app_end ] --START--
INFO: Run Behavior\ShowPageTraceBehavior [ RunTime:0.001091s ]
INFO: [ app_end ] --END-- [ RunTime:0.001167s ]

[ 2015-11-30T20:58:48+08:00 ] ::1 /bk/Admin/UpLoad/Uploading
INFO: [ app_init ] --START--
INFO: Run Behavior\BuildLiteBehavior [ RunTime:0.000029s ]
INFO: [ app_init ] --END-- [ RunTime:0.000795s ]
INFO: [ app_begin ] --START--
INFO: Run Behavior\ReadHtmlCacheBehavior [ RunTime:0.002107s ]
INFO: [ app_begin ] --END-- [ RunTime:0.002219s ]
NOTIC: [8] Use of undefined constant funiqid - assumed 'funiqid' E:\xampp\htdocs\bk\Application\Admin\Controller\UpLoadController.class.php 第 17 行.
NOTIC: [2] call_user_func() expects parameter 1 to be a valid callback, no array or string given E:\xampp\htdocs\bk\ThinkPHP\Library\Think\Upload.class.php 第 170 行.
ERR: 1146:Table 'test.db_upload_img' doesn't exist
 [ SQL语句 ] : SHOW COLUMNS FROM `db_upload_img`
ERR: 1146:Table 'test.db_upload_img' doesn't exist
 [ SQL语句 ] : SHOW COLUMNS FROM `db_upload_img`

[ 2015-11-30T21:01:12+08:00 ] ::1 /bk/Admin/UpLoad/Uploading
INFO: [ app_init ] --START--
INFO: Run Behavior\BuildLiteBehavior [ RunTime:0.000017s ]
INFO: [ app_init ] --END-- [ RunTime:0.000639s ]
INFO: [ app_begin ] --START--
INFO: Run Behavior\ReadHtmlCacheBehavior [ RunTime:0.000955s ]
INFO: [ app_begin ] --END-- [ RunTime:0.001012s ]
NOTIC: [8] Use of undefined constant funiqid - assumed 'funiqid' E:\xampp\htdocs\bk\Application\Admin\Controller\UpLoadController.class.php 第 17 行.
NOTIC: [2] call_user_func() expects parameter 1 to be a valid callback, no array or string given E:\xampp\htdocs\bk\ThinkPHP\Library\Think\Upload.class.php 第 170 行.
ERR: 1146:Table 'test.db_upload_img' doesn't exist
 [ SQL语句 ] : SHOW COLUMNS FROM `db_upload_img`
ERR: 1146:Table 'test.db_upload_img' doesn't exist
 [ SQL语句 ] : SHOW COLUMNS FROM `db_upload_img`

[ 2015-11-30T21:01:19+08:00 ] ::1 /bk/Admin/UpLoad/Uploading
INFO: [ app_init ] --START--
INFO: Run Behavior\BuildLiteBehavior [ RunTime:0.000016s ]
INFO: [ app_init ] --END-- [ RunTime:0.000606s ]
INFO: [ app_begin ] --START--
INFO: Run Behavior\ReadHtmlCacheBehavior [ RunTime:0.001001s ]
INFO: [ app_begin ] --END-- [ RunTime:0.001058s ]
NOTIC: [8] Use of undefined constant funiqid - assumed 'funiqid' E:\xampp\htdocs\bk\Application\Admin\Controller\UpLoadController.class.php 第 17 行.
NOTIC: [2] call_user_func() expects parameter 1 to be a valid callback, no array or string given E:\xampp\htdocs\bk\ThinkPHP\Library\Think\Upload.class.php 第 170 行.
ERR: 1146:Table 'test.db_upload_img' doesn't exist
 [ SQL语句 ] : SHOW COLUMNS FROM `db_upload_img`
ERR: 1146:Table 'test.db_upload_img' doesn't exist
 [ SQL语句 ] : SHOW COLUMNS FROM `db_upload_img`

[ 2015-11-30T21:01:28+08:00 ] ::1 /bk/Admin/UpLoad/Uploading
INFO: [ app_init ] --START--
INFO: Run Behavior\BuildLiteBehavior [ RunTime:0.000016s ]
INFO: [ app_init ] --END-- [ RunTime:0.000596s ]
INFO: [ app_begin ] --START--
INFO: Run Behavior\ReadHtmlCacheBehavior [ RunTime:0.001032s ]
INFO: [ app_begin ] --END-- [ RunTime:0.001089s ]
NOTIC: [8] Use of undefined constant funiqid - assumed 'funiqid' E:\xampp\htdocs\bk\Application\Admin\Controller\UpLoadController.class.php 第 17 行.
NOTIC: [2] call_user_func() expects parameter 1 to be a valid callback, no array or string given E:\xampp\htdocs\bk\ThinkPHP\Library\Think\Upload.class.php 第 170 行.
NOTIC: [2] call_user_func() expects parameter 1 to be a valid callback, no array or string given E:\xampp\htdocs\bk\ThinkPHP\Library\Think\Upload.class.php 第 170 行.
NOTIC: [2] call_user_func() expects parameter 1 to be a valid callback, no array or string given E:\xampp\htdocs\bk\ThinkPHP\Library\Think\Upload.class.php 第 170 行.
ERR: 1146:Table 'test.db_upload_img' doesn't exist
 [ SQL语句 ] : SHOW COLUMNS FROM `db_upload_img`
ERR: 1146:Table 'test.db_upload_img' doesn't exist
 [ SQL语句 ] : SHOW COLUMNS FROM `db_upload_img`

[ 2015-11-30T21:12:17+08:00 ] ::1 /bk/Admin/UpLoad/Uploading
INFO: [ app_init ] --START--
INFO: Run Behavior\BuildLiteBehavior [ RunTime:0.000018s ]
INFO: [ app_init ] --END-- [ RunTime:0.000758s ]
INFO: [ app_begin ] --START--
INFO: Run Behavior\ReadHtmlCacheBehavior [ RunTime:0.001076s ]
INFO: [ app_begin ] --END-- [ RunTime:0.001136s ]
NOTIC: [8] Use of undefined constant funiqid - assumed 'funiqid' E:\xampp\htdocs\bk\Application\Admin\Controller\UpLoadController.class.php 第 17 行.
NOTIC: [2] call_user_func() expects parameter 1 to be a valid callback, no array or string given E:\xampp\htdocs\bk\ThinkPHP\Library\Think\Upload.class.php 第 170 行.
NOTIC: [2] call_user_func() expects parameter 1 to be a valid callback, no array or string given E:\xampp\htdocs\bk\ThinkPHP\Library\Think\Upload.class.php 第 170 行.
NOTIC: [2] call_user_func() expects parameter 1 to be a valid callback, no array or string given E:\xampp\htdocs\bk\ThinkPHP\Library\Think\Upload.class.php 第 170 行.
ERR: 1146:Table 'test.db_upload_img' doesn't exist
 [ SQL语句 ] : SHOW COLUMNS FROM `db_upload_img`
ERR: 1146:Table 'test.db_upload_img' doesn't exist
 [ SQL语句 ] : SHOW COLUMNS FROM `db_upload_img`

[ 2015-11-30T21:12:22+08:00 ] ::1 /bk/Admin/UpLoad/Uploading
INFO: [ app_init ] --START--
INFO: Run Behavior\BuildLiteBehavior [ RunTime:0.000017s ]
INFO: [ app_init ] --END-- [ RunTime:0.000650s ]
INFO: [ app_begin ] --START--
INFO: Run Behavior\ReadHtmlCacheBehavior [ RunTime:0.000958s ]
INFO: [ app_begin ] --END-- [ RunTime:0.001013s ]
NOTIC: [8] Use of undefined constant funiqid - assumed 'funiqid' E:\xampp\htdocs\bk\Application\Admin\Controller\UpLoadController.class.php 第 17 行.
NOTIC: [2] call_user_func() expects parameter 1 to be a valid callback, no array or string given E:\xampp\htdocs\bk\ThinkPHP\Library\Think\Upload.class.php 第 170 行.
NOTIC: [2] call_user_func() expects parameter 1 to be a valid callback, no array or string given E:\xampp\htdocs\bk\ThinkPHP\Library\Think\Upload.class.php 第 170 行.
NOTIC: [2] call_user_func() expects parameter 1 to be a valid callback, no array or string given E:\xampp\htdocs\bk\ThinkPHP\Library\Think\Upload.class.php 第 170 行.
ERR: 1146:Table 'test.db_upload_img' doesn't exist
 [ SQL语句 ] : SHOW COLUMNS FROM `db_upload_img`
ERR: 1146:Table 'test.db_upload_img' doesn't exist
 [ SQL语句 ] : SHOW COLUMNS FROM `db_upload_img`

[ 2015-11-30T21:12:35+08:00 ] ::1 /bk/Admin/UpLoad/main
INFO: [ app_init ] --START--
INFO: Run Behavior\BuildLiteBehavior [ RunTime:0.000016s ]
INFO: [ app_init ] --END-- [ RunTime:0.000604s ]
INFO: [ app_begin ] --START--
INFO: Run Behavior\ReadHtmlCacheBehavior [ RunTime:0.000849s ]
INFO: [ app_begin ] --END-- [ RunTime:0.000902s ]
INFO: [ view_parse ] --START--
INFO: [ template_filter ] --START--
INFO: Run Behavior\ContentReplaceBehavior [ RunTime:0.000055s ]
INFO: [ template_filter ] --END-- [ RunTime:0.000126s ]
NOTIC: [8] Undefined variable: filelist E:\xampp\htdocs\bk\Application\Runtime\Cache\Admin\dd64a725afe957655c8027ac1e8eb07f.php 第 7 行.
INFO: Run Behavior\ParseTemplateBehavior [ RunTime:0.009967s ]
INFO: [ view_parse ] --END-- [ RunTime:0.010052s ]
INFO: [ view_filter ] --START--
INFO: Run Behavior\WriteHtmlCacheBehavior [ RunTime:0.000910s ]
INFO: [ view_filter ] --END-- [ RunTime:0.000998s ]
INFO: [ app_end ] --START--
INFO: Run Behavior\ShowPageTraceBehavior [ RunTime:0.000988s ]
INFO: [ app_end ] --END-- [ RunTime:0.001078s ]

[ 2015-11-30T21:12:44+08:00 ] ::1 /bk/Admin/UpLoad/Uploading
INFO: [ app_init ] --START--
INFO: Run Behavior\BuildLiteBehavior [ RunTime:0.000025s ]
INFO: [ app_init ] --END-- [ RunTime:0.000925s ]
INFO: [ app_begin ] --START--
INFO: Run Behavior\ReadHtmlCacheBehavior [ RunTime:0.000985s ]
INFO: [ app_begin ] --END-- [ RunTime:0.001050s ]
NOTIC: [8] Use of undefined constant funiqid - assumed 'funiqid' E:\xampp\htdocs\bk\Application\Admin\Controller\UpLoadController.class.php 第 17 行.
NOTIC: [2] call_user_func() expects parameter 1 to be a valid callback, no array or string given E:\xampp\htdocs\bk\ThinkPHP\Library\Think\Upload.class.php 第 170 行.
NOTIC: [2] call_user_func() expects parameter 1 to be a valid callback, no array or string given E:\xampp\htdocs\bk\ThinkPHP\Library\Think\Upload.class.php 第 170 行.
NOTIC: [2] call_user_func() expects parameter 1 to be a valid callback, no array or string given E:\xampp\htdocs\bk\ThinkPHP\Library\Think\Upload.class.php 第 170 行.
ERR: 1146:Table 'test.db_upload_img' doesn't exist
 [ SQL语句 ] : SHOW COLUMNS FROM `db_upload_img`
ERR: 1146:Table 'test.db_upload_img' doesn't exist
 [ SQL语句 ] : SHOW COLUMNS FROM `db_upload_img`

[ 2015-11-30T21:14:44+08:00 ] ::1 /bk/Admin/UpLoad/Uploading
INFO: [ app_init ] --START--
INFO: Run Behavior\BuildLiteBehavior [ RunTime:0.000019s ]
INFO: [ app_init ] --END-- [ RunTime:0.000646s ]
INFO: [ app_begin ] --START--
INFO: Run Behavior\ReadHtmlCacheBehavior [ RunTime:0.001000s ]
INFO: [ app_begin ] --END-- [ RunTime:0.001058s ]
NOTIC: [8] Use of undefined constant funiqid - assumed 'funiqid' E:\xampp\htdocs\bk\Application\Admin\Controller\UpLoadController.class.php 第 17 行.
NOTIC: [2] call_user_func() expects parameter 1 to be a valid callback, no array or string given E:\xampp\htdocs\bk\ThinkPHP\Library\Think\Upload.class.php 第 170 行.
NOTIC: [2] call_user_func() expects parameter 1 to be a valid callback, no array or string given E:\xampp\htdocs\bk\ThinkPHP\Library\Think\Upload.class.php 第 170 行.
NOTIC: [2] call_user_func() expects parameter 1 to be a valid callback, no array or string given E:\xampp\htdocs\bk\ThinkPHP\Library\Think\Upload.class.php 第 170 行.
ERR: 1146:Table 'test.db_upload_img' doesn't exist
 [ SQL语句 ] : SHOW COLUMNS FROM `db_upload_img`
ERR: 1146:Table 'test.db_upload_img' doesn't exist
 [ SQL语句 ] : SHOW COLUMNS FROM `db_upload_img`

[ 2015-11-30T21:34:11+08:00 ] ::1 /bk/Admin/UpLoad/Uploading
INFO: [ app_init ] --START--
INFO: Run Behavior\BuildLiteBehavior [ RunTime:0.000021s ]
INFO: [ app_init ] --END-- [ RunTime:0.015760s ]
INFO: [ app_begin ] --START--
INFO: Run Behavior\ReadHtmlCacheBehavior [ RunTime:0.001658s ]
INFO: [ app_begin ] --END-- [ RunTime:0.001719s ]
NOTIC: [8] Use of undefined constant funiqid - assumed 'funiqid' E:\xampp\htdocs\bk\Application\Admin\Controller\UpLoadController.class.php 第 17 行.
NOTIC: [2] call_user_func() expects parameter 1 to be a valid callback, no array or string given E:\xampp\htdocs\bk\ThinkPHP\Library\Think\Upload.class.php 第 170 行.
NOTIC: [2] call_user_func() expects parameter 1 to be a valid callback, no array or string given E:\xampp\htdocs\bk\ThinkPHP\Library\Think\Upload.class.php 第 170 行.
NOTIC: [2] call_user_func() expects parameter 1 to be a valid callback, no array or string given E:\xampp\htdocs\bk\ThinkPHP\Library\Think\Upload.class.php 第 170 行.
ERR: 1146:Table 'test.db_upload_img' doesn't exist
 [ SQL语句 ] : SHOW COLUMNS FROM `db_upload_img`
ERR: 1146:Table 'test.db_upload_img' doesn't exist
 [ SQL语句 ] : SHOW COLUMNS FROM `db_upload_img`

[ 2015-11-30T21:35:08+08:00 ] ::1 /bk/Admin/UpLoad/Uploading
INFO: [ app_init ] --START--
INFO: Run Behavior\BuildLiteBehavior [ RunTime:0.000015s ]
INFO: [ app_init ] --END-- [ RunTime:0.000542s ]
INFO: [ app_begin ] --START--
INFO: Run Behavior\ReadHtmlCacheBehavior [ RunTime:0.000952s ]
INFO: [ app_begin ] --END-- [ RunTime:0.001009s ]
NOTIC: [8] Use of undefined constant funiqid - assumed 'funiqid' E:\xampp\htdocs\bk\Application\Admin\Controller\UpLoadController.class.php 第 17 行.
NOTIC: [2] call_user_func() expects parameter 1 to be a valid callback, no array or string given E:\xampp\htdocs\bk\ThinkPHP\Library\Think\Upload.class.php 第 170 行.
NOTIC: [2] call_user_func() expects parameter 1 to be a valid callback, no array or string given E:\xampp\htdocs\bk\ThinkPHP\Library\Think\Upload.class.php 第 170 行.
NOTIC: [2] call_user_func() expects parameter 1 to be a valid callback, no array or string given E:\xampp\htdocs\bk\ThinkPHP\Library\Think\Upload.class.php 第 170 行.
SQL: SHOW COLUMNS FROM `file` [ RunTime:0.2195s ]
ERR: Think\Model:File方法不存在！

[ 2015-11-30T21:36:34+08:00 ] ::1 /bk/Admin/UpLoad/Uploading
INFO: [ app_init ] --START--
INFO: Run Behavior\BuildLiteBehavior [ RunTime:0.000016s ]
INFO: [ app_init ] --END-- [ RunTime:0.000657s ]
INFO: [ app_begin ] --START--
INFO: Run Behavior\ReadHtmlCacheBehavior [ RunTime:0.001249s ]
INFO: [ app_begin ] --END-- [ RunTime:0.001315s ]
NOTIC: [8] Use of undefined constant funiqid - assumed 'funiqid' E:\xampp\htdocs\bk\Application\Admin\Controller\UpLoadController.class.php 第 17 行.
NOTIC: [2] call_user_func() expects parameter 1 to be a valid callback, no array or string given E:\xampp\htdocs\bk\ThinkPHP\Library\Think\Upload.class.php 第 170 行.
NOTIC: [2] call_user_func() expects parameter 1 to be a valid callback, no array or string given E:\xampp\htdocs\bk\ThinkPHP\Library\Think\Upload.class.php 第 170 行.
NOTIC: [2] call_user_func() expects parameter 1 to be a valid callback, no array or string given E:\xampp\htdocs\bk\ThinkPHP\Library\Think\Upload.class.php 第 170 行.
SQL: SHOW COLUMNS FROM `file` [ RunTime:0.0605s ]
ERR: Think\Model:File方法不存在！

[ 2015-11-30T21:39:11+08:00 ] ::1 /bk/Admin/UpLoad/Uploading
INFO: [ app_init ] --START--
INFO: Run Behavior\BuildLiteBehavior [ RunTime:0.000017s ]
INFO: [ app_init ] --END-- [ RunTime:0.000644s ]
INFO: [ app_begin ] --START--
INFO: Run Behavior\ReadHtmlCacheBehavior [ RunTime:0.001184s ]
INFO: [ app_begin ] --END-- [ RunTime:0.001264s ]
NOTIC: [8] Use of undefined constant funiqid - assumed 'funiqid' E:\xampp\htdocs\bk\Application\Admin\Controller\UpLoadController.class.php 第 17 行.
NOTIC: [2] call_user_func() expects parameter 1 to be a valid callback, no array or string given E:\xampp\htdocs\bk\ThinkPHP\Library\Think\Upload.class.php 第 170 行.
NOTIC: [2] call_user_func() expects parameter 1 to be a valid callback, no array or string given E:\xampp\htdocs\bk\ThinkPHP\Library\Think\Upload.class.php 第 170 行.
NOTIC: [2] call_user_func() expects parameter 1 to be a valid callback, no array or string given E:\xampp\htdocs\bk\ThinkPHP\Library\Think\Upload.class.php 第 170 行.
SQL: SHOW COLUMNS FROM `file` [ RunTime:0.0694s ]
ERR: Think\Model:file方法不存在！

[ 2015-11-30T21:39:35+08:00 ] ::1 /bk/Admin/UpLoad/Uploading
INFO: [ app_init ] --START--
INFO: Run Behavior\BuildLiteBehavior [ RunTime:0.000019s ]
INFO: [ app_init ] --END-- [ RunTime:0.000820s ]
INFO: [ app_begin ] --START--
INFO: Run Behavior\ReadHtmlCacheBehavior [ RunTime:0.001268s ]
INFO: [ app_begin ] --END-- [ RunTime:0.001342s ]
NOTIC: [8] Use of undefined constant funiqid - assumed 'funiqid' E:\xampp\htdocs\bk\Application\Admin\Controller\UpLoadController.class.php 第 17 行.
NOTIC: [2] call_user_func() expects parameter 1 to be a valid callback, no array or string given E:\xampp\htdocs\bk\ThinkPHP\Library\Think\Upload.class.php 第 170 行.
NOTIC: [2] call_user_func() expects parameter 1 to be a valid callback, no array or string given E:\xampp\htdocs\bk\ThinkPHP\Library\Think\Upload.class.php 第 170 行.
NOTIC: [2] call_user_func() expects parameter 1 to be a valid callback, no array or string given E:\xampp\htdocs\bk\ThinkPHP\Library\Think\Upload.class.php 第 170 行.
SQL: SHOW COLUMNS FROM `file` [ RunTime:0.0203s ]
ERR: Think\Model:file方法不存在！

[ 2015-11-30T21:51:55+08:00 ] ::1 /bk/Admin/UpLoad/Uploading
INFO: [ app_init ] --START--
INFO: Run Behavior\BuildLiteBehavior [ RunTime:0.000016s ]
INFO: [ app_init ] --END-- [ RunTime:0.000621s ]
INFO: [ app_begin ] --START--
INFO: Run Behavior\ReadHtmlCacheBehavior [ RunTime:0.001034s ]
INFO: [ app_begin ] --END-- [ RunTime:0.001098s ]
NOTIC: [8] Use of undefined constant funiqid - assumed 'funiqid' E:\xampp\htdocs\bk\Application\Admin\Controller\UpLoadController.class.php 第 17 行.
NOTIC: [2] call_user_func() expects parameter 1 to be a valid callback, no array or string given E:\xampp\htdocs\bk\ThinkPHP\Library\Think\Upload.class.php 第 170 行.
NOTIC: [2] call_user_func() expects parameter 1 to be a valid callback, no array or string given E:\xampp\htdocs\bk\ThinkPHP\Library\Think\Upload.class.php 第 170 行.
NOTIC: [2] call_user_func() expects parameter 1 to be a valid callback, no array or string given E:\xampp\htdocs\bk\ThinkPHP\Library\Think\Upload.class.php 第 170 行.
ERR: SQLSTATE[HY000] [1049] Unknown database 'test'

[ 2015-11-30T21:53:01+08:00 ] ::1 /bk/Admin/UpLoad/Uploading
INFO: [ app_init ] --START--
INFO: Run Behavior\BuildLiteBehavior [ RunTime:0.000018s ]
INFO: [ app_init ] --END-- [ RunTime:0.000831s ]
INFO: [ app_begin ] --START--
INFO: Run Behavior\ReadHtmlCacheBehavior [ RunTime:0.001391s ]
INFO: [ app_begin ] --END-- [ RunTime:0.001475s ]
NOTIC: [8] Use of undefined constant funiqid - assumed 'funiqid' E:\xampp\htdocs\bk\Application\Admin\Controller\UpLoadController.class.php 第 17 行.
NOTIC: [2] call_user_func() expects parameter 1 to be a valid callback, no array or string given E:\xampp\htdocs\bk\ThinkPHP\Library\Think\Upload.class.php 第 170 行.
NOTIC: [2] call_user_func() expects parameter 1 to be a valid callback, no array or string given E:\xampp\htdocs\bk\ThinkPHP\Library\Think\Upload.class.php 第 170 行.
NOTIC: [2] call_user_func() expects parameter 1 to be a valid callback, no array or string given E:\xampp\htdocs\bk\ThinkPHP\Library\Think\Upload.class.php 第 170 行.
ERR: 1146:Table 'bk.file' doesn't exist
 [ SQL语句 ] : SHOW COLUMNS FROM `file`
ERR: 1146:Table 'bk.file' doesn't exist
 [ SQL语句 ] : SHOW COLUMNS FROM `file`

[ 2015-11-30T21:54:00+08:00 ] ::1 /bk/Admin/UpLoad/Uploading
INFO: [ app_init ] --START--
INFO: Run Behavior\BuildLiteBehavior [ RunTime:0.000023s ]
INFO: [ app_init ] --END-- [ RunTime:0.000774s ]
INFO: [ app_begin ] --START--
INFO: Run Behavior\ReadHtmlCacheBehavior [ RunTime:0.001113s ]
INFO: [ app_begin ] --END-- [ RunTime:0.001184s ]
NOTIC: [8] Use of undefined constant funiqid - assumed 'funiqid' E:\xampp\htdocs\bk\Application\Admin\Controller\UpLoadController.class.php 第 17 行.
NOTIC: [2] call_user_func() expects parameter 1 to be a valid callback, no array or string given E:\xampp\htdocs\bk\ThinkPHP\Library\Think\Upload.class.php 第 170 行.
NOTIC: [2] call_user_func() expects parameter 1 to be a valid callback, no array or string given E:\xampp\htdocs\bk\ThinkPHP\Library\Think\Upload.class.php 第 170 行.
NOTIC: [2] call_user_func() expects parameter 1 to be a valid callback, no array or string given E:\xampp\htdocs\bk\ThinkPHP\Library\Think\Upload.class.php 第 170 行.
SQL: SHOW COLUMNS FROM `bk_page` [ RunTime:0.0523s ]
ERR: Think\Model:file方法不存在！

[ 2015-11-30T21:55:02+08:00 ] ::1 /bk/Admin/UpLoad/Uploading
INFO: [ app_init ] --START--
INFO: Run Behavior\BuildLiteBehavior [ RunTime:0.000016s ]
INFO: [ app_init ] --END-- [ RunTime:0.000610s ]
INFO: [ app_begin ] --START--
INFO: Run Behavior\ReadHtmlCacheBehavior [ RunTime:0.001265s ]
INFO: [ app_begin ] --END-- [ RunTime:0.001334s ]
NOTIC: [8] Use of undefined constant funiqid - assumed 'funiqid' E:\xampp\htdocs\bk\Application\Admin\Controller\UpLoadController.class.php 第 17 行.
NOTIC: [2] call_user_func() expects parameter 1 to be a valid callback, no array or string given E:\xampp\htdocs\bk\ThinkPHP\Library\Think\Upload.class.php 第 170 行.
NOTIC: [2] call_user_func() expects parameter 1 to be a valid callback, no array or string given E:\xampp\htdocs\bk\ThinkPHP\Library\Think\Upload.class.php 第 170 行.
NOTIC: [2] call_user_func() expects parameter 1 to be a valid callback, no array or string given E:\xampp\htdocs\bk\ThinkPHP\Library\Think\Upload.class.php 第 170 行.
SQL: SHOW COLUMNS FROM `bk_page` [ RunTime:0.0720s ]
ERR: Think\Model:file方法不存在！

[ 2015-11-30T21:56:06+08:00 ] ::1 /bk/Admin/UpLoad/Uploading
INFO: [ app_init ] --START--
INFO: Run Behavior\BuildLiteBehavior [ RunTime:0.000016s ]
INFO: [ app_init ] --END-- [ RunTime:0.000632s ]
INFO: [ app_begin ] --START--
INFO: Run Behavior\ReadHtmlCacheBehavior [ RunTime:0.001100s ]
INFO: [ app_begin ] --END-- [ RunTime:0.001173s ]
NOTIC: [8] Use of undefined constant funiqid - assumed 'funiqid' E:\xampp\htdocs\bk\Application\Admin\Controller\UpLoadController.class.php 第 17 行.
NOTIC: [2] call_user_func() expects parameter 1 to be a valid callback, no array or string given E:\xampp\htdocs\bk\ThinkPHP\Library\Think\Upload.class.php 第 170 行.
NOTIC: [2] call_user_func() expects parameter 1 to be a valid callback, no array or string given E:\xampp\htdocs\bk\ThinkPHP\Library\Think\Upload.class.php 第 170 行.
NOTIC: [2] call_user_func() expects parameter 1 to be a valid callback, no array or string given E:\xampp\htdocs\bk\ThinkPHP\Library\Think\Upload.class.php 第 170 行.
SQL: SHOW COLUMNS FROM `bk_page` [ RunTime:0.0567s ]
ERR: Think\Model:file方法不存在！

[ 2015-11-30T21:56:27+08:00 ] ::1 /bk/Admin/UpLoad/Uploading
INFO: [ app_init ] --START--
INFO: Run Behavior\BuildLiteBehavior [ RunTime:0.000016s ]
INFO: [ app_init ] --END-- [ RunTime:0.000633s ]
INFO: [ app_begin ] --START--
INFO: Run Behavior\ReadHtmlCacheBehavior [ RunTime:0.001101s ]
INFO: [ app_begin ] --END-- [ RunTime:0.001160s ]
NOTIC: [8] Use of undefined constant funiqid - assumed 'funiqid' E:\xampp\htdocs\bk\Application\Admin\Controller\UpLoadController.class.php 第 17 行.
NOTIC: [2] call_user_func() expects parameter 1 to be a valid callback, no array or string given E:\xampp\htdocs\bk\ThinkPHP\Library\Think\Upload.class.php 第 170 行.
NOTIC: [2] call_user_func() expects parameter 1 to be a valid callback, no array or string given E:\xampp\htdocs\bk\ThinkPHP\Library\Think\Upload.class.php 第 170 行.
NOTIC: [2] call_user_func() expects parameter 1 to be a valid callback, no array or string given E:\xampp\htdocs\bk\ThinkPHP\Library\Think\Upload.class.php 第 170 行.
ERR: 1146:Table 'bk.page' doesn't exist
 [ SQL语句 ] : SHOW COLUMNS FROM `page`
ERR: 1146:Table 'bk.page' doesn't exist
 [ SQL语句 ] : SHOW COLUMNS FROM `page`

[ 2015-11-30T21:57:13+08:00 ] ::1 /bk/Admin/UpLoad/Uploading
INFO: [ app_init ] --START--
INFO: Run Behavior\BuildLiteBehavior [ RunTime:0.000027s ]
INFO: [ app_init ] --END-- [ RunTime:0.000658s ]
INFO: [ app_begin ] --START--
INFO: Run Behavior\ReadHtmlCacheBehavior [ RunTime:0.001383s ]
INFO: [ app_begin ] --END-- [ RunTime:0.001459s ]
NOTIC: [8] Use of undefined constant funiqid - assumed 'funiqid' E:\xampp\htdocs\bk\Application\Admin\Controller\UpLoadController.class.php 第 17 行.
NOTIC: [2] call_user_func() expects parameter 1 to be a valid callback, no array or string given E:\xampp\htdocs\bk\ThinkPHP\Library\Think\Upload.class.php 第 170 行.
NOTIC: [2] call_user_func() expects parameter 1 to be a valid callback, no array or string given E:\xampp\htdocs\bk\ThinkPHP\Library\Think\Upload.class.php 第 170 行.
NOTIC: [2] call_user_func() expects parameter 1 to be a valid callback, no array or string given E:\xampp\htdocs\bk\ThinkPHP\Library\Think\Upload.class.php 第 170 行.
ERR: 1146:Table 'bk.page' doesn't exist
 [ SQL语句 ] : SHOW COLUMNS FROM `page`
ERR: 1146:Table 'bk.page' doesn't exist
 [ SQL语句 ] : SHOW COLUMNS FROM `page`

[ 2015-11-30T21:57:16+08:00 ] ::1 /bk/Admin/UpLoad/Uploading
INFO: [ app_init ] --START--
INFO: Run Behavior\BuildLiteBehavior [ RunTime:0.000017s ]
INFO: [ app_init ] --END-- [ RunTime:0.000655s ]
INFO: [ app_begin ] --START--
INFO: Run Behavior\ReadHtmlCacheBehavior [ RunTime:0.000963s ]
INFO: [ app_begin ] --END-- [ RunTime:0.001021s ]
NOTIC: [8] Use of undefined constant funiqid - assumed 'funiqid' E:\xampp\htdocs\bk\Application\Admin\Controller\UpLoadController.class.php 第 17 行.
NOTIC: [2] call_user_func() expects parameter 1 to be a valid callback, no array or string given E:\xampp\htdocs\bk\ThinkPHP\Library\Think\Upload.class.php 第 170 行.
NOTIC: [2] call_user_func() expects parameter 1 to be a valid callback, no array or string given E:\xampp\htdocs\bk\ThinkPHP\Library\Think\Upload.class.php 第 170 行.
NOTIC: [2] call_user_func() expects parameter 1 to be a valid callback, no array or string given E:\xampp\htdocs\bk\ThinkPHP\Library\Think\Upload.class.php 第 170 行.
ERR: 1146:Table 'bk.page' doesn't exist
 [ SQL语句 ] : SHOW COLUMNS FROM `page`
ERR: 1146:Table 'bk.page' doesn't exist
 [ SQL语句 ] : SHOW COLUMNS FROM `page`

[ 2015-11-30T22:00:13+08:00 ] ::1 /bk/Admin/UpLoad/Uploading
INFO: [ app_init ] --START--
INFO: Run Behavior\BuildLiteBehavior [ RunTime:0.000017s ]
INFO: [ app_init ] --END-- [ RunTime:0.000792s ]
INFO: [ app_begin ] --START--
INFO: Run Behavior\ReadHtmlCacheBehavior [ RunTime:0.001786s ]
INFO: [ app_begin ] --END-- [ RunTime:0.001883s ]
NOTIC: [8] Use of undefined constant funiqid - assumed 'funiqid' E:\xampp\htdocs\bk\Application\Admin\Controller\UpLoadController.class.php 第 17 行.
NOTIC: [2] call_user_func() expects parameter 1 to be a valid callback, no array or string given E:\xampp\htdocs\bk\ThinkPHP\Library\Think\Upload.class.php 第 170 行.
NOTIC: [2] call_user_func() expects parameter 1 to be a valid callback, no array or string given E:\xampp\htdocs\bk\ThinkPHP\Library\Think\Upload.class.php 第 170 行.
NOTIC: [2] call_user_func() expects parameter 1 to be a valid callback, no array or string given E:\xampp\htdocs\bk\ThinkPHP\Library\Think\Upload.class.php 第 170 行.
ERR: 1146:Table 'bk.page' doesn't exist
 [ SQL语句 ] : SHOW COLUMNS FROM `page`
ERR: 1146:Table 'bk.page' doesn't exist
 [ SQL语句 ] : SHOW COLUMNS FROM `page`

[ 2015-11-30T22:01:30+08:00 ] ::1 /bk/Admin/UpLoad/Uploading
INFO: [ app_init ] --START--
INFO: Run Behavior\BuildLiteBehavior [ RunTime:0.000018s ]
INFO: [ app_init ] --END-- [ RunTime:0.000855s ]
INFO: [ app_begin ] --START--
INFO: Run Behavior\ReadHtmlCacheBehavior [ RunTime:0.000989s ]
INFO: [ app_begin ] --END-- [ RunTime:0.001046s ]
NOTIC: [8] Use of undefined constant funiqid - assumed 'funiqid' E:\xampp\htdocs\bk\Application\Admin\Controller\UpLoadController.class.php 第 17 行.
NOTIC: [2] call_user_func() expects parameter 1 to be a valid callback, no array or string given E:\xampp\htdocs\bk\ThinkPHP\Library\Think\Upload.class.php 第 170 行.
NOTIC: [2] call_user_func() expects parameter 1 to be a valid callback, no array or string given E:\xampp\htdocs\bk\ThinkPHP\Library\Think\Upload.class.php 第 170 行.
NOTIC: [2] call_user_func() expects parameter 1 to be a valid callback, no array or string given E:\xampp\htdocs\bk\ThinkPHP\Library\Think\Upload.class.php 第 170 行.
SQL: SHOW COLUMNS FROM `bk_page` [ RunTime:0.0628s ]
ERR: Think\Model:file方法不存在！

[ 2015-11-30T22:02:31+08:00 ] ::1 /bk/Admin/UpLoad/Uploading
INFO: [ app_init ] --START--
INFO: Run Behavior\BuildLiteBehavior [ RunTime:0.000016s ]
INFO: [ app_init ] --END-- [ RunTime:0.000591s ]
INFO: [ app_begin ] --START--
INFO: Run Behavior\ReadHtmlCacheBehavior [ RunTime:0.001416s ]
INFO: [ app_begin ] --END-- [ RunTime:0.001502s ]
NOTIC: [8] Use of undefined constant funiqid - assumed 'funiqid' E:\xampp\htdocs\bk\Application\Admin\Controller\UpLoadController.class.php 第 17 行.
NOTIC: [2] call_user_func() expects parameter 1 to be a valid callback, no array or string given E:\xampp\htdocs\bk\ThinkPHP\Library\Think\Upload.class.php 第 170 行.
NOTIC: [2] call_user_func() expects parameter 1 to be a valid callback, no array or string given E:\xampp\htdocs\bk\ThinkPHP\Library\Think\Upload.class.php 第 170 行.
NOTIC: [2] call_user_func() expects parameter 1 to be a valid callback, no array or string given E:\xampp\htdocs\bk\ThinkPHP\Library\Think\Upload.class.php 第 170 行.

[ 2015-11-30T22:02:51+08:00 ] ::1 /bk/Admin/UpLoad/Uploading
INFO: [ app_init ] --START--
INFO: Run Behavior\BuildLiteBehavior [ RunTime:0.000016s ]
INFO: [ app_init ] --END-- [ RunTime:0.000663s ]
INFO: [ app_begin ] --START--
INFO: Run Behavior\ReadHtmlCacheBehavior [ RunTime:0.001371s ]
INFO: [ app_begin ] --END-- [ RunTime:0.001432s ]
NOTIC: [8] Use of undefined constant funiqid - assumed 'funiqid' E:\xampp\htdocs\bk\Application\Admin\Controller\UpLoadController.class.php 第 17 行.
NOTIC: [2] call_user_func() expects parameter 1 to be a valid callback, no array or string given E:\xampp\htdocs\bk\ThinkPHP\Library\Think\Upload.class.php 第 170 行.
NOTIC: [2] call_user_func() expects parameter 1 to be a valid callback, no array or string given E:\xampp\htdocs\bk\ThinkPHP\Library\Think\Upload.class.php 第 170 行.
NOTIC: [2] call_user_func() expects parameter 1 to be a valid callback, no array or string given E:\xampp\htdocs\bk\ThinkPHP\Library\Think\Upload.class.php 第 170 行.

[ 2015-11-30T22:03:07+08:00 ] ::1 /bk/Admin/UpLoad/Uploading
INFO: [ app_init ] --START--
INFO: Run Behavior\BuildLiteBehavior [ RunTime:0.000017s ]
INFO: [ app_init ] --END-- [ RunTime:0.000611s ]
INFO: [ app_begin ] --START--
INFO: Run Behavior\ReadHtmlCacheBehavior [ RunTime:0.001108s ]
INFO: [ app_begin ] --END-- [ RunTime:0.001163s ]
NOTIC: [8] Use of undefined constant funiqid - assumed 'funiqid' E:\xampp\htdocs\bk\Application\Admin\Controller\UpLoadController.class.php 第 17 行.
NOTIC: [2] call_user_func() expects parameter 1 to be a valid callback, no array or string given E:\xampp\htdocs\bk\ThinkPHP\Library\Think\Upload.class.php 第 170 行.
NOTIC: [2] call_user_func() expects parameter 1 to be a valid callback, no array or string given E:\xampp\htdocs\bk\ThinkPHP\Library\Think\Upload.class.php 第 170 行.
NOTIC: [2] call_user_func() expects parameter 1 to be a valid callback, no array or string given E:\xampp\htdocs\bk\ThinkPHP\Library\Think\Upload.class.php 第 170 行.

[ 2015-11-30T22:07:17+08:00 ] ::1 /bk/Admin/UpLoad/Uploading
INFO: [ app_init ] --START--
INFO: Run Behavior\BuildLiteBehavior [ RunTime:0.000030s ]
INFO: [ app_init ] --END-- [ RunTime:0.001252s ]
INFO: [ app_begin ] --START--
INFO: Run Behavior\ReadHtmlCacheBehavior [ RunTime:0.001165s ]
INFO: [ app_begin ] --END-- [ RunTime:0.001244s ]
NOTIC: [8] Use of undefined constant funiqid - assumed 'funiqid' E:\xampp\htdocs\bk\Application\Admin\Controller\UpLoadController.class.php 第 17 行.
NOTIC: [2] call_user_func() expects parameter 1 to be a valid callback, no array or string given E:\xampp\htdocs\bk\ThinkPHP\Library\Think\Upload.class.php 第 170 行.
NOTIC: [2] call_user_func() expects parameter 1 to be a valid callback, no array or string given E:\xampp\htdocs\bk\ThinkPHP\Library\Think\Upload.class.php 第 170 行.
NOTIC: [2] call_user_func() expects parameter 1 to be a valid callback, no array or string given E:\xampp\htdocs\bk\ThinkPHP\Library\Think\Upload.class.php 第 170 行.
SQL: SHOW COLUMNS FROM `bk_page` [ RunTime:0.0617s ]
SQL: SHOW COLUMNS FROM `bk_page` [ RunTime:0.0583s ]
SQL: INSERT INTO `bk_page` () VALUES () [ RunTime:0.0642s ]
ERR: 1062:Duplicate entry '' for key 'PRIMARY'
 [ SQL语句 ] : INSERT INTO `bk_page` () VALUES ()
ERR: 1062:Duplicate entry '' for key 'PRIMARY'
 [ SQL语句 ] : INSERT INTO `bk_page` () VALUES ()

[ 2015-11-30T22:07:33+08:00 ] ::1 /bk/Admin/UpLoad/Uploading
INFO: [ app_init ] --START--
INFO: Run Behavior\BuildLiteBehavior [ RunTime:0.000017s ]
INFO: [ app_init ] --END-- [ RunTime:0.000632s ]
INFO: [ app_begin ] --START--
INFO: Run Behavior\ReadHtmlCacheBehavior [ RunTime:0.001107s ]
INFO: [ app_begin ] --END-- [ RunTime:0.001163s ]
NOTIC: [8] Use of undefined constant funiqid - assumed 'funiqid' E:\xampp\htdocs\bk\Application\Admin\Controller\UpLoadController.class.php 第 17 行.
NOTIC: [2] call_user_func() expects parameter 1 to be a valid callback, no array or string given E:\xampp\htdocs\bk\ThinkPHP\Library\Think\Upload.class.php 第 170 行.
NOTIC: [2] call_user_func() expects parameter 1 to be a valid callback, no array or string given E:\xampp\htdocs\bk\ThinkPHP\Library\Think\Upload.class.php 第 170 行.
NOTIC: [2] call_user_func() expects parameter 1 to be a valid callback, no array or string given E:\xampp\htdocs\bk\ThinkPHP\Library\Think\Upload.class.php 第 170 行.
SQL: SHOW COLUMNS FROM `bk_page` [ RunTime:0.0607s ]
SQL: SHOW COLUMNS FROM `bk_page` [ RunTime:0.0605s ]
SQL: INSERT INTO `bk_page` (`key`) VALUES ('565c5823eadad.jpg') [ RunTime:0.0683s ]
SQL: INSERT INTO `bk_page` (`key`) VALUES ('565c5823ec276.jpg') [ RunTime:0.0651s ]
SQL: INSERT INTO `bk_page` (`key`) VALUES ('565c5823ed53d.jpg') [ RunTime:0.0640s ]
INFO: [ view_parse ] --START--
INFO: [ template_filter ] --START--
INFO: Run Behavior\ContentReplaceBehavior [ RunTime:0.000079s ]
INFO: [ template_filter ] --END-- [ RunTime:0.000162s ]
INFO: Run Behavior\ParseTemplateBehavior [ RunTime:0.518682s ]
INFO: [ view_parse ] --END-- [ RunTime:0.518769s ]
INFO: [ view_filter ] --START--
INFO: Run Behavior\WriteHtmlCacheBehavior [ RunTime:0.025602s ]
INFO: [ view_filter ] --END-- [ RunTime:0.025763s ]
INFO: [ app_end ] --START--
INFO: Run Behavior\ShowPageTraceBehavior [ RunTime:0.016179s ]
INFO: [ app_end ] --END-- [ RunTime:0.016261s ]

[ 2015-11-30T22:07:34+08:00 ] ::1 /bk/Admin/UpLoad/main
INFO: [ app_init ] --START--
INFO: Run Behavior\BuildLiteBehavior [ RunTime:0.000027s ]
INFO: [ app_init ] --END-- [ RunTime:0.001481s ]
INFO: [ app_begin ] --START--
INFO: Run Behavior\ReadHtmlCacheBehavior [ RunTime:0.001356s ]
INFO: [ app_begin ] --END-- [ RunTime:0.001449s ]
INFO: [ view_parse ] --START--
INFO: [ template_filter ] --START--
INFO: Run Behavior\ContentReplaceBehavior [ RunTime:0.000057s ]
INFO: [ template_filter ] --END-- [ RunTime:0.000131s ]
NOTIC: [8] Undefined variable: filelist E:\xampp\htdocs\bk\Application\Runtime\Cache\Admin\dd64a725afe957655c8027ac1e8eb07f.php 第 7 行.
INFO: Run Behavior\ParseTemplateBehavior [ RunTime:0.152485s ]
INFO: [ view_parse ] --END-- [ RunTime:0.152554s ]
INFO: [ view_filter ] --START--
INFO: Run Behavior\WriteHtmlCacheBehavior [ RunTime:0.000994s ]
INFO: [ view_filter ] --END-- [ RunTime:0.001052s ]
INFO: [ app_end ] --START--
INFO: Run Behavior\ShowPageTraceBehavior [ RunTime:0.001103s ]
INFO: [ app_end ] --END-- [ RunTime:0.001156s ]

[ 2015-11-30T22:21:16+08:00 ] ::1 /bk/Admin/UpLoad/main
INFO: [ app_init ] --START--
INFO: Run Behavior\BuildLiteBehavior [ RunTime:0.000020s ]
INFO: [ app_init ] --END-- [ RunTime:0.000780s ]
INFO: [ app_begin ] --START--
INFO: Run Behavior\ReadHtmlCacheBehavior [ RunTime:0.001210s ]
INFO: [ app_begin ] --END-- [ RunTime:0.001284s ]
INFO: [ view_parse ] --START--
INFO: [ template_filter ] --START--
INFO: Run Behavior\ContentReplaceBehavior [ RunTime:0.000048s ]
INFO: [ template_filter ] --END-- [ RunTime:0.000117s ]
NOTIC: [8] Undefined variable: filelist E:\xampp\htdocs\bk\Application\Runtime\Cache\Admin\dd64a725afe957655c8027ac1e8eb07f.php 第 7 行.
INFO: Run Behavior\ParseTemplateBehavior [ RunTime:0.045761s ]
INFO: [ view_parse ] --END-- [ RunTime:0.045832s ]
INFO: [ view_filter ] --START--
INFO: Run Behavior\WriteHtmlCacheBehavior [ RunTime:0.000754s ]
INFO: [ view_filter ] --END-- [ RunTime:0.000805s ]
INFO: [ app_end ] --START--
INFO: Run Behavior\ShowPageTraceBehavior [ RunTime:0.001137s ]
INFO: [ app_end ] --END-- [ RunTime:0.001211s ]

